<?xml version="1.0" encoding="utf-8"?>
<CoverageSession xmlns:xsd="http://www.w3.org/2001/XMLSchema" xmlns:xsi="http://www.w3.org/2001/XMLSchema-instance" Version="0.0.0.0">
  <Summary numSequencePoints="814" visitedSequencePoints="618" numBranchPoints="0" visitedBranchPoints="0" sequenceCoverage="75.92" branchCoverage="0.0" maxCyclomaticComplexity="0" minCyclomaticComplexity="0" maxCrapScore="0" minCrapScore="0" visitedClasses="58" numClasses="60" visitedMethods="138" numMethods="149" />
  <Modules>
    <Module>
      <Summary numSequencePoints="24" visitedSequencePoints="18" numBranchPoints="0" visitedBranchPoints="0" sequenceCoverage="75.00" branchCoverage="0.0" maxCyclomaticComplexity="0" minCyclomaticComplexity="0" maxCrapScore="0" minCrapScore="0" visitedClasses="4" numClasses="4" visitedMethods="5" numMethods="5" />
      <ModuleTime>0001-01-01T00:00:00</ModuleTime>
      <ModuleName>Application</ModuleName>
      <Files>
        <File uid="1" fullPath="C:/Users/daper/source/repos/ci0126_et01_c15906-daniel_c11993-jean_paul/Frontend/Assets/Scripts/src/Application/Installers/AppLayerInstaller.cs" />
        <File uid="2" fullPath="C:/Users/daper/source/repos/ci0126_et01_c15906-daniel_c11993-jean_paul/Frontend/Assets/Scripts/src/Application/UseCases/CareerUseCase.cs" />
      </Files>
      <Classes>
        <Class>
          <Summary numSequencePoints="7" visitedSequencePoints="7" numBranchPoints="0" visitedBranchPoints="0" sequenceCoverage="100.0" branchCoverage="0.0" maxCyclomaticComplexity="0" minCyclomaticComplexity="0" maxCrapScore="0" minCrapScore="0" visitedClasses="1" numClasses="1" visitedMethods="2" numMethods="2" />
          <FullName>TechnicalEvaluation.Application.UseCases.CareerUseCase</FullName>
          <Methods>
            <Method visited="true" cyclomaticComplexity="0" nPathComplexity="0" sequenceCoverage="100.0" branchCoverage="0" crapScore="0" isConstructor="true" isStatic="false" isGetter="false" isSetter="false">
              <Summary numSequencePoints="4" visitedSequencePoints="4" numBranchPoints="0" visitedBranchPoints="0" sequenceCoverage="100.0" branchCoverage="0" maxCyclomaticComplexity="0" minCyclomaticComplexity="0" maxCrapScore="0" minCrapScore="0" visitedClasses="0" numClasses="0" visitedMethods="1" numMethods="1" />
              <MetadataToken>100663304</MetadataToken>
              <Name>TechnicalEvaluation.Application.UseCases.CareerUseCase::CareerUseCase(TechnicalEvaluation.Application.Repositories.ICareerRepository)</Name>
              <FileRef uid="2" />
              <SequencePoints>
                <SequencePoint vc="12" uspid="20" ordinal="0" offset="0" sl="28" sc="9" el="28" ec="9" bec="0" bev="0" fileid="2" />
                <SequencePoint vc="12" uspid="21" ordinal="0" offset="7" sl="29" sc="9" el="29" ec="9" bec="0" bev="0" fileid="2" />
                <SequencePoint vc="12" uspid="22" ordinal="0" offset="8" sl="30" sc="13" el="30" ec="13" bec="0" bev="0" fileid="2" />
                <SequencePoint vc="12" uspid="23" ordinal="0" offset="15" sl="31" sc="9" el="31" ec="9" bec="0" bev="0" fileid="2" />
              </SequencePoints>
              <BranchPoints />
            </Method>
            <Method visited="true" cyclomaticComplexity="0" nPathComplexity="0" sequenceCoverage="100.0" branchCoverage="0" crapScore="0" isConstructor="true" isStatic="false" isGetter="false" isSetter="false">
              <Summary numSequencePoints="3" visitedSequencePoints="3" numBranchPoints="0" visitedBranchPoints="0" sequenceCoverage="100.0" branchCoverage="0" maxCyclomaticComplexity="0" minCyclomaticComplexity="0" maxCrapScore="0" minCrapScore="0" visitedClasses="0" numClasses="0" visitedMethods="1" numMethods="1" />
              <MetadataToken>100663309</MetadataToken>
              <Name>TechnicalEvaluation.Application.UseCases.CareerUseCase::CareerUseCase()</Name>
              <FileRef uid="2" />
              <SequencePoints>
                <SequencePoint vc="6" uspid="24" ordinal="0" offset="0" sl="82" sc="9" el="82" ec="9" bec="0" bev="0" fileid="2" />
                <SequencePoint vc="6" uspid="25" ordinal="0" offset="7" sl="83" sc="9" el="83" ec="9" bec="0" bev="0" fileid="2" />
                <SequencePoint vc="6" uspid="26" ordinal="0" offset="8" sl="85" sc="9" el="85" ec="9" bec="0" bev="0" fileid="2" />
              </SequencePoints>
              <BranchPoints />
            </Method>
          </Methods>
        </Class>
        <Class>
          <Summary numSequencePoints="5" visitedSequencePoints="3" numBranchPoints="0" visitedBranchPoints="0" sequenceCoverage="60.00" branchCoverage="0.0" maxCyclomaticComplexity="0" minCyclomaticComplexity="0" maxCrapScore="0" minCrapScore="0" visitedClasses="1" numClasses="1" visitedMethods="1" numMethods="1" />
          <FullName>TechnicalEvaluation.Application.UseCases.CareerUseCase/&lt;GetAllCareersAsync&gt;d__5</FullName>
          <Methods>
            <Method visited="true" cyclomaticComplexity="0" nPathComplexity="0" sequenceCoverage="60.00" branchCoverage="0" crapScore="0" isConstructor="false" isStatic="false" isGetter="false" isSetter="false">
              <Summary numSequencePoints="5" visitedSequencePoints="3" numBranchPoints="0" visitedBranchPoints="0" sequenceCoverage="60.00" branchCoverage="0" maxCyclomaticComplexity="0" minCyclomaticComplexity="0" maxCrapScore="0" minCrapScore="0" visitedClasses="0" numClasses="0" visitedMethods="1" numMethods="1" />
              <MetadataToken>100663320</MetadataToken>
              <Name>System.Void TechnicalEvaluation.Application.UseCases.CareerUseCase/&lt;GetAllCareersAsync&gt;d__5::MoveNext()</Name>
              <FileRef uid="2" />
              <SequencePoints>
                <SequencePoint vc="4" uspid="27" ordinal="0" offset="14" sl="62" sc="9" el="62" ec="9" bec="0" bev="0" fileid="2" />
                <SequencePoint vc="4" uspid="28" ordinal="0" offset="15" sl="63" sc="13" el="63" ec="13" bec="0" bev="0" fileid="2" />
                <SequencePoint vc="0" uspid="29" ordinal="0" offset="55" sl="63" sc="13" el="63" ec="13" bec="0" bev="0" fileid="2" />
                <SequencePoint vc="0" uspid="30" ordinal="0" offset="82" sl="63" sc="13" el="63" ec="13" bec="0" bev="0" fileid="2" />
                <SequencePoint vc="4" uspid="31" ordinal="0" offset="158" sl="64" sc="9" el="64" ec="9" bec="0" bev="0" fileid="2" />
              </SequencePoints>
              <BranchPoints />
            </Method>
          </Methods>
        </Class>
        <Class>
          <Summary numSequencePoints="6" visitedSequencePoints="4" numBranchPoints="0" visitedBranchPoints="0" sequenceCoverage="66.67" branchCoverage="0.0" maxCyclomaticComplexity="0" minCyclomaticComplexity="0" maxCrapScore="0" minCrapScore="0" visitedClasses="1" numClasses="1" visitedMethods="1" numMethods="1" />
          <FullName>TechnicalEvaluation.Application.UseCases.CareerUseCase/&lt;GetCareerByIdAsync&gt;d__4</FullName>
          <Methods>
            <Method visited="true" cyclomaticComplexity="0" nPathComplexity="0" sequenceCoverage="66.67" branchCoverage="0" crapScore="0" isConstructor="false" isStatic="false" isGetter="false" isSetter="false">
              <Summary numSequencePoints="6" visitedSequencePoints="4" numBranchPoints="0" visitedBranchPoints="0" sequenceCoverage="66.67" branchCoverage="0" maxCyclomaticComplexity="0" minCyclomaticComplexity="0" maxCrapScore="0" minCrapScore="0" visitedClasses="0" numClasses="0" visitedMethods="1" numMethods="1" />
              <MetadataToken>100663323</MetadataToken>
              <Name>System.Void TechnicalEvaluation.Application.UseCases.CareerUseCase/&lt;GetCareerByIdAsync&gt;d__4::MoveNext()</Name>
              <FileRef uid="2" />
              <SequencePoints>
                <SequencePoint vc="4" uspid="32" ordinal="0" offset="14" sl="52" sc="9" el="52" ec="9" bec="0" bev="0" fileid="2" />
                <SequencePoint vc="4" uspid="33" ordinal="0" offset="15" sl="53" sc="13" el="53" ec="13" bec="0" bev="0" fileid="2" />
                <SequencePoint vc="2" uspid="34" ordinal="0" offset="32" sl="54" sc="13" el="54" ec="13" bec="0" bev="0" fileid="2" />
                <SequencePoint vc="0" uspid="35" ordinal="0" offset="78" sl="54" sc="13" el="54" ec="13" bec="0" bev="0" fileid="2" />
                <SequencePoint vc="0" uspid="36" ordinal="0" offset="105" sl="54" sc="13" el="54" ec="13" bec="0" bev="0" fileid="2" />
                <SequencePoint vc="2" uspid="37" ordinal="0" offset="188" sl="55" sc="9" el="55" ec="9" bec="0" bev="0" fileid="2" />
              </SequencePoints>
              <BranchPoints />
            </Method>
          </Methods>
        </Class>
        <Class>
          <Summary numSequencePoints="6" visitedSequencePoints="4" numBranchPoints="0" visitedBranchPoints="0" sequenceCoverage="66.67" branchCoverage="0.0" maxCyclomaticComplexity="0" minCyclomaticComplexity="0" maxCrapScore="0" minCrapScore="0" visitedClasses="1" numClasses="1" visitedMethods="1" numMethods="1" />
          <FullName>TechnicalEvaluation.Application.UseCases.CareerUseCase/&lt;SearchCareersByNameAsync&gt;d__3</FullName>
          <Methods>
            <Method visited="true" cyclomaticComplexity="0" nPathComplexity="0" sequenceCoverage="66.67" branchCoverage="0" crapScore="0" isConstructor="false" isStatic="false" isGetter="false" isSetter="false">
              <Summary numSequencePoints="6" visitedSequencePoints="4" numBranchPoints="0" visitedBranchPoints="0" sequenceCoverage="66.67" branchCoverage="0" maxCyclomaticComplexity="0" minCyclomaticComplexity="0" maxCrapScore="0" minCrapScore="0" visitedClasses="0" numClasses="0" visitedMethods="1" numMethods="1" />
              <MetadataToken>100663326</MetadataToken>
              <Name>System.Void TechnicalEvaluation.Application.UseCases.CareerUseCase/&lt;SearchCareersByNameAsync&gt;d__3::MoveNext()</Name>
              <FileRef uid="2" />
              <SequencePoints>
                <SequencePoint vc="4" uspid="38" ordinal="0" offset="14" sl="40" sc="9" el="40" ec="9" bec="0" bev="0" fileid="2" />
                <SequencePoint vc="4" uspid="39" ordinal="0" offset="15" sl="41" sc="13" el="41" ec="13" bec="0" bev="0" fileid="2" />
                <SequencePoint vc="2" uspid="40" ordinal="0" offset="32" sl="43" sc="13" el="43" ec="13" bec="0" bev="0" fileid="2" />
                <SequencePoint vc="0" uspid="41" ordinal="0" offset="78" sl="43" sc="13" el="43" ec="13" bec="0" bev="0" fileid="2" />
                <SequencePoint vc="0" uspid="42" ordinal="0" offset="105" sl="43" sc="13" el="43" ec="13" bec="0" bev="0" fileid="2" />
                <SequencePoint vc="2" uspid="43" ordinal="0" offset="188" sl="44" sc="9" el="44" ec="9" bec="0" bev="0" fileid="2" />
              </SequencePoints>
              <BranchPoints />
            </Method>
          </Methods>
        </Class>
      </Classes>
    </Module>
    <Module>
      <Summary numSequencePoints="212" visitedSequencePoints="188" numBranchPoints="0" visitedBranchPoints="0" sequenceCoverage="88.68" branchCoverage="0.0" maxCyclomaticComplexity="0" minCyclomaticComplexity="0" maxCrapScore="0" minCrapScore="0" visitedClasses="23" numClasses="23" visitedMethods="58" numMethods="63" />
      <ModuleTime>0001-01-01T00:00:00</ModuleTime>
      <ModuleName>Domain</ModuleName>
      <Files>
        <File uid="3" fullPath="C:/Users/daper/source/repos/ci0126_et01_c15906-daniel_c11993-jean_paul/Frontend/Assets/Scripts/src/Domain/Core/AggregateRoot.cs" />
        <File uid="4" fullPath="C:/Users/daper/source/repos/ci0126_et01_c15906-daniel_c11993-jean_paul/Frontend/Assets/Scripts/src/Domain/Core/Entity.cs" />
        <File uid="5" fullPath="C:/Users/daper/source/repos/ci0126_et01_c15906-daniel_c11993-jean_paul/Frontend/Assets/Scripts/src/Domain/Core/ValueObject.cs" />
        <File uid="6" fullPath="C:/Users/daper/source/repos/ci0126_et01_c15906-daniel_c11993-jean_paul/Frontend/Assets/Scripts/src/Domain/CareerAggregate/Area.cs" />
        <File uid="7" fullPath="C:/Users/daper/source/repos/ci0126_et01_c15906-daniel_c11993-jean_paul/Frontend/Assets/Scripts/src/Domain/CareerAggregate/AreaDescription.cs" />
        <File uid="8" fullPath="C:/Users/daper/source/repos/ci0126_et01_c15906-daniel_c11993-jean_paul/Frontend/Assets/Scripts/src/Domain/CareerAggregate/Career.cs" />
        <File uid="9" fullPath="C:/Users/daper/source/repos/ci0126_et01_c15906-daniel_c11993-jean_paul/Frontend/Assets/Scripts/src/Domain/CareerAggregate/CareerName.cs" />
        <File uid="10" fullPath="C:/Users/daper/source/repos/ci0126_et01_c15906-daniel_c11993-jean_paul/Frontend/Assets/Scripts/src/Domain/CareerAggregate/Content.cs" />
        <File uid="11" fullPath="C:/Users/daper/source/repos/ci0126_et01_c15906-daniel_c11993-jean_paul/Frontend/Assets/Scripts/src/Domain/CareerAggregate/ContentDescription.cs" />
        <File uid="12" fullPath="C:/Users/daper/source/repos/ci0126_et01_c15906-daniel_c11993-jean_paul/Frontend/Assets/Scripts/src/Domain/CareerAggregate/ContentType.cs" />
        <File uid="13" fullPath="C:/Users/daper/source/repos/ci0126_et01_c15906-daniel_c11993-jean_paul/Frontend/Assets/Scripts/src/Domain/CareerAggregate/ContentTypeId.cs" />
        <File uid="14" fullPath="C:/Users/daper/source/repos/ci0126_et01_c15906-daniel_c11993-jean_paul/Frontend/Assets/Scripts/src/Domain/CareerAggregate/Percentage.cs" />
        <File uid="15" fullPath="C:/Users/daper/source/repos/ci0126_et01_c15906-daniel_c11993-jean_paul/Frontend/Assets/Scripts/src/Domain/CareerAggregate/Scholarship.cs" />
      </Files>
      <Classes>
        <Class>
          <Summary numSequencePoints="6" visitedSequencePoints="3" numBranchPoints="0" visitedBranchPoints="0" sequenceCoverage="50.00" branchCoverage="0.0" maxCyclomaticComplexity="0" minCyclomaticComplexity="0" maxCrapScore="0" minCrapScore="0" visitedClasses="1" numClasses="1" visitedMethods="1" numMethods="2" />
          <FullName>TechnicalEvaluation.Domain.Core.AggregateRoot[TId]</FullName>
          <Methods>
            <Method visited="true" cyclomaticComplexity="0" nPathComplexity="0" sequenceCoverage="100.0" branchCoverage="0" crapScore="0" isConstructor="true" isStatic="false" isGetter="false" isSetter="false">
              <Summary numSequencePoints="3" visitedSequencePoints="3" numBranchPoints="0" visitedBranchPoints="0" sequenceCoverage="100.0" branchCoverage="0" maxCyclomaticComplexity="0" minCyclomaticComplexity="0" maxCrapScore="0" minCrapScore="0" visitedClasses="0" numClasses="0" visitedMethods="1" numMethods="1" />
              <MetadataToken>100663303</MetadataToken>
              <Name>TechnicalEvaluation.Domain.Core.AggregateRoot[TId]::AggregateRoot(TId)</Name>
              <FileRef uid="3" />
              <SequencePoints>
                <SequencePoint vc="70" uspid="44" ordinal="0" offset="0" sl="15" sc="0" el="15" ec="0" bec="0" bev="0" fileid="3" />
                <SequencePoint vc="70" uspid="45" ordinal="0" offset="8" sl="16" sc="0" el="16" ec="0" bec="0" bev="0" fileid="3" />
                <SequencePoint vc="70" uspid="46" ordinal="0" offset="9" sl="17" sc="0" el="17" ec="0" bec="0" bev="0" fileid="3" />
              </SequencePoints>
              <BranchPoints />
            </Method>
            <Method visited="false" cyclomaticComplexity="0" nPathComplexity="0" sequenceCoverage="0.0" branchCoverage="0" crapScore="0" isConstructor="true" isStatic="false" isGetter="false" isSetter="false">
              <Summary numSequencePoints="3" visitedSequencePoints="0" numBranchPoints="0" visitedBranchPoints="0" sequenceCoverage="0.0" branchCoverage="0" maxCyclomaticComplexity="0" minCyclomaticComplexity="0" maxCrapScore="0" minCrapScore="0" visitedClasses="0" numClasses="0" visitedMethods="0" numMethods="1" />
              <MetadataToken>100663304</MetadataToken>
              <Name>TechnicalEvaluation.Domain.Core.AggregateRoot[TId]::AggregateRoot()</Name>
              <FileRef uid="3" />
              <SequencePoints>
                <SequencePoint vc="0" uspid="47" ordinal="0" offset="0" sl="25" sc="0" el="25" ec="0" bec="0" bev="0" fileid="3" />
                <SequencePoint vc="0" uspid="48" ordinal="0" offset="7" sl="26" sc="0" el="26" ec="0" bec="0" bev="0" fileid="3" />
                <SequencePoint vc="0" uspid="49" ordinal="0" offset="8" sl="27" sc="0" el="27" ec="0" bec="0" bev="0" fileid="3" />
              </SequencePoints>
              <BranchPoints />
            </Method>
          </Methods>
        </Class>
        <Class>
          <Summary numSequencePoints="24" visitedSequencePoints="12" numBranchPoints="0" visitedBranchPoints="0" sequenceCoverage="50.00" branchCoverage="0.0" maxCyclomaticComplexity="0" minCyclomaticComplexity="0" maxCrapScore="0" minCrapScore="0" visitedClasses="1" numClasses="1" visitedMethods="5" numMethods="9" />
          <FullName>TechnicalEvaluation.Domain.Core.Entity[TId]</FullName>
          <Methods>
            <Method visited="true" cyclomaticComplexity="0" nPathComplexity="0" sequenceCoverage="100.0" branchCoverage="0" crapScore="0" isConstructor="false" isStatic="false" isGetter="true" isSetter="false">
              <Summary numSequencePoints="1" visitedSequencePoints="1" numBranchPoints="0" visitedBranchPoints="0" sequenceCoverage="100.0" branchCoverage="0" maxCyclomaticComplexity="0" minCyclomaticComplexity="0" maxCrapScore="0" minCrapScore="0" visitedClasses="0" numClasses="0" visitedMethods="1" numMethods="1" />
              <MetadataToken>100663305</MetadataToken>
              <Name>TId TechnicalEvaluation.Domain.Core.Entity[TId]::get_Id()</Name>
              <FileRef uid="4" />
              <SequencePoints>
                <SequencePoint vc="100" uspid="50" ordinal="0" offset="0" sl="16" sc="0" el="16" ec="0" bec="0" bev="0" fileid="4" />
              </SequencePoints>
              <BranchPoints />
            </Method>
            <Method visited="true" cyclomaticComplexity="0" nPathComplexity="0" sequenceCoverage="100.0" branchCoverage="0" crapScore="0" isConstructor="false" isStatic="false" isGetter="false" isSetter="true">
              <Summary numSequencePoints="1" visitedSequencePoints="1" numBranchPoints="0" visitedBranchPoints="0" sequenceCoverage="100.0" branchCoverage="0" maxCyclomaticComplexity="0" minCyclomaticComplexity="0" maxCrapScore="0" minCrapScore="0" visitedClasses="0" numClasses="0" visitedMethods="1" numMethods="1" />
              <MetadataToken>100663306</MetadataToken>
              <Name>System.Void TechnicalEvaluation.Domain.Core.Entity[TId]::set_Id(TId)</Name>
              <FileRef uid="4" />
              <SequencePoints>
                <SequencePoint vc="133" uspid="51" ordinal="0" offset="0" sl="16" sc="0" el="16" ec="0" bec="0" bev="0" fileid="4" />
              </SequencePoints>
              <BranchPoints />
            </Method>
            <Method visited="true" cyclomaticComplexity="0" nPathComplexity="0" sequenceCoverage="100.0" branchCoverage="0" crapScore="0" isConstructor="false" isStatic="false" isGetter="false" isSetter="false">
              <Summary numSequencePoints="3" visitedSequencePoints="3" numBranchPoints="0" visitedBranchPoints="0" sequenceCoverage="100.0" branchCoverage="0" maxCyclomaticComplexity="0" minCyclomaticComplexity="0" maxCrapScore="0" minCrapScore="0" visitedClasses="0" numClasses="0" visitedMethods="1" numMethods="1" />
              <MetadataToken>100663308</MetadataToken>
              <Name>System.Boolean TechnicalEvaluation.Domain.Core.Entity[TId]::Equals(System.Object)</Name>
              <FileRef uid="4" />
              <SequencePoints>
                <SequencePoint vc="26" uspid="52" ordinal="0" offset="0" sl="33" sc="0" el="33" ec="0" bec="0" bev="0" fileid="4" />
                <SequencePoint vc="26" uspid="53" ordinal="0" offset="1" sl="34" sc="0" el="34" ec="0" bec="0" bev="0" fileid="4" />
                <SequencePoint vc="26" uspid="54" ordinal="0" offset="44" sl="35" sc="0" el="35" ec="0" bec="0" bev="0" fileid="4" />
              </SequencePoints>
              <BranchPoints />
            </Method>
            <Method visited="false" cyclomaticComplexity="0" nPathComplexity="0" sequenceCoverage="0.0" branchCoverage="0" crapScore="0" isConstructor="false" isStatic="false" isGetter="false" isSetter="false">
              <Summary numSequencePoints="3" visitedSequencePoints="0" numBranchPoints="0" visitedBranchPoints="0" sequenceCoverage="0.0" branchCoverage="0" maxCyclomaticComplexity="0" minCyclomaticComplexity="0" maxCrapScore="0" minCrapScore="0" visitedClasses="0" numClasses="0" visitedMethods="0" numMethods="1" />
              <MetadataToken>100663309</MetadataToken>
              <Name>System.Boolean TechnicalEvaluation.Domain.Core.Entity[TId]::Equals(TechnicalEvaluation.Domain.Core.Entity[TId])</Name>
              <FileRef uid="4" />
              <SequencePoints>
                <SequencePoint vc="0" uspid="55" ordinal="0" offset="0" sl="43" sc="0" el="43" ec="0" bec="0" bev="0" fileid="4" />
                <SequencePoint vc="0" uspid="56" ordinal="0" offset="1" sl="44" sc="0" el="44" ec="0" bec="0" bev="0" fileid="4" />
                <SequencePoint vc="0" uspid="57" ordinal="0" offset="11" sl="45" sc="0" el="45" ec="0" bec="0" bev="0" fileid="4" />
              </SequencePoints>
              <BranchPoints />
            </Method>
            <Method visited="true" cyclomaticComplexity="0" nPathComplexity="0" sequenceCoverage="100.0" branchCoverage="0" crapScore="0" isConstructor="false" isStatic="true" isGetter="false" isSetter="false">
              <Summary numSequencePoints="3" visitedSequencePoints="3" numBranchPoints="0" visitedBranchPoints="0" sequenceCoverage="100.0" branchCoverage="0" maxCyclomaticComplexity="0" minCyclomaticComplexity="0" maxCrapScore="0" minCrapScore="0" visitedClasses="0" numClasses="0" visitedMethods="1" numMethods="1" />
              <MetadataToken>100663310</MetadataToken>
              <Name>static System.Boolean TechnicalEvaluation.Domain.Core.Entity[TId]::operator==(TechnicalEvaluation.Domain.Core.Entity[TId], TechnicalEvaluation.Domain.Core.Entity[TId])</Name>
              <FileRef uid="4" />
              <SequencePoints>
                <SequencePoint vc="13" uspid="58" ordinal="0" offset="0" sl="54" sc="0" el="54" ec="0" bec="0" bev="0" fileid="4" />
                <SequencePoint vc="13" uspid="59" ordinal="0" offset="1" sl="55" sc="0" el="55" ec="0" bec="0" bev="0" fileid="4" />
                <SequencePoint vc="13" uspid="60" ordinal="0" offset="11" sl="56" sc="0" el="56" ec="0" bec="0" bev="0" fileid="4" />
              </SequencePoints>
              <BranchPoints />
            </Method>
            <Method visited="false" cyclomaticComplexity="0" nPathComplexity="0" sequenceCoverage="0.0" branchCoverage="0" crapScore="0" isConstructor="false" isStatic="true" isGetter="false" isSetter="false">
              <Summary numSequencePoints="3" visitedSequencePoints="0" numBranchPoints="0" visitedBranchPoints="0" sequenceCoverage="0.0" branchCoverage="0" maxCyclomaticComplexity="0" minCyclomaticComplexity="0" maxCrapScore="0" minCrapScore="0" visitedClasses="0" numClasses="0" visitedMethods="0" numMethods="1" />
              <MetadataToken>100663311</MetadataToken>
              <Name>static System.Boolean TechnicalEvaluation.Domain.Core.Entity[TId]::operator!=(TechnicalEvaluation.Domain.Core.Entity[TId], TechnicalEvaluation.Domain.Core.Entity[TId])</Name>
              <FileRef uid="4" />
              <SequencePoints>
                <SequencePoint vc="0" uspid="61" ordinal="0" offset="0" sl="65" sc="0" el="65" ec="0" bec="0" bev="0" fileid="4" />
                <SequencePoint vc="0" uspid="62" ordinal="0" offset="1" sl="66" sc="0" el="66" ec="0" bec="0" bev="0" fileid="4" />
                <SequencePoint vc="0" uspid="63" ordinal="0" offset="14" sl="67" sc="0" el="67" ec="0" bec="0" bev="0" fileid="4" />
              </SequencePoints>
              <BranchPoints />
            </Method>
            <Method visited="false" cyclomaticComplexity="0" nPathComplexity="0" sequenceCoverage="0.0" branchCoverage="0" crapScore="0" isConstructor="false" isStatic="false" isGetter="false" isSetter="false">
              <Summary numSequencePoints="3" visitedSequencePoints="0" numBranchPoints="0" visitedBranchPoints="0" sequenceCoverage="0.0" branchCoverage="0" maxCyclomaticComplexity="0" minCyclomaticComplexity="0" maxCrapScore="0" minCrapScore="0" visitedClasses="0" numClasses="0" visitedMethods="0" numMethods="1" />
              <MetadataToken>100663312</MetadataToken>
              <Name>System.Int32 TechnicalEvaluation.Domain.Core.Entity[TId]::GetHashCode()</Name>
              <FileRef uid="4" />
              <SequencePoints>
                <SequencePoint vc="0" uspid="64" ordinal="0" offset="0" sl="74" sc="0" el="74" ec="0" bec="0" bev="0" fileid="4" />
                <SequencePoint vc="0" uspid="65" ordinal="0" offset="1" sl="75" sc="0" el="75" ec="0" bec="0" bev="0" fileid="4" />
                <SequencePoint vc="0" uspid="66" ordinal="0" offset="20" sl="76" sc="0" el="76" ec="0" bec="0" bev="0" fileid="4" />
              </SequencePoints>
              <BranchPoints />
            </Method>
            <Method visited="true" cyclomaticComplexity="0" nPathComplexity="0" sequenceCoverage="100.0" branchCoverage="0" crapScore="0" isConstructor="true" isStatic="false" isGetter="false" isSetter="false">
              <Summary numSequencePoints="4" visitedSequencePoints="4" numBranchPoints="0" visitedBranchPoints="0" sequenceCoverage="100.0" branchCoverage="0" maxCyclomaticComplexity="0" minCyclomaticComplexity="0" maxCrapScore="0" minCrapScore="0" visitedClasses="0" numClasses="0" visitedMethods="1" numMethods="1" />
              <MetadataToken>100663307</MetadataToken>
              <Name>TechnicalEvaluation.Domain.Core.Entity[TId]::Entity(TId)</Name>
              <FileRef uid="4" />
              <SequencePoints>
                <SequencePoint vc="133" uspid="67" ordinal="0" offset="0" sl="22" sc="0" el="22" ec="0" bec="0" bev="0" fileid="4" />
                <SequencePoint vc="133" uspid="68" ordinal="0" offset="7" sl="23" sc="0" el="23" ec="0" bec="0" bev="0" fileid="4" />
                <SequencePoint vc="133" uspid="69" ordinal="0" offset="8" sl="24" sc="0" el="24" ec="0" bec="0" bev="0" fileid="4" />
                <SequencePoint vc="133" uspid="70" ordinal="0" offset="16" sl="25" sc="0" el="25" ec="0" bec="0" bev="0" fileid="4" />
              </SequencePoints>
              <BranchPoints />
            </Method>
            <Method visited="false" cyclomaticComplexity="0" nPathComplexity="0" sequenceCoverage="0.0" branchCoverage="0" crapScore="0" isConstructor="true" isStatic="false" isGetter="false" isSetter="false">
              <Summary numSequencePoints="3" visitedSequencePoints="0" numBranchPoints="0" visitedBranchPoints="0" sequenceCoverage="0.0" branchCoverage="0" maxCyclomaticComplexity="0" minCyclomaticComplexity="0" maxCrapScore="0" minCrapScore="0" visitedClasses="0" numClasses="0" visitedMethods="0" numMethods="1" />
              <MetadataToken>100663313</MetadataToken>
              <Name>TechnicalEvaluation.Domain.Core.Entity[TId]::Entity()</Name>
              <FileRef uid="4" />
              <SequencePoints>
                <SequencePoint vc="0" uspid="71" ordinal="0" offset="0" sl="84" sc="0" el="84" ec="0" bec="0" bev="0" fileid="4" />
                <SequencePoint vc="0" uspid="72" ordinal="0" offset="7" sl="85" sc="0" el="85" ec="0" bec="0" bev="0" fileid="4" />
                <SequencePoint vc="0" uspid="73" ordinal="0" offset="8" sl="86" sc="0" el="86" ec="0" bec="0" bev="0" fileid="4" />
              </SequencePoints>
              <BranchPoints />
            </Method>
          </Methods>
        </Class>
        <Class>
          <Summary numSequencePoints="12" visitedSequencePoints="11" numBranchPoints="0" visitedBranchPoints="0" sequenceCoverage="91.67" branchCoverage="0.0" maxCyclomaticComplexity="0" minCyclomaticComplexity="0" maxCrapScore="0" minCrapScore="0" visitedClasses="1" numClasses="1" visitedMethods="3" numMethods="3" />
          <FullName>TechnicalEvaluation.Domain.Core.ValueObject</FullName>
          <Methods>
            <Method visited="true" cyclomaticComplexity="0" nPathComplexity="0" sequenceCoverage="83.33" branchCoverage="0" crapScore="0" isConstructor="false" isStatic="false" isGetter="false" isSetter="false">
              <Summary numSequencePoints="6" visitedSequencePoints="5" numBranchPoints="0" visitedBranchPoints="0" sequenceCoverage="83.33" branchCoverage="0" maxCyclomaticComplexity="0" minCyclomaticComplexity="0" maxCrapScore="0" minCrapScore="0" visitedClasses="0" numClasses="0" visitedMethods="1" numMethods="1" />
              <MetadataToken>100663315</MetadataToken>
              <Name>System.Boolean TechnicalEvaluation.Domain.Core.ValueObject::Equals(System.Object)</Name>
              <FileRef uid="5" />
              <SequencePoints>
                <SequencePoint vc="41" uspid="74" ordinal="0" offset="0" sl="27" sc="9" el="27" ec="9" bec="0" bev="0" fileid="5" />
                <SequencePoint vc="41" uspid="75" ordinal="0" offset="1" sl="28" sc="13" el="28" ec="13" bec="0" bev="0" fileid="5" />
                <SequencePoint vc="0" uspid="76" ordinal="0" offset="28" sl="28" sc="60" el="28" ec="60" bec="0" bev="0" fileid="5" />
                <SequencePoint vc="41" uspid="77" ordinal="0" offset="32" sl="30" sc="13" el="30" ec="13" bec="0" bev="0" fileid="5" />
                <SequencePoint vc="41" uspid="78" ordinal="0" offset="39" sl="32" sc="13" el="32" ec="13" bec="0" bev="0" fileid="5" />
                <SequencePoint vc="41" uspid="79" ordinal="0" offset="59" sl="33" sc="9" el="33" ec="9" bec="0" bev="0" fileid="5" />
              </SequencePoints>
              <BranchPoints />
            </Method>
            <Method visited="true" cyclomaticComplexity="0" nPathComplexity="0" sequenceCoverage="100.0" branchCoverage="0" crapScore="0" isConstructor="false" isStatic="true" isGetter="false" isSetter="false">
              <Summary numSequencePoints="3" visitedSequencePoints="3" numBranchPoints="0" visitedBranchPoints="0" sequenceCoverage="100.0" branchCoverage="0" maxCyclomaticComplexity="0" minCyclomaticComplexity="0" maxCrapScore="0" minCrapScore="0" visitedClasses="0" numClasses="0" visitedMethods="1" numMethods="1" />
              <MetadataToken>100663316</MetadataToken>
              <Name>static System.Boolean TechnicalEvaluation.Domain.Core.ValueObject::operator==(TechnicalEvaluation.Domain.Core.ValueObject, TechnicalEvaluation.Domain.Core.ValueObject)</Name>
              <FileRef uid="5" />
              <SequencePoints>
                <SequencePoint vc="1" uspid="80" ordinal="0" offset="0" sl="42" sc="9" el="42" ec="9" bec="0" bev="0" fileid="5" />
                <SequencePoint vc="1" uspid="81" ordinal="0" offset="1" sl="43" sc="13" el="43" ec="13" bec="0" bev="0" fileid="5" />
                <SequencePoint vc="1" uspid="82" ordinal="0" offset="11" sl="44" sc="9" el="44" ec="9" bec="0" bev="0" fileid="5" />
              </SequencePoints>
              <BranchPoints />
            </Method>
            <Method visited="true" cyclomaticComplexity="0" nPathComplexity="0" sequenceCoverage="100.0" branchCoverage="0" crapScore="0" isConstructor="false" isStatic="false" isGetter="false" isSetter="false">
              <Summary numSequencePoints="3" visitedSequencePoints="3" numBranchPoints="0" visitedBranchPoints="0" sequenceCoverage="100.0" branchCoverage="0" maxCyclomaticComplexity="0" minCyclomaticComplexity="0" maxCrapScore="0" minCrapScore="0" visitedClasses="0" numClasses="0" visitedMethods="1" numMethods="1" />
              <MetadataToken>100663319</MetadataToken>
              <Name>System.Boolean TechnicalEvaluation.Domain.Core.ValueObject::Equals(TechnicalEvaluation.Domain.Core.ValueObject)</Name>
              <FileRef uid="5" />
              <SequencePoints>
                <SequencePoint vc="26" uspid="89" ordinal="0" offset="0" sl="75" sc="9" el="75" ec="9" bec="0" bev="0" fileid="5" />
                <SequencePoint vc="26" uspid="90" ordinal="0" offset="1" sl="76" sc="13" el="76" ec="13" bec="0" bev="0" fileid="5" />
                <SequencePoint vc="26" uspid="91" ordinal="0" offset="11" sl="77" sc="9" el="77" ec="9" bec="0" bev="0" fileid="5" />
              </SequencePoints>
              <BranchPoints />
            </Method>
          </Methods>
        </Class>
        <Class>
          <Summary numSequencePoints="24" visitedSequencePoints="24" numBranchPoints="0" visitedBranchPoints="0" sequenceCoverage="100.0" branchCoverage="0.0" maxCyclomaticComplexity="0" minCyclomaticComplexity="0" maxCrapScore="0" minCrapScore="0" visitedClasses="1" numClasses="1" visitedMethods="4" numMethods="4" />
          <FullName>TechnicalEvaluation.Domain.CareerAggregate.Area</FullName>
          <Methods>
            <Method visited="true" cyclomaticComplexity="0" nPathComplexity="0" sequenceCoverage="100.0" branchCoverage="0" crapScore="0" isConstructor="false" isStatic="false" isGetter="true" isSetter="false">
              <Summary numSequencePoints="1" visitedSequencePoints="1" numBranchPoints="0" visitedBranchPoints="0" sequenceCoverage="100.0" branchCoverage="0" maxCyclomaticComplexity="0" minCyclomaticComplexity="0" maxCrapScore="0" minCrapScore="0" visitedClasses="0" numClasses="0" visitedMethods="1" numMethods="1" />
              <MetadataToken>100663321</MetadataToken>
              <Name>System.Collections.Generic.IReadOnlyCollection[Career] TechnicalEvaluation.Domain.CareerAggregate.Area::get_Careers()</Name>
              <FileRef uid="6" />
              <SequencePoints>
                <SequencePoint vc="2" uspid="92" ordinal="0" offset="0" sl="16" sc="55" el="16" ec="55" bec="0" bev="0" fileid="6" />
              </SequencePoints>
              <BranchPoints />
            </Method>
            <Method visited="true" cyclomaticComplexity="0" nPathComplexity="0" sequenceCoverage="100.0" branchCoverage="0" crapScore="0" isConstructor="false" isStatic="false" isGetter="false" isSetter="false">
              <Summary numSequencePoints="9" visitedSequencePoints="9" numBranchPoints="0" visitedBranchPoints="0" sequenceCoverage="100.0" branchCoverage="0" maxCyclomaticComplexity="0" minCyclomaticComplexity="0" maxCrapScore="0" minCrapScore="0" visitedClasses="0" numClasses="0" visitedMethods="1" numMethods="1" />
              <MetadataToken>100663324</MetadataToken>
              <Name>System.Void TechnicalEvaluation.Domain.CareerAggregate.Area::AssignCareer(TechnicalEvaluation.Domain.CareerAggregate.Career)</Name>
              <FileRef uid="6" />
              <SequencePoints>
                <SequencePoint vc="5" uspid="93" ordinal="0" offset="13" sl="42" sc="9" el="42" ec="9" bec="0" bev="0" fileid="6" />
                <SequencePoint vc="5" uspid="94" ordinal="0" offset="14" sl="43" sc="13" el="43" ec="13" bec="0" bev="0" fileid="6" />
                <SequencePoint vc="1" uspid="95" ordinal="0" offset="27" sl="44" sc="13" el="44" ec="13" bec="0" bev="0" fileid="6" />
                <SequencePoint vc="1" uspid="96" ordinal="0" offset="28" sl="45" sc="17" el="45" ec="17" bec="0" bev="0" fileid="6" />
                <SequencePoint vc="4" uspid="97" ordinal="0" offset="39" sl="47" sc="13" el="47" ec="13" bec="0" bev="0" fileid="6" />
                <SequencePoint vc="1" uspid="98" ordinal="0" offset="66" sl="48" sc="13" el="48" ec="13" bec="0" bev="0" fileid="6" />
                <SequencePoint vc="1" uspid="99" ordinal="0" offset="67" sl="49" sc="17" el="49" ec="17" bec="0" bev="0" fileid="6" />
                <SequencePoint vc="3" uspid="100" ordinal="0" offset="78" sl="51" sc="13" el="51" ec="13" bec="0" bev="0" fileid="6" />
                <SequencePoint vc="3" uspid="101" ordinal="0" offset="96" sl="52" sc="9" el="52" ec="9" bec="0" bev="0" fileid="6" />
              </SequencePoints>
              <BranchPoints />
            </Method>
            <Method visited="true" cyclomaticComplexity="0" nPathComplexity="0" sequenceCoverage="100.0" branchCoverage="0" crapScore="0" isConstructor="false" isStatic="false" isGetter="false" isSetter="false">
              <Summary numSequencePoints="10" visitedSequencePoints="10" numBranchPoints="0" visitedBranchPoints="0" sequenceCoverage="100.0" branchCoverage="0" maxCyclomaticComplexity="0" minCyclomaticComplexity="0" maxCrapScore="0" minCrapScore="0" visitedClasses="0" numClasses="0" visitedMethods="1" numMethods="1" />
              <MetadataToken>100663325</MetadataToken>
              <Name>System.Void TechnicalEvaluation.Domain.CareerAggregate.Area::UnassignCareer(TechnicalEvaluation.Domain.CareerAggregate.CareerName)</Name>
              <FileRef uid="6" />
              <SequencePoints>
                <SequencePoint vc="3" uspid="102" ordinal="0" offset="13" sl="56" sc="9" el="56" ec="9" bec="0" bev="0" fileid="6" />
                <SequencePoint vc="3" uspid="103" ordinal="0" offset="14" sl="57" sc="13" el="57" ec="13" bec="0" bev="0" fileid="6" />
                <SequencePoint vc="1" uspid="104" ordinal="0" offset="27" sl="58" sc="13" el="58" ec="13" bec="0" bev="0" fileid="6" />
                <SequencePoint vc="1" uspid="105" ordinal="0" offset="28" sl="59" sc="17" el="59" ec="17" bec="0" bev="0" fileid="6" />
                <SequencePoint vc="2" uspid="106" ordinal="0" offset="39" sl="61" sc="13" el="61" ec="13" bec="0" bev="0" fileid="6" />
                <SequencePoint vc="2" uspid="107" ordinal="0" offset="63" sl="62" sc="13" el="62" ec="13" bec="0" bev="0" fileid="6" />
                <SequencePoint vc="1" uspid="108" ordinal="0" offset="71" sl="63" sc="13" el="63" ec="13" bec="0" bev="0" fileid="6" />
                <SequencePoint vc="1" uspid="109" ordinal="0" offset="72" sl="64" sc="17" el="64" ec="17" bec="0" bev="0" fileid="6" />
                <SequencePoint vc="1" uspid="110" ordinal="0" offset="83" sl="66" sc="13" el="66" ec="13" bec="0" bev="0" fileid="6" />
                <SequencePoint vc="1" uspid="111" ordinal="0" offset="96" sl="67" sc="9" el="67" ec="9" bec="0" bev="0" fileid="6" />
              </SequencePoints>
              <BranchPoints />
            </Method>
            <Method visited="true" cyclomaticComplexity="0" nPathComplexity="0" sequenceCoverage="100.0" branchCoverage="0" crapScore="0" isConstructor="true" isStatic="false" isGetter="false" isSetter="false">
              <Summary numSequencePoints="4" visitedSequencePoints="4" numBranchPoints="0" visitedBranchPoints="0" sequenceCoverage="100.0" branchCoverage="0" maxCyclomaticComplexity="0" minCyclomaticComplexity="0" maxCrapScore="0" minCrapScore="0" visitedClasses="0" numClasses="0" visitedMethods="1" numMethods="1" />
              <MetadataToken>100663322</MetadataToken>
              <Name>TechnicalEvaluation.Domain.CareerAggregate.Area::Area(TechnicalEvaluation.Domain.CareerAggregate.AreaDescription)</Name>
              <FileRef uid="6" />
              <SequencePoints>
                <SequencePoint vc="10" uspid="112" ordinal="0" offset="0" sl="21" sc="9" el="21" ec="9" bec="0" bev="0" fileid="6" />
                <SequencePoint vc="10" uspid="113" ordinal="0" offset="11" sl="29" sc="15" el="29" ec="15" bec="0" bev="0" fileid="6" />
                <SequencePoint vc="10" uspid="114" ordinal="0" offset="19" sl="30" sc="9" el="30" ec="9" bec="0" bev="0" fileid="6" />
                <SequencePoint vc="10" uspid="115" ordinal="0" offset="20" sl="31" sc="9" el="31" ec="9" bec="0" bev="0" fileid="6" />
              </SequencePoints>
              <BranchPoints />
            </Method>
          </Methods>
        </Class>
        <Class>
          <Summary numSequencePoints="14" visitedSequencePoints="10" numBranchPoints="0" visitedBranchPoints="0" sequenceCoverage="71.43" branchCoverage="0.0" maxCyclomaticComplexity="0" minCyclomaticComplexity="0" maxCrapScore="0" minCrapScore="0" visitedClasses="1" numClasses="1" visitedMethods="3" numMethods="3" />
          <FullName>TechnicalEvaluation.Domain.CareerAggregate.AreaDescription</FullName>
          <Methods>
            <Method visited="true" cyclomaticComplexity="0" nPathComplexity="0" sequenceCoverage="100.0" branchCoverage="0" crapScore="0" isConstructor="false" isStatic="false" isGetter="true" isSetter="false">
              <Summary numSequencePoints="1" visitedSequencePoints="1" numBranchPoints="0" visitedBranchPoints="0" sequenceCoverage="100.0" branchCoverage="0" maxCyclomaticComplexity="0" minCyclomaticComplexity="0" maxCrapScore="0" minCrapScore="0" visitedClasses="0" numClasses="0" visitedMethods="1" numMethods="1" />
              <MetadataToken>100663326</MetadataToken>
              <Name>System.String TechnicalEvaluation.Domain.CareerAggregate.AreaDescription::get_Value()</Name>
              <FileRef uid="7" />
              <SequencePoints>
                <SequencePoint vc="4" uspid="120" ordinal="0" offset="0" sl="16" sc="31" el="16" ec="31" bec="0" bev="0" fileid="7" />
              </SequencePoints>
              <BranchPoints />
            </Method>
            <Method visited="true" cyclomaticComplexity="0" nPathComplexity="0" sequenceCoverage="55.56" branchCoverage="0" crapScore="0" isConstructor="false" isStatic="true" isGetter="false" isSetter="false">
              <Summary numSequencePoints="9" visitedSequencePoints="5" numBranchPoints="0" visitedBranchPoints="0" sequenceCoverage="55.56" branchCoverage="0" maxCyclomaticComplexity="0" minCyclomaticComplexity="0" maxCrapScore="0" minCrapScore="0" visitedClasses="0" numClasses="0" visitedMethods="1" numMethods="1" />
              <MetadataToken>100663328</MetadataToken>
              <Name>static TechnicalEvaluation.Domain.CareerAggregate.AreaDescription TechnicalEvaluation.Domain.CareerAggregate.AreaDescription::Create(System.String)</Name>
              <FileRef uid="7" />
              <SequencePoints>
                <SequencePoint vc="10" uspid="121" ordinal="0" offset="0" sl="36" sc="9" el="36" ec="9" bec="0" bev="0" fileid="7" />
                <SequencePoint vc="10" uspid="122" ordinal="0" offset="1" sl="37" sc="13" el="37" ec="13" bec="0" bev="0" fileid="7" />
                <SequencePoint vc="0" uspid="123" ordinal="0" offset="15" sl="38" sc="13" el="38" ec="13" bec="0" bev="0" fileid="7" />
                <SequencePoint vc="0" uspid="124" ordinal="0" offset="16" sl="39" sc="17" el="39" ec="17" bec="0" bev="0" fileid="7" />
                <SequencePoint vc="10" uspid="125" ordinal="0" offset="32" sl="42" sc="13" el="42" ec="13" bec="0" bev="0" fileid="7" />
                <SequencePoint vc="0" uspid="126" ordinal="0" offset="42" sl="43" sc="13" el="43" ec="13" bec="0" bev="0" fileid="7" />
                <SequencePoint vc="0" uspid="127" ordinal="0" offset="43" sl="44" sc="17" el="44" ec="17" bec="0" bev="0" fileid="7" />
                <SequencePoint vc="10" uspid="128" ordinal="0" offset="59" sl="47" sc="13" el="47" ec="13" bec="0" bev="0" fileid="7" />
                <SequencePoint vc="10" uspid="129" ordinal="0" offset="68" sl="48" sc="9" el="48" ec="9" bec="0" bev="0" fileid="7" />
              </SequencePoints>
              <BranchPoints />
            </Method>
            <Method visited="true" cyclomaticComplexity="0" nPathComplexity="0" sequenceCoverage="100.0" branchCoverage="0" crapScore="0" isConstructor="true" isStatic="false" isGetter="false" isSetter="false">
              <Summary numSequencePoints="4" visitedSequencePoints="4" numBranchPoints="0" visitedBranchPoints="0" sequenceCoverage="100.0" branchCoverage="0" maxCyclomaticComplexity="0" minCyclomaticComplexity="0" maxCrapScore="0" minCrapScore="0" visitedClasses="0" numClasses="0" visitedMethods="1" numMethods="1" />
              <MetadataToken>100663327</MetadataToken>
              <Name>TechnicalEvaluation.Domain.CareerAggregate.AreaDescription::AreaDescription(System.String)</Name>
              <FileRef uid="7" />
              <SequencePoints>
                <SequencePoint vc="10" uspid="130" ordinal="0" offset="0" sl="22" sc="9" el="22" ec="9" bec="0" bev="0" fileid="7" />
                <SequencePoint vc="10" uspid="131" ordinal="0" offset="7" sl="23" sc="9" el="23" ec="9" bec="0" bev="0" fileid="7" />
                <SequencePoint vc="10" uspid="132" ordinal="0" offset="8" sl="24" sc="13" el="24" ec="13" bec="0" bev="0" fileid="7" />
                <SequencePoint vc="10" uspid="133" ordinal="0" offset="15" sl="25" sc="9" el="25" ec="9" bec="0" bev="0" fileid="7" />
              </SequencePoints>
              <BranchPoints />
            </Method>
          </Methods>
        </Class>
        <Class>
          <Summary numSequencePoints="26" visitedSequencePoints="24" numBranchPoints="0" visitedBranchPoints="0" sequenceCoverage="92.31" branchCoverage="0.0" maxCyclomaticComplexity="0" minCyclomaticComplexity="0" maxCrapScore="0" minCrapScore="0" visitedClasses="1" numClasses="1" visitedMethods="9" numMethods="9" />
          <FullName>TechnicalEvaluation.Domain.CareerAggregate.Career</FullName>
          <Methods>
            <Method visited="true" cyclomaticComplexity="0" nPathComplexity="0" sequenceCoverage="100.0" branchCoverage="0" crapScore="0" isConstructor="false" isStatic="false" isGetter="true" isSetter="false">
              <Summary numSequencePoints="1" visitedSequencePoints="1" numBranchPoints="0" visitedBranchPoints="0" sequenceCoverage="100.0" branchCoverage="0" maxCyclomaticComplexity="0" minCyclomaticComplexity="0" maxCrapScore="0" minCrapScore="0" visitedClasses="0" numClasses="0" visitedMethods="1" numMethods="1" />
              <MetadataToken>100663330</MetadataToken>
              <Name>System.Collections.Generic.IReadOnlyCollection[Content] TechnicalEvaluation.Domain.CareerAggregate.Career::get_Contents()</Name>
              <FileRef uid="8" />
              <SequencePoints>
                <SequencePoint vc="24" uspid="134" ordinal="0" offset="0" sl="16" sc="57" el="16" ec="57" bec="0" bev="0" fileid="8" />
              </SequencePoints>
              <BranchPoints />
            </Method>
            <Method visited="true" cyclomaticComplexity="0" nPathComplexity="0" sequenceCoverage="100.0" branchCoverage="0" crapScore="0" isConstructor="false" isStatic="false" isGetter="true" isSetter="false">
              <Summary numSequencePoints="1" visitedSequencePoints="1" numBranchPoints="0" visitedBranchPoints="0" sequenceCoverage="100.0" branchCoverage="0" maxCyclomaticComplexity="0" minCyclomaticComplexity="0" maxCrapScore="0" minCrapScore="0" visitedClasses="0" numClasses="0" visitedMethods="1" numMethods="1" />
              <MetadataToken>100663331</MetadataToken>
              <Name>System.Collections.Generic.IReadOnlyCollection[Area] TechnicalEvaluation.Domain.CareerAggregate.Career::get_Areas()</Name>
              <FileRef uid="8" />
              <SequencePoints>
                <SequencePoint vc="12" uspid="135" ordinal="0" offset="0" sl="28" sc="51" el="28" ec="51" bec="0" bev="0" fileid="8" />
              </SequencePoints>
              <BranchPoints />
            </Method>
            <Method visited="true" cyclomaticComplexity="0" nPathComplexity="0" sequenceCoverage="100.0" branchCoverage="0" crapScore="0" isConstructor="false" isStatic="false" isGetter="true" isSetter="false">
              <Summary numSequencePoints="1" visitedSequencePoints="1" numBranchPoints="0" visitedBranchPoints="0" sequenceCoverage="100.0" branchCoverage="0" maxCyclomaticComplexity="0" minCyclomaticComplexity="0" maxCrapScore="0" minCrapScore="0" visitedClasses="0" numClasses="0" visitedMethods="1" numMethods="1" />
              <MetadataToken>100663332</MetadataToken>
              <Name>TechnicalEvaluation.Domain.CareerAggregate.Percentage TechnicalEvaluation.Domain.CareerAggregate.Career::get_WomenPercentage()</Name>
              <FileRef uid="8" />
              <SequencePoints>
                <SequencePoint vc="12" uspid="136" ordinal="0" offset="0" sl="38" sc="45" el="38" ec="45" bec="0" bev="0" fileid="8" />
              </SequencePoints>
              <BranchPoints />
            </Method>
            <Method visited="true" cyclomaticComplexity="0" nPathComplexity="0" sequenceCoverage="100.0" branchCoverage="0" crapScore="0" isConstructor="false" isStatic="false" isGetter="false" isSetter="true">
              <Summary numSequencePoints="1" visitedSequencePoints="1" numBranchPoints="0" visitedBranchPoints="0" sequenceCoverage="100.0" branchCoverage="0" maxCyclomaticComplexity="0" minCyclomaticComplexity="0" maxCrapScore="0" minCrapScore="0" visitedClasses="0" numClasses="0" visitedMethods="1" numMethods="1" />
              <MetadataToken>100663333</MetadataToken>
              <Name>System.Void TechnicalEvaluation.Domain.CareerAggregate.Career::set_WomenPercentage(TechnicalEvaluation.Domain.CareerAggregate.Percentage)</Name>
              <FileRef uid="8" />
              <SequencePoints>
                <SequencePoint vc="70" uspid="137" ordinal="0" offset="0" sl="38" sc="50" el="38" ec="50" bec="0" bev="0" fileid="8" />
              </SequencePoints>
              <BranchPoints />
            </Method>
            <Method visited="true" cyclomaticComplexity="0" nPathComplexity="0" sequenceCoverage="100.0" branchCoverage="0" crapScore="0" isConstructor="false" isStatic="false" isGetter="true" isSetter="false">
              <Summary numSequencePoints="1" visitedSequencePoints="1" numBranchPoints="0" visitedBranchPoints="0" sequenceCoverage="100.0" branchCoverage="0" maxCyclomaticComplexity="0" minCyclomaticComplexity="0" maxCrapScore="0" minCrapScore="0" visitedClasses="0" numClasses="0" visitedMethods="1" numMethods="1" />
              <MetadataToken>100663334</MetadataToken>
              <Name>TechnicalEvaluation.Domain.CareerAggregate.Scholarship TechnicalEvaluation.Domain.CareerAggregate.Career::get_ScholarshipBudget()</Name>
              <FileRef uid="8" />
              <SequencePoints>
                <SequencePoint vc="16" uspid="138" ordinal="0" offset="0" sl="43" sc="48" el="43" ec="48" bec="0" bev="0" fileid="8" />
              </SequencePoints>
              <BranchPoints />
            </Method>
            <Method visited="true" cyclomaticComplexity="0" nPathComplexity="0" sequenceCoverage="100.0" branchCoverage="0" crapScore="0" isConstructor="false" isStatic="false" isGetter="false" isSetter="true">
              <Summary numSequencePoints="1" visitedSequencePoints="1" numBranchPoints="0" visitedBranchPoints="0" sequenceCoverage="100.0" branchCoverage="0" maxCyclomaticComplexity="0" minCyclomaticComplexity="0" maxCrapScore="0" minCrapScore="0" visitedClasses="0" numClasses="0" visitedMethods="1" numMethods="1" />
              <MetadataToken>100663335</MetadataToken>
              <Name>System.Void TechnicalEvaluation.Domain.CareerAggregate.Career::set_ScholarshipBudget(TechnicalEvaluation.Domain.CareerAggregate.Scholarship)</Name>
              <FileRef uid="8" />
              <SequencePoints>
                <SequencePoint vc="70" uspid="139" ordinal="0" offset="0" sl="43" sc="53" el="43" ec="53" bec="0" bev="0" fileid="8" />
              </SequencePoints>
              <BranchPoints />
            </Method>
            <Method visited="true" cyclomaticComplexity="0" nPathComplexity="0" sequenceCoverage="100.0" branchCoverage="0" crapScore="0" isConstructor="false" isStatic="false" isGetter="false" isSetter="false">
              <Summary numSequencePoints="7" visitedSequencePoints="7" numBranchPoints="0" visitedBranchPoints="0" sequenceCoverage="100.0" branchCoverage="0" maxCyclomaticComplexity="0" minCyclomaticComplexity="0" maxCrapScore="0" minCrapScore="0" visitedClasses="0" numClasses="0" visitedMethods="1" numMethods="1" />
              <MetadataToken>100663338</MetadataToken>
              <Name>System.Void TechnicalEvaluation.Domain.CareerAggregate.Career::AddContent(TechnicalEvaluation.Domain.CareerAggregate.Content)</Name>
              <FileRef uid="8" />
              <SequencePoints>
                <SequencePoint vc="14" uspid="140" ordinal="0" offset="13" sl="73" sc="9" el="73" ec="9" bec="0" bev="0" fileid="8" />
                <SequencePoint vc="14" uspid="141" ordinal="0" offset="14" sl="74" sc="13" el="74" ec="13" bec="0" bev="0" fileid="8" />
                <SequencePoint vc="1" uspid="142" ordinal="0" offset="41" sl="75" sc="13" el="75" ec="13" bec="0" bev="0" fileid="8" />
                <SequencePoint vc="1" uspid="143" ordinal="0" offset="42" sl="76" sc="17" el="76" ec="17" bec="0" bev="0" fileid="8" />
                <SequencePoint vc="13" uspid="144" ordinal="0" offset="53" sl="78" sc="13" el="78" ec="13" bec="0" bev="0" fileid="8" />
                <SequencePoint vc="13" uspid="145" ordinal="0" offset="71" sl="79" sc="13" el="79" ec="13" bec="0" bev="0" fileid="8" />
                <SequencePoint vc="13" uspid="146" ordinal="0" offset="84" sl="80" sc="9" el="80" ec="9" bec="0" bev="0" fileid="8" />
              </SequencePoints>
              <BranchPoints />
            </Method>
            <Method visited="true" cyclomaticComplexity="0" nPathComplexity="0" sequenceCoverage="66.67" branchCoverage="0" crapScore="0" isConstructor="false" isStatic="false" isGetter="false" isSetter="false">
              <Summary numSequencePoints="6" visitedSequencePoints="4" numBranchPoints="0" visitedBranchPoints="0" sequenceCoverage="66.67" branchCoverage="0" maxCyclomaticComplexity="0" minCyclomaticComplexity="0" maxCrapScore="0" minCrapScore="0" visitedClasses="0" numClasses="0" visitedMethods="1" numMethods="1" />
              <MetadataToken>100663340</MetadataToken>
              <Name>System.Void TechnicalEvaluation.Domain.CareerAggregate.Career::AddArea(TechnicalEvaluation.Domain.CareerAggregate.Area)</Name>
              <FileRef uid="8" />
              <SequencePoints>
                <SequencePoint vc="3" uspid="155" ordinal="0" offset="13" sl="106" sc="9" el="106" ec="9" bec="0" bev="0" fileid="8" />
                <SequencePoint vc="3" uspid="156" ordinal="0" offset="14" sl="107" sc="13" el="107" ec="13" bec="0" bev="0" fileid="8" />
                <SequencePoint vc="0" uspid="157" ordinal="0" offset="41" sl="108" sc="13" el="108" ec="13" bec="0" bev="0" fileid="8" />
                <SequencePoint vc="0" uspid="158" ordinal="0" offset="42" sl="109" sc="17" el="109" ec="17" bec="0" bev="0" fileid="8" />
                <SequencePoint vc="3" uspid="159" ordinal="0" offset="53" sl="111" sc="13" el="111" ec="13" bec="0" bev="0" fileid="8" />
                <SequencePoint vc="3" uspid="160" ordinal="0" offset="71" sl="112" sc="9" el="112" ec="9" bec="0" bev="0" fileid="8" />
              </SequencePoints>
              <BranchPoints />
            </Method>
            <Method visited="true" cyclomaticComplexity="0" nPathComplexity="0" sequenceCoverage="100.0" branchCoverage="0" crapScore="0" isConstructor="true" isStatic="false" isGetter="false" isSetter="false">
              <Summary numSequencePoints="7" visitedSequencePoints="7" numBranchPoints="0" visitedBranchPoints="0" sequenceCoverage="100.0" branchCoverage="0" maxCyclomaticComplexity="0" minCyclomaticComplexity="0" maxCrapScore="0" minCrapScore="0" visitedClasses="0" numClasses="0" visitedMethods="1" numMethods="1" />
              <MetadataToken>100663336</MetadataToken>
              <Name>TechnicalEvaluation.Domain.CareerAggregate.Career::Career(TechnicalEvaluation.Domain.CareerAggregate.CareerName, TechnicalEvaluation.Domain.CareerAggregate.Percentage, TechnicalEvaluation.Domain.CareerAggregate.Scholarship)</Name>
              <FileRef uid="8" />
              <SequencePoints>
                <SequencePoint vc="70" uspid="169" ordinal="0" offset="0" sl="21" sc="9" el="21" ec="9" bec="0" bev="0" fileid="8" />
                <SequencePoint vc="70" uspid="170" ordinal="0" offset="11" sl="33" sc="9" el="33" ec="9" bec="0" bev="0" fileid="8" />
                <SequencePoint vc="70" uspid="171" ordinal="0" offset="22" sl="53" sc="15" el="53" ec="15" bec="0" bev="0" fileid="8" />
                <SequencePoint vc="70" uspid="172" ordinal="0" offset="30" sl="54" sc="9" el="54" ec="9" bec="0" bev="0" fileid="8" />
                <SequencePoint vc="70" uspid="173" ordinal="0" offset="31" sl="55" sc="13" el="55" ec="13" bec="0" bev="0" fileid="8" />
                <SequencePoint vc="70" uspid="174" ordinal="0" offset="39" sl="56" sc="13" el="56" ec="13" bec="0" bev="0" fileid="8" />
                <SequencePoint vc="70" uspid="175" ordinal="0" offset="47" sl="57" sc="9" el="57" ec="9" bec="0" bev="0" fileid="8" />
              </SequencePoints>
              <BranchPoints />
            </Method>
          </Methods>
        </Class>
        <Class>
          <Summary numSequencePoints="14" visitedSequencePoints="14" numBranchPoints="0" visitedBranchPoints="0" sequenceCoverage="100.0" branchCoverage="0.0" maxCyclomaticComplexity="0" minCyclomaticComplexity="0" maxCrapScore="0" minCrapScore="0" visitedClasses="1" numClasses="1" visitedMethods="3" numMethods="3" />
          <FullName>TechnicalEvaluation.Domain.CareerAggregate.CareerName</FullName>
          <Methods>
            <Method visited="true" cyclomaticComplexity="0" nPathComplexity="0" sequenceCoverage="100.0" branchCoverage="0" crapScore="0" isConstructor="false" isStatic="false" isGetter="true" isSetter="false">
              <Summary numSequencePoints="1" visitedSequencePoints="1" numBranchPoints="0" visitedBranchPoints="0" sequenceCoverage="100.0" branchCoverage="0" maxCyclomaticComplexity="0" minCyclomaticComplexity="0" maxCrapScore="0" minCrapScore="0" visitedClasses="0" numClasses="0" visitedMethods="1" numMethods="1" />
              <MetadataToken>100663342</MetadataToken>
              <Name>System.String TechnicalEvaluation.Domain.CareerAggregate.CareerName::get_Value()</Name>
              <FileRef uid="9" />
              <SequencePoints>
                <SequencePoint vc="67" uspid="181" ordinal="0" offset="0" sl="16" sc="31" el="16" ec="31" bec="0" bev="0" fileid="9" />
              </SequencePoints>
              <BranchPoints />
            </Method>
            <Method visited="true" cyclomaticComplexity="0" nPathComplexity="0" sequenceCoverage="100.0" branchCoverage="0" crapScore="0" isConstructor="false" isStatic="true" isGetter="false" isSetter="false">
              <Summary numSequencePoints="9" visitedSequencePoints="9" numBranchPoints="0" visitedBranchPoints="0" sequenceCoverage="100.0" branchCoverage="0" maxCyclomaticComplexity="0" minCyclomaticComplexity="0" maxCrapScore="0" minCrapScore="0" visitedClasses="0" numClasses="0" visitedMethods="1" numMethods="1" />
              <MetadataToken>100663344</MetadataToken>
              <Name>static TechnicalEvaluation.Domain.CareerAggregate.CareerName TechnicalEvaluation.Domain.CareerAggregate.CareerName::Create(System.String)</Name>
              <FileRef uid="9" />
              <SequencePoints>
                <SequencePoint vc="92" uspid="182" ordinal="0" offset="0" sl="36" sc="9" el="36" ec="9" bec="0" bev="0" fileid="9" />
                <SequencePoint vc="92" uspid="183" ordinal="0" offset="1" sl="37" sc="13" el="37" ec="13" bec="0" bev="0" fileid="9" />
                <SequencePoint vc="3" uspid="184" ordinal="0" offset="11" sl="38" sc="13" el="38" ec="13" bec="0" bev="0" fileid="9" />
                <SequencePoint vc="3" uspid="185" ordinal="0" offset="12" sl="39" sc="17" el="39" ec="17" bec="0" bev="0" fileid="9" />
                <SequencePoint vc="89" uspid="186" ordinal="0" offset="28" sl="42" sc="13" el="42" ec="13" bec="0" bev="0" fileid="9" />
                <SequencePoint vc="3" uspid="187" ordinal="0" offset="42" sl="43" sc="13" el="43" ec="13" bec="0" bev="0" fileid="9" />
                <SequencePoint vc="3" uspid="188" ordinal="0" offset="43" sl="44" sc="17" el="44" ec="17" bec="0" bev="0" fileid="9" />
                <SequencePoint vc="86" uspid="189" ordinal="0" offset="59" sl="47" sc="13" el="47" ec="13" bec="0" bev="0" fileid="9" />
                <SequencePoint vc="86" uspid="190" ordinal="0" offset="68" sl="48" sc="9" el="48" ec="9" bec="0" bev="0" fileid="9" />
              </SequencePoints>
              <BranchPoints />
            </Method>
            <Method visited="true" cyclomaticComplexity="0" nPathComplexity="0" sequenceCoverage="100.0" branchCoverage="0" crapScore="0" isConstructor="true" isStatic="false" isGetter="false" isSetter="false">
              <Summary numSequencePoints="4" visitedSequencePoints="4" numBranchPoints="0" visitedBranchPoints="0" sequenceCoverage="100.0" branchCoverage="0" maxCyclomaticComplexity="0" minCyclomaticComplexity="0" maxCrapScore="0" minCrapScore="0" visitedClasses="0" numClasses="0" visitedMethods="1" numMethods="1" />
              <MetadataToken>100663343</MetadataToken>
              <Name>TechnicalEvaluation.Domain.CareerAggregate.CareerName::CareerName(System.String)</Name>
              <FileRef uid="9" />
              <SequencePoints>
                <SequencePoint vc="86" uspid="193" ordinal="0" offset="0" sl="22" sc="9" el="22" ec="9" bec="0" bev="0" fileid="9" />
                <SequencePoint vc="86" uspid="194" ordinal="0" offset="7" sl="23" sc="9" el="23" ec="9" bec="0" bev="0" fileid="9" />
                <SequencePoint vc="86" uspid="195" ordinal="0" offset="8" sl="24" sc="13" el="24" ec="13" bec="0" bev="0" fileid="9" />
                <SequencePoint vc="86" uspid="196" ordinal="0" offset="15" sl="25" sc="9" el="25" ec="9" bec="0" bev="0" fileid="9" />
              </SequencePoints>
              <BranchPoints />
            </Method>
          </Methods>
        </Class>
        <Class>
          <Summary numSequencePoints="17" visitedSequencePoints="17" numBranchPoints="0" visitedBranchPoints="0" sequenceCoverage="100.0" branchCoverage="0.0" maxCyclomaticComplexity="0" minCyclomaticComplexity="0" maxCrapScore="0" minCrapScore="0" visitedClasses="1" numClasses="1" visitedMethods="7" numMethods="7" />
          <FullName>TechnicalEvaluation.Domain.CareerAggregate.Content</FullName>
          <Methods>
            <Method visited="true" cyclomaticComplexity="0" nPathComplexity="0" sequenceCoverage="100.0" branchCoverage="0" crapScore="0" isConstructor="false" isStatic="false" isGetter="true" isSetter="false">
              <Summary numSequencePoints="1" visitedSequencePoints="1" numBranchPoints="0" visitedBranchPoints="0" sequenceCoverage="100.0" branchCoverage="0" maxCyclomaticComplexity="0" minCyclomaticComplexity="0" maxCrapScore="0" minCrapScore="0" visitedClasses="0" numClasses="0" visitedMethods="1" numMethods="1" />
              <MetadataToken>100663348</MetadataToken>
              <Name>TechnicalEvaluation.Domain.CareerAggregate.Career TechnicalEvaluation.Domain.CareerAggregate.Content::get_Career()</Name>
              <FileRef uid="10" />
              <SequencePoints>
                <SequencePoint vc="18" uspid="197" ordinal="0" offset="0" sl="14" sc="33" el="14" ec="33" bec="0" bev="0" fileid="10" />
              </SequencePoints>
              <BranchPoints />
            </Method>
            <Method visited="true" cyclomaticComplexity="0" nPathComplexity="0" sequenceCoverage="100.0" branchCoverage="0" crapScore="0" isConstructor="false" isStatic="false" isGetter="false" isSetter="true">
              <Summary numSequencePoints="1" visitedSequencePoints="1" numBranchPoints="0" visitedBranchPoints="0" sequenceCoverage="100.0" branchCoverage="0" maxCyclomaticComplexity="0" minCyclomaticComplexity="0" maxCrapScore="0" minCrapScore="0" visitedClasses="0" numClasses="0" visitedMethods="1" numMethods="1" />
              <MetadataToken>100663349</MetadataToken>
              <Name>System.Void TechnicalEvaluation.Domain.CareerAggregate.Content::set_Career(TechnicalEvaluation.Domain.CareerAggregate.Career)</Name>
              <FileRef uid="10" />
              <SequencePoints>
                <SequencePoint vc="17" uspid="198" ordinal="0" offset="0" sl="14" sc="38" el="14" ec="38" bec="0" bev="0" fileid="10" />
              </SequencePoints>
              <BranchPoints />
            </Method>
            <Method visited="true" cyclomaticComplexity="0" nPathComplexity="0" sequenceCoverage="100.0" branchCoverage="0" crapScore="0" isConstructor="false" isStatic="false" isGetter="true" isSetter="false">
              <Summary numSequencePoints="1" visitedSequencePoints="1" numBranchPoints="0" visitedBranchPoints="0" sequenceCoverage="100.0" branchCoverage="0" maxCyclomaticComplexity="0" minCyclomaticComplexity="0" maxCrapScore="0" minCrapScore="0" visitedClasses="0" numClasses="0" visitedMethods="1" numMethods="1" />
              <MetadataToken>100663350</MetadataToken>
              <Name>TechnicalEvaluation.Domain.CareerAggregate.ContentTypeId TechnicalEvaluation.Domain.CareerAggregate.Content::get_ContentType()</Name>
              <FileRef uid="10" />
              <SequencePoints>
                <SequencePoint vc="13" uspid="199" ordinal="0" offset="0" sl="19" sc="44" el="19" ec="44" bec="0" bev="0" fileid="10" />
              </SequencePoints>
              <BranchPoints />
            </Method>
            <Method visited="true" cyclomaticComplexity="0" nPathComplexity="0" sequenceCoverage="100.0" branchCoverage="0" crapScore="0" isConstructor="false" isStatic="false" isGetter="false" isSetter="true">
              <Summary numSequencePoints="1" visitedSequencePoints="1" numBranchPoints="0" visitedBranchPoints="0" sequenceCoverage="100.0" branchCoverage="0" maxCyclomaticComplexity="0" minCyclomaticComplexity="0" maxCrapScore="0" minCrapScore="0" visitedClasses="0" numClasses="0" visitedMethods="1" numMethods="1" />
              <MetadataToken>100663351</MetadataToken>
              <Name>System.Void TechnicalEvaluation.Domain.CareerAggregate.Content::set_ContentType(TechnicalEvaluation.Domain.CareerAggregate.ContentTypeId)</Name>
              <FileRef uid="10" />
              <SequencePoints>
                <SequencePoint vc="48" uspid="200" ordinal="0" offset="0" sl="19" sc="49" el="19" ec="49" bec="0" bev="0" fileid="10" />
              </SequencePoints>
              <BranchPoints />
            </Method>
            <Method visited="true" cyclomaticComplexity="0" nPathComplexity="0" sequenceCoverage="100.0" branchCoverage="0" crapScore="0" isConstructor="false" isStatic="false" isGetter="false" isSetter="false">
              <Summary numSequencePoints="6" visitedSequencePoints="6" numBranchPoints="0" visitedBranchPoints="0" sequenceCoverage="100.0" branchCoverage="0" maxCyclomaticComplexity="0" minCyclomaticComplexity="0" maxCrapScore="0" minCrapScore="0" visitedClasses="0" numClasses="0" visitedMethods="1" numMethods="1" />
              <MetadataToken>100663354</MetadataToken>
              <Name>System.Void TechnicalEvaluation.Domain.CareerAggregate.Content::AssignCareer(TechnicalEvaluation.Domain.CareerAggregate.Career)</Name>
              <FileRef uid="10" />
              <SequencePoints>
                <SequencePoint vc="17" uspid="201" ordinal="0" offset="0" sl="48" sc="9" el="48" ec="9" bec="0" bev="0" fileid="10" />
                <SequencePoint vc="17" uspid="202" ordinal="0" offset="1" sl="49" sc="13" el="49" ec="13" bec="0" bev="0" fileid="10" />
                <SequencePoint vc="1" uspid="203" ordinal="0" offset="17" sl="50" sc="13" el="50" ec="13" bec="0" bev="0" fileid="10" />
                <SequencePoint vc="1" uspid="204" ordinal="0" offset="18" sl="51" sc="17" el="51" ec="17" bec="0" bev="0" fileid="10" />
                <SequencePoint vc="16" uspid="205" ordinal="0" offset="29" sl="53" sc="13" el="53" ec="13" bec="0" bev="0" fileid="10" />
                <SequencePoint vc="16" uspid="206" ordinal="0" offset="37" sl="54" sc="9" el="54" ec="9" bec="0" bev="0" fileid="10" />
              </SequencePoints>
              <BranchPoints />
            </Method>
            <Method visited="true" cyclomaticComplexity="0" nPathComplexity="0" sequenceCoverage="100.0" branchCoverage="0" crapScore="0" isConstructor="false" isStatic="false" isGetter="false" isSetter="false">
              <Summary numSequencePoints="3" visitedSequencePoints="3" numBranchPoints="0" visitedBranchPoints="0" sequenceCoverage="100.0" branchCoverage="0" maxCyclomaticComplexity="0" minCyclomaticComplexity="0" maxCrapScore="0" minCrapScore="0" visitedClasses="0" numClasses="0" visitedMethods="1" numMethods="1" />
              <MetadataToken>100663355</MetadataToken>
              <Name>System.Void TechnicalEvaluation.Domain.CareerAggregate.Content::UnassignCareer()</Name>
              <FileRef uid="10" />
              <SequencePoints>
                <SequencePoint vc="1" uspid="207" ordinal="0" offset="0" sl="60" sc="9" el="60" ec="9" bec="0" bev="0" fileid="10" />
                <SequencePoint vc="1" uspid="208" ordinal="0" offset="1" sl="61" sc="13" el="61" ec="13" bec="0" bev="0" fileid="10" />
                <SequencePoint vc="1" uspid="209" ordinal="0" offset="9" sl="62" sc="9" el="62" ec="9" bec="0" bev="0" fileid="10" />
              </SequencePoints>
              <BranchPoints />
            </Method>
            <Method visited="true" cyclomaticComplexity="0" nPathComplexity="0" sequenceCoverage="100.0" branchCoverage="0" crapScore="0" isConstructor="true" isStatic="false" isGetter="false" isSetter="false">
              <Summary numSequencePoints="4" visitedSequencePoints="4" numBranchPoints="0" visitedBranchPoints="0" sequenceCoverage="100.0" branchCoverage="0" maxCyclomaticComplexity="0" minCyclomaticComplexity="0" maxCrapScore="0" minCrapScore="0" visitedClasses="0" numClasses="0" visitedMethods="1" numMethods="1" />
              <MetadataToken>100663352</MetadataToken>
              <Name>TechnicalEvaluation.Domain.CareerAggregate.Content::Content(TechnicalEvaluation.Domain.CareerAggregate.ContentDescription, TechnicalEvaluation.Domain.CareerAggregate.ContentTypeId)</Name>
              <FileRef uid="10" />
              <SequencePoints>
                <SequencePoint vc="48" uspid="210" ordinal="0" offset="0" sl="27" sc="15" el="27" ec="15" bec="0" bev="0" fileid="10" />
                <SequencePoint vc="48" uspid="211" ordinal="0" offset="8" sl="28" sc="9" el="28" ec="9" bec="0" bev="0" fileid="10" />
                <SequencePoint vc="48" uspid="212" ordinal="0" offset="9" sl="29" sc="13" el="29" ec="13" bec="0" bev="0" fileid="10" />
                <SequencePoint vc="48" uspid="213" ordinal="0" offset="17" sl="30" sc="9" el="30" ec="9" bec="0" bev="0" fileid="10" />
              </SequencePoints>
              <BranchPoints />
            </Method>
          </Methods>
        </Class>
        <Class>
          <Summary numSequencePoints="14" visitedSequencePoints="12" numBranchPoints="0" visitedBranchPoints="0" sequenceCoverage="85.71" branchCoverage="0.0" maxCyclomaticComplexity="0" minCyclomaticComplexity="0" maxCrapScore="0" minCrapScore="0" visitedClasses="1" numClasses="1" visitedMethods="3" numMethods="3" />
          <FullName>TechnicalEvaluation.Domain.CareerAggregate.ContentDescription</FullName>
          <Methods>
            <Method visited="true" cyclomaticComplexity="0" nPathComplexity="0" sequenceCoverage="100.0" branchCoverage="0" crapScore="0" isConstructor="false" isStatic="false" isGetter="true" isSetter="false">
              <Summary numSequencePoints="1" visitedSequencePoints="1" numBranchPoints="0" visitedBranchPoints="0" sequenceCoverage="100.0" branchCoverage="0" maxCyclomaticComplexity="0" minCyclomaticComplexity="0" maxCrapScore="0" minCrapScore="0" visitedClasses="0" numClasses="0" visitedMethods="1" numMethods="1" />
              <MetadataToken>100663356</MetadataToken>
              <Name>System.String TechnicalEvaluation.Domain.CareerAggregate.ContentDescription::get_Value()</Name>
              <FileRef uid="11" />
              <SequencePoints>
                <SequencePoint vc="44" uspid="217" ordinal="0" offset="0" sl="16" sc="31" el="16" ec="31" bec="0" bev="0" fileid="11" />
              </SequencePoints>
              <BranchPoints />
            </Method>
            <Method visited="true" cyclomaticComplexity="0" nPathComplexity="0" sequenceCoverage="77.78" branchCoverage="0" crapScore="0" isConstructor="false" isStatic="true" isGetter="false" isSetter="false">
              <Summary numSequencePoints="9" visitedSequencePoints="7" numBranchPoints="0" visitedBranchPoints="0" sequenceCoverage="77.78" branchCoverage="0" maxCyclomaticComplexity="0" minCyclomaticComplexity="0" maxCrapScore="0" minCrapScore="0" visitedClasses="0" numClasses="0" visitedMethods="1" numMethods="1" />
              <MetadataToken>100663358</MetadataToken>
              <Name>static TechnicalEvaluation.Domain.CareerAggregate.ContentDescription TechnicalEvaluation.Domain.CareerAggregate.ContentDescription::Create(System.String)</Name>
              <FileRef uid="11" />
              <SequencePoints>
                <SequencePoint vc="52" uspid="218" ordinal="0" offset="0" sl="36" sc="9" el="36" ec="9" bec="0" bev="0" fileid="11" />
                <SequencePoint vc="52" uspid="219" ordinal="0" offset="1" sl="37" sc="13" el="37" ec="13" bec="0" bev="0" fileid="11" />
                <SequencePoint vc="0" uspid="220" ordinal="0" offset="11" sl="38" sc="13" el="38" ec="13" bec="0" bev="0" fileid="11" />
                <SequencePoint vc="0" uspid="221" ordinal="0" offset="12" sl="39" sc="17" el="39" ec="17" bec="0" bev="0" fileid="11" />
                <SequencePoint vc="52" uspid="222" ordinal="0" offset="28" sl="42" sc="13" el="42" ec="13" bec="0" bev="0" fileid="11" />
                <SequencePoint vc="1" uspid="223" ordinal="0" offset="45" sl="43" sc="13" el="43" ec="13" bec="0" bev="0" fileid="11" />
                <SequencePoint vc="1" uspid="224" ordinal="0" offset="46" sl="44" sc="17" el="44" ec="17" bec="0" bev="0" fileid="11" />
                <SequencePoint vc="51" uspid="225" ordinal="0" offset="62" sl="47" sc="13" el="47" ec="13" bec="0" bev="0" fileid="11" />
                <SequencePoint vc="51" uspid="226" ordinal="0" offset="71" sl="48" sc="9" el="48" ec="9" bec="0" bev="0" fileid="11" />
              </SequencePoints>
              <BranchPoints />
            </Method>
            <Method visited="true" cyclomaticComplexity="0" nPathComplexity="0" sequenceCoverage="100.0" branchCoverage="0" crapScore="0" isConstructor="true" isStatic="false" isGetter="false" isSetter="false">
              <Summary numSequencePoints="4" visitedSequencePoints="4" numBranchPoints="0" visitedBranchPoints="0" sequenceCoverage="100.0" branchCoverage="0" maxCyclomaticComplexity="0" minCyclomaticComplexity="0" maxCrapScore="0" minCrapScore="0" visitedClasses="0" numClasses="0" visitedMethods="1" numMethods="1" />
              <MetadataToken>100663357</MetadataToken>
              <Name>TechnicalEvaluation.Domain.CareerAggregate.ContentDescription::ContentDescription(System.String)</Name>
              <FileRef uid="11" />
              <SequencePoints>
                <SequencePoint vc="51" uspid="227" ordinal="0" offset="0" sl="22" sc="9" el="22" ec="9" bec="0" bev="0" fileid="11" />
                <SequencePoint vc="51" uspid="228" ordinal="0" offset="7" sl="23" sc="9" el="23" ec="9" bec="0" bev="0" fileid="11" />
                <SequencePoint vc="51" uspid="229" ordinal="0" offset="8" sl="24" sc="13" el="24" ec="13" bec="0" bev="0" fileid="11" />
                <SequencePoint vc="51" uspid="230" ordinal="0" offset="15" sl="25" sc="9" el="25" ec="9" bec="0" bev="0" fileid="11" />
              </SequencePoints>
              <BranchPoints />
            </Method>
          </Methods>
        </Class>
        <Class>
          <Summary numSequencePoints="3" visitedSequencePoints="3" numBranchPoints="0" visitedBranchPoints="0" sequenceCoverage="100.0" branchCoverage="0.0" maxCyclomaticComplexity="0" minCyclomaticComplexity="0" maxCrapScore="0" minCrapScore="0" visitedClasses="1" numClasses="1" visitedMethods="1" numMethods="1" />
          <FullName>TechnicalEvaluation.Domain.CareerAggregate.ContentType</FullName>
          <Methods>
            <Method visited="true" cyclomaticComplexity="0" nPathComplexity="0" sequenceCoverage="100.0" branchCoverage="0" crapScore="0" isConstructor="true" isStatic="false" isGetter="false" isSetter="false">
              <Summary numSequencePoints="3" visitedSequencePoints="3" numBranchPoints="0" visitedBranchPoints="0" sequenceCoverage="100.0" branchCoverage="0" maxCyclomaticComplexity="0" minCyclomaticComplexity="0" maxCrapScore="0" minCrapScore="0" visitedClasses="0" numClasses="0" visitedMethods="1" numMethods="1" />
              <MetadataToken>100663360</MetadataToken>
              <Name>TechnicalEvaluation.Domain.CareerAggregate.ContentType::ContentType(TechnicalEvaluation.Domain.CareerAggregate.ContentTypeId)</Name>
              <FileRef uid="12" />
              <SequencePoints>
                <SequencePoint vc="5" uspid="231" ordinal="0" offset="0" sl="16" sc="15" el="16" ec="15" bec="0" bev="0" fileid="12" />
                <SequencePoint vc="5" uspid="232" ordinal="0" offset="8" sl="17" sc="9" el="17" ec="9" bec="0" bev="0" fileid="12" />
                <SequencePoint vc="5" uspid="233" ordinal="0" offset="9" sl="18" sc="9" el="18" ec="9" bec="0" bev="0" fileid="12" />
              </SequencePoints>
              <BranchPoints />
            </Method>
          </Methods>
        </Class>
        <Class>
          <Summary numSequencePoints="14" visitedSequencePoints="14" numBranchPoints="0" visitedBranchPoints="0" sequenceCoverage="100.0" branchCoverage="0.0" maxCyclomaticComplexity="0" minCyclomaticComplexity="0" maxCrapScore="0" minCrapScore="0" visitedClasses="1" numClasses="1" visitedMethods="3" numMethods="3" />
          <FullName>TechnicalEvaluation.Domain.CareerAggregate.ContentTypeId</FullName>
          <Methods>
            <Method visited="true" cyclomaticComplexity="0" nPathComplexity="0" sequenceCoverage="100.0" branchCoverage="0" crapScore="0" isConstructor="false" isStatic="false" isGetter="true" isSetter="false">
              <Summary numSequencePoints="1" visitedSequencePoints="1" numBranchPoints="0" visitedBranchPoints="0" sequenceCoverage="100.0" branchCoverage="0" maxCyclomaticComplexity="0" minCyclomaticComplexity="0" maxCrapScore="0" minCrapScore="0" visitedClasses="0" numClasses="0" visitedMethods="1" numMethods="1" />
              <MetadataToken>100663362</MetadataToken>
              <Name>System.String TechnicalEvaluation.Domain.CareerAggregate.ContentTypeId::get_Value()</Name>
              <FileRef uid="13" />
              <SequencePoints>
                <SequencePoint vc="24" uspid="237" ordinal="0" offset="0" sl="15" sc="31" el="15" ec="31" bec="0" bev="0" fileid="13" />
              </SequencePoints>
              <BranchPoints />
            </Method>
            <Method visited="true" cyclomaticComplexity="0" nPathComplexity="0" sequenceCoverage="100.0" branchCoverage="0" crapScore="0" isConstructor="false" isStatic="true" isGetter="false" isSetter="false">
              <Summary numSequencePoints="9" visitedSequencePoints="9" numBranchPoints="0" visitedBranchPoints="0" sequenceCoverage="100.0" branchCoverage="0" maxCyclomaticComplexity="0" minCyclomaticComplexity="0" maxCrapScore="0" minCrapScore="0" visitedClasses="0" numClasses="0" visitedMethods="1" numMethods="1" />
              <MetadataToken>100663364</MetadataToken>
[...]
          <FullName>TechnicalEvaluation.Presentation.Unity.Singleton[T]</FullName>
          <Methods>
            <Method visited="false" cyclomaticComplexity="0" nPathComplexity="0" sequenceCoverage="0.0" branchCoverage="0" crapScore="0" isConstructor="false" isStatic="true" isGetter="true" isSetter="false">
              <Summary numSequencePoints="12" visitedSequencePoints="0" numBranchPoints="0" visitedBranchPoints="0" sequenceCoverage="0.0" branchCoverage="0" maxCyclomaticComplexity="0" minCyclomaticComplexity="0" maxCrapScore="0" minCrapScore="0" visitedClasses="0" numClasses="0" visitedMethods="0" numMethods="1" />
              <MetadataToken>100663337</MetadataToken>
              <Name>static T TechnicalEvaluation.Presentation.Unity.Singleton[T]::get_Instance()</Name>
              <FileRef uid="35" />
              <SequencePoints>
                <SequencePoint vc="0" uspid="1113" ordinal="0" offset="0" sl="12" sc="0" el="12" ec="0" bec="0" bev="0" fileid="35" />
                <SequencePoint vc="0" uspid="1114" ordinal="0" offset="1" sl="13" sc="0" el="13" ec="0" bec="0" bev="0" fileid="35" />
                <SequencePoint vc="0" uspid="1115" ordinal="0" offset="21" sl="14" sc="0" el="14" ec="0" bec="0" bev="0" fileid="35" />
                <SequencePoint vc="0" uspid="1116" ordinal="0" offset="22" sl="15" sc="0" el="15" ec="0" bec="0" bev="0" fileid="35" />
                <SequencePoint vc="0" uspid="1117" ordinal="0" offset="32" sl="17" sc="0" el="17" ec="0" bec="0" bev="0" fileid="35" />
                <SequencePoint vc="0" uspid="1118" ordinal="0" offset="52" sl="18" sc="0" el="18" ec="0" bec="0" bev="0" fileid="35" />
                <SequencePoint vc="0" uspid="1119" ordinal="0" offset="53" sl="19" sc="0" el="19" ec="0" bec="0" bev="0" fileid="35" />
                <SequencePoint vc="0" uspid="1120" ordinal="0" offset="74" sl="20" sc="0" el="20" ec="0" bec="0" bev="0" fileid="35" />
                <SequencePoint vc="0" uspid="1121" ordinal="0" offset="85" sl="21" sc="0" el="21" ec="0" bec="0" bev="0" fileid="35" />
                <SequencePoint vc="0" uspid="1122" ordinal="0" offset="86" sl="22" sc="0" el="22" ec="0" bec="0" bev="0" fileid="35" />
                <SequencePoint vc="0" uspid="1123" ordinal="0" offset="87" sl="24" sc="0" el="24" ec="0" bec="0" bev="0" fileid="35" />
                <SequencePoint vc="0" uspid="1124" ordinal="0" offset="95" sl="25" sc="0" el="25" ec="0" bec="0" bev="0" fileid="35" />
              </SequencePoints>
              <BranchPoints />
            </Method>
            <Method visited="false" cyclomaticComplexity="0" nPathComplexity="0" sequenceCoverage="0.0" branchCoverage="0" crapScore="0" isConstructor="false" isStatic="false" isGetter="false" isSetter="false">
              <Summary numSequencePoints="10" visitedSequencePoints="0" numBranchPoints="0" visitedBranchPoints="0" sequenceCoverage="0.0" branchCoverage="0" maxCyclomaticComplexity="0" minCyclomaticComplexity="0" maxCrapScore="0" minCrapScore="0" visitedClasses="0" numClasses="0" visitedMethods="0" numMethods="1" />
              <MetadataToken>100663338</MetadataToken>
              <Name>System.Void TechnicalEvaluation.Presentation.Unity.Singleton[T]::Awake()</Name>
              <FileRef uid="35" />
              <SequencePoints>
                <SequencePoint vc="0" uspid="1125" ordinal="0" offset="0" sl="29" sc="0" el="29" ec="0" bec="0" bev="0" fileid="35" />
                <SequencePoint vc="0" uspid="1126" ordinal="0" offset="1" sl="30" sc="0" el="30" ec="0" bec="0" bev="0" fileid="35" />
                <SequencePoint vc="0" uspid="1127" ordinal="0" offset="21" sl="31" sc="0" el="31" ec="0" bec="0" bev="0" fileid="35" />
                <SequencePoint vc="0" uspid="1128" ordinal="0" offset="22" sl="32" sc="0" el="32" ec="0" bec="0" bev="0" fileid="35" />
                <SequencePoint vc="0" uspid="1129" ordinal="0" offset="38" sl="33" sc="0" el="33" ec="0" bec="0" bev="0" fileid="35" />
                <SequencePoint vc="0" uspid="1130" ordinal="0" offset="50" sl="34" sc="0" el="34" ec="0" bec="0" bev="0" fileid="35" />
                <SequencePoint vc="0" uspid="1131" ordinal="0" offset="53" sl="36" sc="0" el="36" ec="0" bec="0" bev="0" fileid="35" />
                <SequencePoint vc="0" uspid="1132" ordinal="0" offset="54" sl="37" sc="0" el="37" ec="0" bec="0" bev="0" fileid="35" />
                <SequencePoint vc="0" uspid="1133" ordinal="0" offset="66" sl="38" sc="0" el="38" ec="0" bec="0" bev="0" fileid="35" />
                <SequencePoint vc="0" uspid="1134" ordinal="0" offset="67" sl="39" sc="0" el="39" ec="0" bec="0" bev="0" fileid="35" />
              </SequencePoints>
              <BranchPoints />
            </Method>
          </Methods>
        </Class>
        <Class>
          <Summary numSequencePoints="17" visitedSequencePoints="10" numBranchPoints="0" visitedBranchPoints="0" sequenceCoverage="58.82" branchCoverage="0.0" maxCyclomaticComplexity="0" minCyclomaticComplexity="0" maxCrapScore="0" minCrapScore="0" visitedClasses="1" numClasses="1" visitedMethods="2" numMethods="2" />
          <FullName>TechnicalEvaluation.Presentation.Unity.UICareerSearchPresenter</FullName>
          <Methods>
            <Method visited="true" cyclomaticComplexity="0" nPathComplexity="0" sequenceCoverage="62.50" branchCoverage="0" crapScore="0" isConstructor="false" isStatic="false" isGetter="false" isSetter="false">
              <Summary numSequencePoints="8" visitedSequencePoints="5" numBranchPoints="0" visitedBranchPoints="0" sequenceCoverage="62.50" branchCoverage="0" maxCyclomaticComplexity="0" minCyclomaticComplexity="0" maxCrapScore="0" minCrapScore="0" visitedClasses="0" numClasses="0" visitedMethods="1" numMethods="1" />
              <MetadataToken>100663346</MetadataToken>
              <Name>System.Void TechnicalEvaluation.Presentation.Unity.UICareerSearchPresenter::Render(TechnicalEvaluation.Domain.CareerAggregate.Career)</Name>
              <FileRef uid="37" />
              <SequencePoints>
                <SequencePoint vc="8" uspid="1148" ordinal="0" offset="0" sl="15" sc="9" el="15" ec="9" bec="0" bev="0" fileid="37" />
                <SequencePoint vc="8" uspid="1149" ordinal="0" offset="1" sl="16" sc="13" el="16" ec="13" bec="0" bev="0" fileid="37" />
                <SequencePoint vc="8" uspid="1150" ordinal="0" offset="18" sl="17" sc="13" el="17" ec="13" bec="0" bev="0" fileid="37" />
                <SequencePoint vc="0" uspid="1151" ordinal="0" offset="31" sl="18" sc="13" el="18" ec="13" bec="0" bev="0" fileid="37" />
                <SequencePoint vc="0" uspid="1152" ordinal="0" offset="32" sl="19" sc="17" el="19" ec="17" bec="0" bev="0" fileid="37" />
                <SequencePoint vc="0" uspid="1153" ordinal="0" offset="43" sl="20" sc="17" el="20" ec="17" bec="0" bev="0" fileid="37" />
                <SequencePoint vc="8" uspid="1154" ordinal="0" offset="45" sl="22" sc="13" el="22" ec="13" bec="0" bev="0" fileid="37" />
                <SequencePoint vc="8" uspid="1155" ordinal="0" offset="68" sl="24" sc="9" el="24" ec="9" bec="0" bev="0" fileid="37" />
              </SequencePoints>
              <BranchPoints />
            </Method>
            <Method visited="true" cyclomaticComplexity="0" nPathComplexity="0" sequenceCoverage="55.56" branchCoverage="0" crapScore="0" isConstructor="false" isStatic="false" isGetter="false" isSetter="false">
              <Summary numSequencePoints="9" visitedSequencePoints="5" numBranchPoints="0" visitedBranchPoints="0" sequenceCoverage="55.56" branchCoverage="0" maxCyclomaticComplexity="0" minCyclomaticComplexity="0" maxCrapScore="0" minCrapScore="0" visitedClasses="0" numClasses="0" visitedMethods="1" numMethods="1" />
              <MetadataToken>100663347</MetadataToken>
              <Name>System.Void TechnicalEvaluation.Presentation.Unity.UICareerSearchPresenter::ClearContents()</Name>
              <FileRef uid="37" />
              <SequencePoints>
                <SequencePoint vc="3" uspid="1156" ordinal="0" offset="0" sl="27" sc="9" el="27" ec="9" bec="0" bev="0" fileid="37" />
                <SequencePoint vc="3" uspid="1157" ordinal="0" offset="1" sl="28" sc="13" el="28" ec="13" bec="0" bev="0" fileid="37" />
                <SequencePoint vc="3" uspid="1158" ordinal="0" offset="2" sl="28" sc="41" el="28" ec="41" bec="0" bev="0" fileid="37" />
                <SequencePoint vc="0" uspid="1159" ordinal="0" offset="21" sl="28" sc="22" el="28" ec="22" bec="0" bev="0" fileid="37" />
                <SequencePoint vc="0" uspid="1160" ordinal="0" offset="33" sl="29" sc="13" el="29" ec="13" bec="0" bev="0" fileid="37" />
                <SequencePoint vc="0" uspid="1161" ordinal="0" offset="34" sl="30" sc="17" el="30" ec="17" bec="0" bev="0" fileid="37" />
                <SequencePoint vc="0" uspid="1162" ordinal="0" offset="46" sl="31" sc="13" el="31" ec="13" bec="0" bev="0" fileid="37" />
                <SequencePoint vc="3" uspid="1163" ordinal="0" offset="47" sl="28" sc="38" el="28" ec="38" bec="0" bev="0" fileid="37" />
                <SequencePoint vc="3" uspid="1164" ordinal="0" offset="75" sl="32" sc="9" el="32" ec="9" bec="0" bev="0" fileid="37" />
              </SequencePoints>
              <BranchPoints />
            </Method>
          </Methods>
        </Class>
        <Class>
          <Summary numSequencePoints="27" visitedSequencePoints="20" numBranchPoints="0" visitedBranchPoints="0" sequenceCoverage="74.07" branchCoverage="0.0" maxCyclomaticComplexity="0" minCyclomaticComplexity="0" maxCrapScore="0" minCrapScore="0" visitedClasses="1" numClasses="1" visitedMethods="2" numMethods="2" />
          <FullName>TechnicalEvaluation.Presentation.Unity.UISpecificCareerPresenter</FullName>
          <Methods>
            <Method visited="true" cyclomaticComplexity="0" nPathComplexity="0" sequenceCoverage="83.33" branchCoverage="0" crapScore="0" isConstructor="false" isStatic="false" isGetter="false" isSetter="false">
              <Summary numSequencePoints="18" visitedSequencePoints="15" numBranchPoints="0" visitedBranchPoints="0" sequenceCoverage="83.33" branchCoverage="0" maxCyclomaticComplexity="0" minCyclomaticComplexity="0" maxCrapScore="0" minCrapScore="0" visitedClasses="0" numClasses="0" visitedMethods="1" numMethods="1" />
              <MetadataToken>100663349</MetadataToken>
              <Name>System.Void TechnicalEvaluation.Presentation.Unity.UISpecificCareerPresenter::Render(TechnicalEvaluation.Domain.CareerAggregate.Career)</Name>
              <FileRef uid="38" />
              <SequencePoints>
                <SequencePoint vc="5" uspid="1165" ordinal="0" offset="0" sl="19" sc="9" el="19" ec="9" bec="0" bev="0" fileid="38" />
                <SequencePoint vc="5" uspid="1166" ordinal="0" offset="1" sl="20" sc="13" el="20" ec="13" bec="0" bev="0" fileid="38" />
                <SequencePoint vc="2" uspid="1167" ordinal="0" offset="17" sl="21" sc="17" el="21" ec="17" bec="0" bev="0" fileid="38" />
                <SequencePoint vc="5" uspid="1168" ordinal="0" offset="40" sl="23" sc="13" el="23" ec="13" bec="0" bev="0" fileid="38" />
                <SequencePoint vc="2" uspid="1169" ordinal="0" offset="56" sl="24" sc="17" el="24" ec="17" bec="0" bev="0" fileid="38" />
                <SequencePoint vc="5" uspid="1170" ordinal="0" offset="87" sl="26" sc="13" el="26" ec="13" bec="0" bev="0" fileid="38" />
                <SequencePoint vc="5" uspid="1171" ordinal="0" offset="88" sl="26" sc="36" el="26" ec="36" bec="0" bev="0" fileid="38" />
                <SequencePoint vc="8" uspid="1172" ordinal="0" offset="102" sl="26" sc="21" el="26" ec="21" bec="0" bev="0" fileid="38" />
                <SequencePoint vc="8" uspid="1173" ordinal="0" offset="110" sl="27" sc="13" el="27" ec="13" bec="0" bev="0" fileid="38" />
                <SequencePoint vc="8" uspid="1174" ordinal="0" offset="111" sl="28" sc="17" el="28" ec="17" bec="0" bev="0" fileid="38" />
                <SequencePoint vc="8" uspid="1175" ordinal="0" offset="142" sl="29" sc="17" el="29" ec="17" bec="0" bev="0" fileid="38" />
                <SequencePoint vc="0" uspid="1176" ordinal="0" offset="157" sl="30" sc="17" el="30" ec="17" bec="0" bev="0" fileid="38" />
                <SequencePoint vc="0" uspid="1177" ordinal="0" offset="158" sl="31" sc="21" el="31" ec="21" bec="0" bev="0" fileid="38" />
                <SequencePoint vc="0" uspid="1178" ordinal="0" offset="169" sl="32" sc="21" el="32" ec="21" bec="0" bev="0" fileid="38" />
                <SequencePoint vc="8" uspid="1179" ordinal="0" offset="171" sl="34" sc="17" el="34" ec="17" bec="0" bev="0" fileid="38" />
                <SequencePoint vc="8" uspid="1180" ordinal="0" offset="195" sl="35" sc="13" el="35" ec="13" bec="0" bev="0" fileid="38" />
                <SequencePoint vc="13" uspid="1181" ordinal="0" offset="196" sl="26" sc="33" el="26" ec="33" bec="0" bev="0" fileid="38" />
                <SequencePoint vc="5" uspid="1182" ordinal="0" offset="217" sl="38" sc="9" el="38" ec="9" bec="0" bev="0" fileid="38" />
              </SequencePoints>
              <BranchPoints />
            </Method>
            <Method visited="true" cyclomaticComplexity="0" nPathComplexity="0" sequenceCoverage="55.56" branchCoverage="0" crapScore="0" isConstructor="false" isStatic="false" isGetter="false" isSetter="false">
              <Summary numSequencePoints="9" visitedSequencePoints="5" numBranchPoints="0" visitedBranchPoints="0" sequenceCoverage="55.56" branchCoverage="0" maxCyclomaticComplexity="0" minCyclomaticComplexity="0" maxCrapScore="0" minCrapScore="0" visitedClasses="0" numClasses="0" visitedMethods="1" numMethods="1" />
              <MetadataToken>100663350</MetadataToken>
              <Name>System.Void TechnicalEvaluation.Presentation.Unity.UISpecificCareerPresenter::ClearContents()</Name>
              <FileRef uid="38" />
              <SequencePoints>
                <SequencePoint vc="3" uspid="1183" ordinal="0" offset="0" sl="41" sc="9" el="41" ec="9" bec="0" bev="0" fileid="38" />
                <SequencePoint vc="3" uspid="1184" ordinal="0" offset="1" sl="42" sc="13" el="42" ec="13" bec="0" bev="0" fileid="38" />
                <SequencePoint vc="3" uspid="1185" ordinal="0" offset="2" sl="42" sc="41" el="42" ec="41" bec="0" bev="0" fileid="38" />
                <SequencePoint vc="0" uspid="1186" ordinal="0" offset="21" sl="42" sc="22" el="42" ec="22" bec="0" bev="0" fileid="38" />
                <SequencePoint vc="0" uspid="1187" ordinal="0" offset="33" sl="43" sc="13" el="43" ec="13" bec="0" bev="0" fileid="38" />
                <SequencePoint vc="0" uspid="1188" ordinal="0" offset="34" sl="44" sc="17" el="44" ec="17" bec="0" bev="0" fileid="38" />
                <SequencePoint vc="0" uspid="1189" ordinal="0" offset="46" sl="45" sc="13" el="45" ec="13" bec="0" bev="0" fileid="38" />
                <SequencePoint vc="3" uspid="1190" ordinal="0" offset="47" sl="42" sc="38" el="42" ec="38" bec="0" bev="0" fileid="38" />
                <SequencePoint vc="3" uspid="1191" ordinal="0" offset="75" sl="46" sc="9" el="46" ec="9" bec="0" bev="0" fileid="38" />
              </SequencePoints>
              <BranchPoints />
            </Method>
          </Methods>
        </Class>
        <Class>
          <Summary numSequencePoints="6" visitedSequencePoints="4" numBranchPoints="0" visitedBranchPoints="0" sequenceCoverage="66.67" branchCoverage="0.0" maxCyclomaticComplexity="0" minCyclomaticComplexity="0" maxCrapScore="0" minCrapScore="0" visitedClasses="1" numClasses="1" visitedMethods="1" numMethods="1" />
          <FullName>CareerManager/&lt;DisplayCareer&gt;d__2</FullName>
          <Methods>
            <Method visited="true" cyclomaticComplexity="0" nPathComplexity="0" sequenceCoverage="66.67" branchCoverage="0" crapScore="0" isConstructor="false" isStatic="false" isGetter="false" isSetter="false">
              <Summary numSequencePoints="6" visitedSequencePoints="4" numBranchPoints="0" visitedBranchPoints="0" sequenceCoverage="66.67" branchCoverage="0" maxCyclomaticComplexity="0" minCyclomaticComplexity="0" maxCrapScore="0" minCrapScore="0" visitedClasses="0" numClasses="0" visitedMethods="1" numMethods="1" />
              <MetadataToken>100663353</MetadataToken>
              <Name>System.Void CareerManager/&lt;DisplayCareer&gt;d__2::MoveNext()</Name>
              <FileRef uid="28" />
              <SequencePoints>
                <SequencePoint vc="3" uspid="1192" ordinal="0" offset="14" sl="25" sc="5" el="25" ec="5" bec="0" bev="0" fileid="28" />
                <SequencePoint vc="3" uspid="1193" ordinal="0" offset="15" sl="26" sc="9" el="26" ec="9" bec="0" bev="0" fileid="28" />
                <SequencePoint vc="0" uspid="1194" ordinal="0" offset="61" sl="26" sc="9" el="26" ec="9" bec="0" bev="0" fileid="28" />
                <SequencePoint vc="0" uspid="1195" ordinal="0" offset="91" sl="26" sc="9" el="26" ec="9" bec="0" bev="0" fileid="28" />
                <SequencePoint vc="3" uspid="1196" ordinal="0" offset="151" sl="27" sc="9" el="27" ec="9" bec="0" bev="0" fileid="28" />
                <SequencePoint vc="3" uspid="1197" ordinal="0" offset="225" sl="28" sc="5" el="28" ec="5" bec="0" bev="0" fileid="28" />
              </SequencePoints>
              <BranchPoints />
            </Method>
          </Methods>
        </Class>
        <Class>
          <Summary numSequencePoints="7" visitedSequencePoints="5" numBranchPoints="0" visitedBranchPoints="0" sequenceCoverage="71.43" branchCoverage="0.0" maxCyclomaticComplexity="0" minCyclomaticComplexity="0" maxCrapScore="0" minCrapScore="0" visitedClasses="1" numClasses="1" visitedMethods="1" numMethods="1" />
          <FullName>CareerManager/&lt;DisplayCareers&gt;d__1</FullName>
          <Methods>
            <Method visited="true" cyclomaticComplexity="0" nPathComplexity="0" sequenceCoverage="71.43" branchCoverage="0" crapScore="0" isConstructor="false" isStatic="false" isGetter="false" isSetter="false">
              <Summary numSequencePoints="7" visitedSequencePoints="5" numBranchPoints="0" visitedBranchPoints="0" sequenceCoverage="71.43" branchCoverage="0" maxCyclomaticComplexity="0" minCyclomaticComplexity="0" maxCrapScore="0" minCrapScore="0" visitedClasses="0" numClasses="0" visitedMethods="1" numMethods="1" />
              <MetadataToken>100663356</MetadataToken>
              <Name>System.Void CareerManager/&lt;DisplayCareers&gt;d__1::MoveNext()</Name>
              <FileRef uid="28" />
              <SequencePoints>
                <SequencePoint vc="3" uspid="1198" ordinal="0" offset="14" sl="16" sc="5" el="16" ec="5" bec="0" bev="0" fileid="28" />
                <SequencePoint vc="3" uspid="1199" ordinal="0" offset="15" sl="17" sc="9" el="17" ec="9" bec="0" bev="0" fileid="28" />
                <SequencePoint vc="3" uspid="1200" ordinal="0" offset="43" sl="18" sc="9" el="18" ec="9" bec="0" bev="0" fileid="28" />
                <SequencePoint vc="0" uspid="1201" ordinal="0" offset="89" sl="18" sc="9" el="18" ec="9" bec="0" bev="0" fileid="28" />
                <SequencePoint vc="0" uspid="1202" ordinal="0" offset="119" sl="18" sc="9" el="18" ec="9" bec="0" bev="0" fileid="28" />
                <SequencePoint vc="3" uspid="1203" ordinal="0" offset="179" sl="19" sc="9" el="19" ec="9" bec="0" bev="0" fileid="28" />
                <SequencePoint vc="3" uspid="1204" ordinal="0" offset="241" sl="20" sc="5" el="20" ec="5" bec="0" bev="0" fileid="28" />
              </SequencePoints>
              <BranchPoints />
            </Method>
          </Methods>
        </Class>
      </Classes>
    </Module>
  </Modules>
</CoverageSession>