<?xml version="1.0" encoding="utf-8"?>
<CoverageSession xmlns:xsd="http://www.w3.org/2001/XMLSchema" xmlns:xsi="http://www.w3.org/2001/XMLSchema-instance" Version="0.0.0.0">
  <Summary numSequencePoints="655" visitedSequencePoints="501" numBranchPoints="0" visitedBranchPoints="0" sequenceCoverage="76.49" branchCoverage="0.0" maxCyclomaticComplexity="0" minCyclomaticComplexity="0" maxCrapScore="0" minCrapScore="0" visitedClasses="44" numClasses="46" visitedMethods="114" numMethods="125" />
  <Modules>
    <Module>
      <Summary numSequencePoints="21" visitedSequencePoints="15" numBranchPoints="0" visitedBranchPoints="0" sequenceCoverage="71.43" branchCoverage="0.0" maxCyclomaticComplexity="0" minCyclomaticComplexity="0" maxCrapScore="0" minCrapScore="0" visitedClasses="4" numClasses="4" visitedMethods="4" numMethods="4" />
      <ModuleTime>0001-01-01T00:00:00</ModuleTime>
      <ModuleName>Application</ModuleName>
      <Files>
        <File uid="1" fullPath="C:/Users/daper/source/repos/ci0126_et01_c15906-daniel_c11993-jean_paul/Frontend/Assets/Scripts/src/Application/Installers/AppLayerInstaller.cs" />
        <File uid="2" fullPath="C:/Users/daper/source/repos/ci0126_et01_c15906-daniel_c11993-jean_paul/Frontend/Assets/Scripts/src/Application/UseCases/CareerUseCase.cs" />
      </Files>
      <Classes>
        <Class>
          <Summary numSequencePoints="4" visitedSequencePoints="4" numBranchPoints="0" visitedBranchPoints="0" sequenceCoverage="100.0" branchCoverage="0.0" maxCyclomaticComplexity="0" minCyclomaticComplexity="0" maxCrapScore="0" minCrapScore="0" visitedClasses="1" numClasses="1" visitedMethods="1" numMethods="1" />
          <FullName>TechnicalEvaluation.Application.UseCases.CareerUseCase</FullName>
          <Methods>
            <Method visited="true" cyclomaticComplexity="0" nPathComplexity="0" sequenceCoverage="100.0" branchCoverage="0" crapScore="0" isConstructor="true" isStatic="false" isGetter="false" isSetter="false">
              <Summary numSequencePoints="4" visitedSequencePoints="4" numBranchPoints="0" visitedBranchPoints="0" sequenceCoverage="100.0" branchCoverage="0" maxCyclomaticComplexity="0" minCyclomaticComplexity="0" maxCrapScore="0" minCrapScore="0" visitedClasses="0" numClasses="0" visitedMethods="1" numMethods="1" />
              <MetadataToken>100663304</MetadataToken>
              <Name>TechnicalEvaluation.Application.UseCases.CareerUseCase::CareerUseCase(TechnicalEvaluation.Application.Repositories.ICareerRepository)</Name>
              <FileRef uid="2" />
              <SequencePoints>
                <SequencePoint vc="12" uspid="22445" ordinal="0" offset="0" sl="28" sc="9" el="28" ec="9" bec="0" bev="0" fileid="2" />
                <SequencePoint vc="12" uspid="22446" ordinal="0" offset="7" sl="29" sc="9" el="29" ec="9" bec="0" bev="0" fileid="2" />
                <SequencePoint vc="12" uspid="22447" ordinal="0" offset="8" sl="30" sc="13" el="30" ec="13" bec="0" bev="0" fileid="2" />
                <SequencePoint vc="12" uspid="22448" ordinal="0" offset="15" sl="31" sc="9" el="31" ec="9" bec="0" bev="0" fileid="2" />
              </SequencePoints>
              <BranchPoints />
            </Method>
          </Methods>
        </Class>
        <Class>
          <Summary numSequencePoints="5" visitedSequencePoints="3" numBranchPoints="0" visitedBranchPoints="0" sequenceCoverage="60.00" branchCoverage="0.0" maxCyclomaticComplexity="0" minCyclomaticComplexity="0" maxCrapScore="0" minCrapScore="0" visitedClasses="1" numClasses="1" visitedMethods="1" numMethods="1" />
          <FullName>TechnicalEvaluation.Application.UseCases.CareerUseCase/&lt;GetAllCareersAsync&gt;d__5</FullName>
          <Methods>
            <Method visited="true" cyclomaticComplexity="0" nPathComplexity="0" sequenceCoverage="60.00" branchCoverage="0" crapScore="0" isConstructor="false" isStatic="false" isGetter="false" isSetter="false">
              <Summary numSequencePoints="5" visitedSequencePoints="3" numBranchPoints="0" visitedBranchPoints="0" sequenceCoverage="60.00" branchCoverage="0" maxCyclomaticComplexity="0" minCyclomaticComplexity="0" maxCrapScore="0" minCrapScore="0" visitedClasses="0" numClasses="0" visitedMethods="1" numMethods="1" />
              <MetadataToken>100663320</MetadataToken>
              <Name>System.Void TechnicalEvaluation.Application.UseCases.CareerUseCase/&lt;GetAllCareersAsync&gt;d__5::MoveNext()</Name>
              <FileRef uid="2" />
              <SequencePoints>
                <SequencePoint vc="4" uspid="22452" ordinal="0" offset="14" sl="62" sc="9" el="62" ec="9" bec="0" bev="0" fileid="2" />
                <SequencePoint vc="4" uspid="22453" ordinal="0" offset="15" sl="63" sc="13" el="63" ec="13" bec="0" bev="0" fileid="2" />
                <SequencePoint vc="0" uspid="22454" ordinal="0" offset="55" sl="63" sc="13" el="63" ec="13" bec="0" bev="0" fileid="2" />
                <SequencePoint vc="0" uspid="22455" ordinal="0" offset="82" sl="63" sc="13" el="63" ec="13" bec="0" bev="0" fileid="2" />
                <SequencePoint vc="4" uspid="22456" ordinal="0" offset="158" sl="64" sc="9" el="64" ec="9" bec="0" bev="0" fileid="2" />
              </SequencePoints>
              <BranchPoints />
            </Method>
          </Methods>
        </Class>
        <Class>
          <Summary numSequencePoints="6" visitedSequencePoints="4" numBranchPoints="0" visitedBranchPoints="0" sequenceCoverage="66.67" branchCoverage="0.0" maxCyclomaticComplexity="0" minCyclomaticComplexity="0" maxCrapScore="0" minCrapScore="0" visitedClasses="1" numClasses="1" visitedMethods="1" numMethods="1" />
          <FullName>TechnicalEvaluation.Application.UseCases.CareerUseCase/&lt;GetCareerByIdAsync&gt;d__4</FullName>
          <Methods>
            <Method visited="true" cyclomaticComplexity="0" nPathComplexity="0" sequenceCoverage="66.67" branchCoverage="0" crapScore="0" isConstructor="false" isStatic="false" isGetter="false" isSetter="false">
              <Summary numSequencePoints="6" visitedSequencePoints="4" numBranchPoints="0" visitedBranchPoints="0" sequenceCoverage="66.67" branchCoverage="0" maxCyclomaticComplexity="0" minCyclomaticComplexity="0" maxCrapScore="0" minCrapScore="0" visitedClasses="0" numClasses="0" visitedMethods="1" numMethods="1" />
              <MetadataToken>100663323</MetadataToken>
              <Name>System.Void TechnicalEvaluation.Application.UseCases.CareerUseCase/&lt;GetCareerByIdAsync&gt;d__4::MoveNext()</Name>
              <FileRef uid="2" />
              <SequencePoints>
                <SequencePoint vc="4" uspid="22457" ordinal="0" offset="14" sl="52" sc="9" el="52" ec="9" bec="0" bev="0" fileid="2" />
                <SequencePoint vc="4" uspid="22458" ordinal="0" offset="15" sl="53" sc="13" el="53" ec="13" bec="0" bev="0" fileid="2" />
                <SequencePoint vc="2" uspid="22459" ordinal="0" offset="32" sl="54" sc="13" el="54" ec="13" bec="0" bev="0" fileid="2" />
                <SequencePoint vc="0" uspid="22460" ordinal="0" offset="78" sl="54" sc="13" el="54" ec="13" bec="0" bev="0" fileid="2" />
                <SequencePoint vc="0" uspid="22461" ordinal="0" offset="105" sl="54" sc="13" el="54" ec="13" bec="0" bev="0" fileid="2" />
                <SequencePoint vc="2" uspid="22462" ordinal="0" offset="188" sl="55" sc="9" el="55" ec="9" bec="0" bev="0" fileid="2" />
              </SequencePoints>
              <BranchPoints />
            </Method>
          </Methods>
        </Class>
        <Class>
          <Summary numSequencePoints="6" visitedSequencePoints="4" numBranchPoints="0" visitedBranchPoints="0" sequenceCoverage="66.67" branchCoverage="0.0" maxCyclomaticComplexity="0" minCyclomaticComplexity="0" maxCrapScore="0" minCrapScore="0" visitedClasses="1" numClasses="1" visitedMethods="1" numMethods="1" />
          <FullName>TechnicalEvaluation.Application.UseCases.CareerUseCase/&lt;SearchCareersByNameAsync&gt;d__3</FullName>
          <Methods>
            <Method visited="true" cyclomaticComplexity="0" nPathComplexity="0" sequenceCoverage="66.67" branchCoverage="0" crapScore="0" isConstructor="false" isStatic="false" isGetter="false" isSetter="false">
              <Summary numSequencePoints="6" visitedSequencePoints="4" numBranchPoints="0" visitedBranchPoints="0" sequenceCoverage="66.67" branchCoverage="0" maxCyclomaticComplexity="0" minCyclomaticComplexity="0" maxCrapScore="0" minCrapScore="0" visitedClasses="0" numClasses="0" visitedMethods="1" numMethods="1" />
              <MetadataToken>100663326</MetadataToken>
              <Name>System.Void TechnicalEvaluation.Application.UseCases.CareerUseCase/&lt;SearchCareersByNameAsync&gt;d__3::MoveNext()</Name>
              <FileRef uid="2" />
              <SequencePoints>
                <SequencePoint vc="4" uspid="22463" ordinal="0" offset="14" sl="40" sc="9" el="40" ec="9" bec="0" bev="0" fileid="2" />
                <SequencePoint vc="4" uspid="22464" ordinal="0" offset="15" sl="41" sc="13" el="41" ec="13" bec="0" bev="0" fileid="2" />
                <SequencePoint vc="2" uspid="22465" ordinal="0" offset="32" sl="43" sc="13" el="43" ec="13" bec="0" bev="0" fileid="2" />
                <SequencePoint vc="0" uspid="22466" ordinal="0" offset="78" sl="43" sc="13" el="43" ec="13" bec="0" bev="0" fileid="2" />
                <SequencePoint vc="0" uspid="22467" ordinal="0" offset="105" sl="43" sc="13" el="43" ec="13" bec="0" bev="0" fileid="2" />
                <SequencePoint vc="2" uspid="22468" ordinal="0" offset="188" sl="44" sc="9" el="44" ec="9" bec="0" bev="0" fileid="2" />
              </SequencePoints>
              <BranchPoints />
            </Method>
          </Methods>
        </Class>
      </Classes>
    </Module>
    <Module>
      <Summary numSequencePoints="212" visitedSequencePoints="188" numBranchPoints="0" visitedBranchPoints="0" sequenceCoverage="88.68" branchCoverage="0.0" maxCyclomaticComplexity="0" minCyclomaticComplexity="0" maxCrapScore="0" minCrapScore="0" visitedClasses="23" numClasses="23" visitedMethods="58" numMethods="63" />
      <ModuleTime>0001-01-01T00:00:00</ModuleTime>
      <ModuleName>Domain</ModuleName>
      <Files>
        <File uid="3" fullPath="C:/Users/daper/source/repos/ci0126_et01_c15906-daniel_c11993-jean_paul/Frontend/Assets/Scripts/src/Domain/Core/AggregateRoot.cs" />
        <File uid="4" fullPath="C:/Users/daper/source/repos/ci0126_et01_c15906-daniel_c11993-jean_paul/Frontend/Assets/Scripts/src/Domain/Core/Entity.cs" />
        <File uid="5" fullPath="C:/Users/daper/source/repos/ci0126_et01_c15906-daniel_c11993-jean_paul/Frontend/Assets/Scripts/src/Domain/Core/ValueObject.cs" />
        <File uid="6" fullPath="C:/Users/daper/source/repos/ci0126_et01_c15906-daniel_c11993-jean_paul/Frontend/Assets/Scripts/src/Domain/CareerAggregate/Area.cs" />
        <File uid="7" fullPath="C:/Users/daper/source/repos/ci0126_et01_c15906-daniel_c11993-jean_paul/Frontend/Assets/Scripts/src/Domain/CareerAggregate/AreaDescription.cs" />
        <File uid="8" fullPath="C:/Users/daper/source/repos/ci0126_et01_c15906-daniel_c11993-jean_paul/Frontend/Assets/Scripts/src/Domain/CareerAggregate/Career.cs" />
        <File uid="9" fullPath="C:/Users/daper/source/repos/ci0126_et01_c15906-daniel_c11993-jean_paul/Frontend/Assets/Scripts/src/Domain/CareerAggregate/CareerName.cs" />
        <File uid="10" fullPath="C:/Users/daper/source/repos/ci0126_et01_c15906-daniel_c11993-jean_paul/Frontend/Assets/Scripts/src/Domain/CareerAggregate/Content.cs" />
        <File uid="11" fullPath="C:/Users/daper/source/repos/ci0126_et01_c15906-daniel_c11993-jean_paul/Frontend/Assets/Scripts/src/Domain/CareerAggregate/ContentDescription.cs" />
        <File uid="12" fullPath="C:/Users/daper/source/repos/ci0126_et01_c15906-daniel_c11993-jean_paul/Frontend/Assets/Scripts/src/Domain/CareerAggregate/ContentType.cs" />
        <File uid="13" fullPath="C:/Users/daper/source/repos/ci0126_et01_c15906-daniel_c11993-jean_paul/Frontend/Assets/Scripts/src/Domain/CareerAggregate/ContentTypeId.cs" />
        <File uid="14" fullPath="C:/Users/daper/source/repos/ci0126_et01_c15906-daniel_c11993-jean_paul/Frontend/Assets/Scripts/src/Domain/CareerAggregate/Percentage.cs" />
        <File uid="15" fullPath="C:/Users/daper/source/repos/ci0126_et01_c15906-daniel_c11993-jean_paul/Frontend/Assets/Scripts/src/Domain/CareerAggregate/Scholarship.cs" />
      </Files>
      <Classes>
        <Class>
          <Summary numSequencePoints="6" visitedSequencePoints="3" numBranchPoints="0" visitedBranchPoints="0" sequenceCoverage="50.00" branchCoverage="0.0" maxCyclomaticComplexity="0" minCyclomaticComplexity="0" maxCrapScore="0" minCrapScore="0" visitedClasses="1" numClasses="1" visitedMethods="1" numMethods="2" />
          <FullName>TechnicalEvaluation.Domain.Core.AggregateRoot[TId]</FullName>
          <Methods>
            <Method visited="true" cyclomaticComplexity="0" nPathComplexity="0" sequenceCoverage="100.0" branchCoverage="0" crapScore="0" isConstructor="true" isStatic="false" isGetter="false" isSetter="false">
              <Summary numSequencePoints="3" visitedSequencePoints="3" numBranchPoints="0" visitedBranchPoints="0" sequenceCoverage="100.0" branchCoverage="0" maxCyclomaticComplexity="0" minCyclomaticComplexity="0" maxCrapScore="0" minCrapScore="0" visitedClasses="0" numClasses="0" visitedMethods="1" numMethods="1" />
              <MetadataToken>100663303</MetadataToken>
              <Name>TechnicalEvaluation.Domain.Core.AggregateRoot[TId]::AggregateRoot(TId)</Name>
              <FileRef uid="3" />
              <SequencePoints>
                <SequencePoint vc="46" uspid="22469" ordinal="0" offset="0" sl="15" sc="0" el="15" ec="0" bec="0" bev="0" fileid="3" />
                <SequencePoint vc="46" uspid="22470" ordinal="0" offset="8" sl="16" sc="0" el="16" ec="0" bec="0" bev="0" fileid="3" />
                <SequencePoint vc="46" uspid="22471" ordinal="0" offset="9" sl="17" sc="0" el="17" ec="0" bec="0" bev="0" fileid="3" />
              </SequencePoints>
              <BranchPoints />
            </Method>
            <Method visited="false" cyclomaticComplexity="0" nPathComplexity="0" sequenceCoverage="0.0" branchCoverage="0" crapScore="0" isConstructor="true" isStatic="false" isGetter="false" isSetter="false">
              <Summary numSequencePoints="3" visitedSequencePoints="0" numBranchPoints="0" visitedBranchPoints="0" sequenceCoverage="0.0" branchCoverage="0" maxCyclomaticComplexity="0" minCyclomaticComplexity="0" maxCrapScore="0" minCrapScore="0" visitedClasses="0" numClasses="0" visitedMethods="0" numMethods="1" />
              <MetadataToken>100663304</MetadataToken>
              <Name>TechnicalEvaluation.Domain.Core.AggregateRoot[TId]::AggregateRoot()</Name>
              <FileRef uid="3" />
              <SequencePoints>
                <SequencePoint vc="0" uspid="22472" ordinal="0" offset="0" sl="25" sc="0" el="25" ec="0" bec="0" bev="0" fileid="3" />
                <SequencePoint vc="0" uspid="22473" ordinal="0" offset="7" sl="26" sc="0" el="26" ec="0" bec="0" bev="0" fileid="3" />
                <SequencePoint vc="0" uspid="22474" ordinal="0" offset="8" sl="27" sc="0" el="27" ec="0" bec="0" bev="0" fileid="3" />
              </SequencePoints>
              <BranchPoints />
            </Method>
          </Methods>
        </Class>
        <Class>
          <Summary numSequencePoints="24" visitedSequencePoints="12" numBranchPoints="0" visitedBranchPoints="0" sequenceCoverage="50.00" branchCoverage="0.0" maxCyclomaticComplexity="0" minCyclomaticComplexity="0" maxCrapScore="0" minCrapScore="0" visitedClasses="1" numClasses="1" visitedMethods="5" numMethods="9" />
          <FullName>TechnicalEvaluation.Domain.Core.Entity[TId]</FullName>
          <Methods>
            <Method visited="true" cyclomaticComplexity="0" nPathComplexity="0" sequenceCoverage="100.0" branchCoverage="0" crapScore="0" isConstructor="false" isStatic="false" isGetter="true" isSetter="false">
              <Summary numSequencePoints="1" visitedSequencePoints="1" numBranchPoints="0" visitedBranchPoints="0" sequenceCoverage="100.0" branchCoverage="0" maxCyclomaticComplexity="0" minCyclomaticComplexity="0" maxCrapScore="0" minCrapScore="0" visitedClasses="0" numClasses="0" visitedMethods="1" numMethods="1" />
              <MetadataToken>100663305</MetadataToken>
              <Name>TId TechnicalEvaluation.Domain.Core.Entity[TId]::get_Id()</Name>
              <FileRef uid="4" />
              <SequencePoints>
                <SequencePoint vc="55" uspid="22475" ordinal="0" offset="0" sl="16" sc="0" el="16" ec="0" bec="0" bev="0" fileid="4" />
              </SequencePoints>
              <BranchPoints />
            </Method>
            <Method visited="true" cyclomaticComplexity="0" nPathComplexity="0" sequenceCoverage="100.0" branchCoverage="0" crapScore="0" isConstructor="false" isStatic="false" isGetter="false" isSetter="true">
              <Summary numSequencePoints="1" visitedSequencePoints="1" numBranchPoints="0" visitedBranchPoints="0" sequenceCoverage="100.0" branchCoverage="0" maxCyclomaticComplexity="0" minCyclomaticComplexity="0" maxCrapScore="0" minCrapScore="0" visitedClasses="0" numClasses="0" visitedMethods="1" numMethods="1" />
              <MetadataToken>100663306</MetadataToken>
              <Name>System.Void TechnicalEvaluation.Domain.Core.Entity[TId]::set_Id(TId)</Name>
              <FileRef uid="4" />
              <SequencePoints>
                <SequencePoint vc="94" uspid="22476" ordinal="0" offset="0" sl="16" sc="0" el="16" ec="0" bec="0" bev="0" fileid="4" />
              </SequencePoints>
              <BranchPoints />
            </Method>
            <Method visited="true" cyclomaticComplexity="0" nPathComplexity="0" sequenceCoverage="100.0" branchCoverage="0" crapScore="0" isConstructor="false" isStatic="false" isGetter="false" isSetter="false">
              <Summary numSequencePoints="3" visitedSequencePoints="3" numBranchPoints="0" visitedBranchPoints="0" sequenceCoverage="100.0" branchCoverage="0" maxCyclomaticComplexity="0" minCyclomaticComplexity="0" maxCrapScore="0" minCrapScore="0" visitedClasses="0" numClasses="0" visitedMethods="1" numMethods="1" />
              <MetadataToken>100663308</MetadataToken>
              <Name>System.Boolean TechnicalEvaluation.Domain.Core.Entity[TId]::Equals(System.Object)</Name>
              <FileRef uid="4" />
              <SequencePoints>
                <SequencePoint vc="17" uspid="22477" ordinal="0" offset="0" sl="33" sc="0" el="33" ec="0" bec="0" bev="0" fileid="4" />
                <SequencePoint vc="17" uspid="22478" ordinal="0" offset="1" sl="34" sc="0" el="34" ec="0" bec="0" bev="0" fileid="4" />
                <SequencePoint vc="17" uspid="22479" ordinal="0" offset="44" sl="35" sc="0" el="35" ec="0" bec="0" bev="0" fileid="4" />
              </SequencePoints>
              <BranchPoints />
            </Method>
            <Method visited="false" cyclomaticComplexity="0" nPathComplexity="0" sequenceCoverage="0.0" branchCoverage="0" crapScore="0" isConstructor="false" isStatic="false" isGetter="false" isSetter="false">
              <Summary numSequencePoints="3" visitedSequencePoints="0" numBranchPoints="0" visitedBranchPoints="0" sequenceCoverage="0.0" branchCoverage="0" maxCyclomaticComplexity="0" minCyclomaticComplexity="0" maxCrapScore="0" minCrapScore="0" visitedClasses="0" numClasses="0" visitedMethods="0" numMethods="1" />
              <MetadataToken>100663309</MetadataToken>
              <Name>System.Boolean TechnicalEvaluation.Domain.Core.Entity[TId]::Equals(TechnicalEvaluation.Domain.Core.Entity[TId])</Name>
              <FileRef uid="4" />
              <SequencePoints>
                <SequencePoint vc="0" uspid="22480" ordinal="0" offset="0" sl="43" sc="0" el="43" ec="0" bec="0" bev="0" fileid="4" />
                <SequencePoint vc="0" uspid="22481" ordinal="0" offset="1" sl="44" sc="0" el="44" ec="0" bec="0" bev="0" fileid="4" />
                <SequencePoint vc="0" uspid="22482" ordinal="0" offset="11" sl="45" sc="0" el="45" ec="0" bec="0" bev="0" fileid="4" />
              </SequencePoints>
              <BranchPoints />
            </Method>
            <Method visited="true" cyclomaticComplexity="0" nPathComplexity="0" sequenceCoverage="100.0" branchCoverage="0" crapScore="0" isConstructor="false" isStatic="true" isGetter="false" isSetter="false">
              <Summary numSequencePoints="3" visitedSequencePoints="3" numBranchPoints="0" visitedBranchPoints="0" sequenceCoverage="100.0" branchCoverage="0" maxCyclomaticComplexity="0" minCyclomaticComplexity="0" maxCrapScore="0" minCrapScore="0" visitedClasses="0" numClasses="0" visitedMethods="1" numMethods="1" />
              <MetadataToken>100663310</MetadataToken>
              <Name>static System.Boolean TechnicalEvaluation.Domain.Core.Entity[TId]::operator==(TechnicalEvaluation.Domain.Core.Entity[TId], TechnicalEvaluation.Domain.Core.Entity[TId])</Name>
              <FileRef uid="4" />
              <SequencePoints>
                <SequencePoint vc="4" uspid="22483" ordinal="0" offset="0" sl="54" sc="0" el="54" ec="0" bec="0" bev="0" fileid="4" />
                <SequencePoint vc="4" uspid="22484" ordinal="0" offset="1" sl="55" sc="0" el="55" ec="0" bec="0" bev="0" fileid="4" />
                <SequencePoint vc="4" uspid="22485" ordinal="0" offset="11" sl="56" sc="0" el="56" ec="0" bec="0" bev="0" fileid="4" />
              </SequencePoints>
              <BranchPoints />
            </Method>
            <Method visited="false" cyclomaticComplexity="0" nPathComplexity="0" sequenceCoverage="0.0" branchCoverage="0" crapScore="0" isConstructor="false" isStatic="true" isGetter="false" isSetter="false">
              <Summary numSequencePoints="3" visitedSequencePoints="0" numBranchPoints="0" visitedBranchPoints="0" sequenceCoverage="0.0" branchCoverage="0" maxCyclomaticComplexity="0" minCyclomaticComplexity="0" maxCrapScore="0" minCrapScore="0" visitedClasses="0" numClasses="0" visitedMethods="0" numMethods="1" />
              <MetadataToken>100663311</MetadataToken>
              <Name>static System.Boolean TechnicalEvaluation.Domain.Core.Entity[TId]::operator!=(TechnicalEvaluation.Domain.Core.Entity[TId], TechnicalEvaluation.Domain.Core.Entity[TId])</Name>
              <FileRef uid="4" />
              <SequencePoints>
                <SequencePoint vc="0" uspid="22486" ordinal="0" offset="0" sl="65" sc="0" el="65" ec="0" bec="0" bev="0" fileid="4" />
                <SequencePoint vc="0" uspid="22487" ordinal="0" offset="1" sl="66" sc="0" el="66" ec="0" bec="0" bev="0" fileid="4" />
                <SequencePoint vc="0" uspid="22488" ordinal="0" offset="14" sl="67" sc="0" el="67" ec="0" bec="0" bev="0" fileid="4" />
              </SequencePoints>
              <BranchPoints />
            </Method>
            <Method visited="false" cyclomaticComplexity="0" nPathComplexity="0" sequenceCoverage="0.0" branchCoverage="0" crapScore="0" isConstructor="false" isStatic="false" isGetter="false" isSetter="false">
              <Summary numSequencePoints="3" visitedSequencePoints="0" numBranchPoints="0" visitedBranchPoints="0" sequenceCoverage="0.0" branchCoverage="0" maxCyclomaticComplexity="0" minCyclomaticComplexity="0" maxCrapScore="0" minCrapScore="0" visitedClasses="0" numClasses="0" visitedMethods="0" numMethods="1" />
              <MetadataToken>100663312</MetadataToken>
              <Name>System.Int32 TechnicalEvaluation.Domain.Core.Entity[TId]::GetHashCode()</Name>
              <FileRef uid="4" />
              <SequencePoints>
                <SequencePoint vc="0" uspid="22489" ordinal="0" offset="0" sl="74" sc="0" el="74" ec="0" bec="0" bev="0" fileid="4" />
                <SequencePoint vc="0" uspid="22490" ordinal="0" offset="1" sl="75" sc="0" el="75" ec="0" bec="0" bev="0" fileid="4" />
                <SequencePoint vc="0" uspid="22491" ordinal="0" offset="20" sl="76" sc="0" el="76" ec="0" bec="0" bev="0" fileid="4" />
              </SequencePoints>
              <BranchPoints />
            </Method>
            <Method visited="true" cyclomaticComplexity="0" nPathComplexity="0" sequenceCoverage="100.0" branchCoverage="0" crapScore="0" isConstructor="true" isStatic="false" isGetter="false" isSetter="false">
              <Summary numSequencePoints="4" visitedSequencePoints="4" numBranchPoints="0" visitedBranchPoints="0" sequenceCoverage="100.0" branchCoverage="0" maxCyclomaticComplexity="0" minCyclomaticComplexity="0" maxCrapScore="0" minCrapScore="0" visitedClasses="0" numClasses="0" visitedMethods="1" numMethods="1" />
              <MetadataToken>100663307</MetadataToken>
              <Name>TechnicalEvaluation.Domain.Core.Entity[TId]::Entity(TId)</Name>
              <FileRef uid="4" />
              <SequencePoints>
                <SequencePoint vc="94" uspid="22492" ordinal="0" offset="0" sl="22" sc="0" el="22" ec="0" bec="0" bev="0" fileid="4" />
                <SequencePoint vc="94" uspid="22493" ordinal="0" offset="7" sl="23" sc="0" el="23" ec="0" bec="0" bev="0" fileid="4" />
                <SequencePoint vc="94" uspid="22494" ordinal="0" offset="8" sl="24" sc="0" el="24" ec="0" bec="0" bev="0" fileid="4" />
                <SequencePoint vc="94" uspid="22495" ordinal="0" offset="16" sl="25" sc="0" el="25" ec="0" bec="0" bev="0" fileid="4" />
              </SequencePoints>
              <BranchPoints />
            </Method>
            <Method visited="false" cyclomaticComplexity="0" nPathComplexity="0" sequenceCoverage="0.0" branchCoverage="0" crapScore="0" isConstructor="true" isStatic="false" isGetter="false" isSetter="false">
              <Summary numSequencePoints="3" visitedSequencePoints="0" numBranchPoints="0" visitedBranchPoints="0" sequenceCoverage="0.0" branchCoverage="0" maxCyclomaticComplexity="0" minCyclomaticComplexity="0" maxCrapScore="0" minCrapScore="0" visitedClasses="0" numClasses="0" visitedMethods="0" numMethods="1" />
              <MetadataToken>100663313</MetadataToken>
              <Name>TechnicalEvaluation.Domain.Core.Entity[TId]::Entity()</Name>
              <FileRef uid="4" />
              <SequencePoints>
                <SequencePoint vc="0" uspid="22496" ordinal="0" offset="0" sl="84" sc="0" el="84" ec="0" bec="0" bev="0" fileid="4" />
                <SequencePoint vc="0" uspid="22497" ordinal="0" offset="7" sl="85" sc="0" el="85" ec="0" bec="0" bev="0" fileid="4" />
                <SequencePoint vc="0" uspid="22498" ordinal="0" offset="8" sl="86" sc="0" el="86" ec="0" bec="0" bev="0" fileid="4" />
              </SequencePoints>
              <BranchPoints />
            </Method>
          </Methods>
        </Class>
        <Class>
          <Summary numSequencePoints="12" visitedSequencePoints="11" numBranchPoints="0" visitedBranchPoints="0" sequenceCoverage="91.67" branchCoverage="0.0" maxCyclomaticComplexity="0" minCyclomaticComplexity="0" maxCrapScore="0" minCrapScore="0" visitedClasses="1" numClasses="1" visitedMethods="3" numMethods="3" />
          <FullName>TechnicalEvaluation.Domain.Core.ValueObject</FullName>
          <Methods>
            <Method visited="true" cyclomaticComplexity="0" nPathComplexity="0" sequenceCoverage="83.33" branchCoverage="0" crapScore="0" isConstructor="false" isStatic="false" isGetter="false" isSetter="false">
              <Summary numSequencePoints="6" visitedSequencePoints="5" numBranchPoints="0" visitedBranchPoints="0" sequenceCoverage="83.33" branchCoverage="0" maxCyclomaticComplexity="0" minCyclomaticComplexity="0" maxCrapScore="0" minCrapScore="0" visitedClasses="0" numClasses="0" visitedMethods="1" numMethods="1" />
              <MetadataToken>100663315</MetadataToken>
              <Name>System.Boolean TechnicalEvaluation.Domain.Core.ValueObject::Equals(System.Object)</Name>
              <FileRef uid="5" />
              <SequencePoints>
                <SequencePoint vc="32" uspid="22499" ordinal="0" offset="0" sl="27" sc="9" el="27" ec="9" bec="0" bev="0" fileid="5" />
                <SequencePoint vc="32" uspid="22500" ordinal="0" offset="1" sl="28" sc="13" el="28" ec="13" bec="0" bev="0" fileid="5" />
                <SequencePoint vc="0" uspid="22501" ordinal="0" offset="28" sl="28" sc="60" el="28" ec="60" bec="0" bev="0" fileid="5" />
                <SequencePoint vc="32" uspid="22502" ordinal="0" offset="32" sl="30" sc="13" el="30" ec="13" bec="0" bev="0" fileid="5" />
                <SequencePoint vc="32" uspid="22503" ordinal="0" offset="39" sl="32" sc="13" el="32" ec="13" bec="0" bev="0" fileid="5" />
                <SequencePoint vc="32" uspid="22504" ordinal="0" offset="59" sl="33" sc="9" el="33" ec="9" bec="0" bev="0" fileid="5" />
              </SequencePoints>
              <BranchPoints />
            </Method>
            <Method visited="true" cyclomaticComplexity="0" nPathComplexity="0" sequenceCoverage="100.0" branchCoverage="0" crapScore="0" isConstructor="false" isStatic="true" isGetter="false" isSetter="false">
              <Summary numSequencePoints="3" visitedSequencePoints="3" numBranchPoints="0" visitedBranchPoints="0" sequenceCoverage="100.0" branchCoverage="0" maxCyclomaticComplexity="0" minCyclomaticComplexity="0" maxCrapScore="0" minCrapScore="0" visitedClasses="0" numClasses="0" visitedMethods="1" numMethods="1" />
              <MetadataToken>100663316</MetadataToken>
              <Name>static System.Boolean TechnicalEvaluation.Domain.Core.ValueObject::operator==(TechnicalEvaluation.Domain.Core.ValueObject, TechnicalEvaluation.Domain.Core.ValueObject)</Name>
              <FileRef uid="5" />
              <SequencePoints>
                <SequencePoint vc="1" uspid="22505" ordinal="0" offset="0" sl="42" sc="9" el="42" ec="9" bec="0" bev="0" fileid="5" />
                <SequencePoint vc="1" uspid="22506" ordinal="0" offset="1" sl="43" sc="13" el="43" ec="13" bec="0" bev="0" fileid="5" />
                <SequencePoint vc="1" uspid="22507" ordinal="0" offset="11" sl="44" sc="9" el="44" ec="9" bec="0" bev="0" fileid="5" />
              </SequencePoints>
              <BranchPoints />
            </Method>
            <Method visited="true" cyclomaticComplexity="0" nPathComplexity="0" sequenceCoverage="100.0" branchCoverage="0" crapScore="0" isConstructor="false" isStatic="false" isGetter="false" isSetter="false">
              <Summary numSequencePoints="3" visitedSequencePoints="3" numBranchPoints="0" visitedBranchPoints="0" sequenceCoverage="100.0" branchCoverage="0" maxCyclomaticComplexity="0" minCyclomaticComplexity="0" maxCrapScore="0" minCrapScore="0" visitedClasses="0" numClasses="0" visitedMethods="1" numMethods="1" />
              <MetadataToken>100663319</MetadataToken>
              <Name>System.Boolean TechnicalEvaluation.Domain.Core.ValueObject::Equals(TechnicalEvaluation.Domain.Core.ValueObject)</Name>
              <FileRef uid="5" />
              <SequencePoints>
                <SequencePoint vc="17" uspid="22514" ordinal="0" offset="0" sl="75" sc="9" el="75" ec="9" bec="0" bev="0" fileid="5" />
                <SequencePoint vc="17" uspid="22515" ordinal="0" offset="1" sl="76" sc="13" el="76" ec="13" bec="0" bev="0" fileid="5" />
                <SequencePoint vc="17" uspid="22516" ordinal="0" offset="11" sl="77" sc="9" el="77" ec="9" bec="0" bev="0" fileid="5" />
              </SequencePoints>
              <BranchPoints />
            </Method>
          </Methods>
        </Class>
        <Class>
          <Summary numSequencePoints="24" visitedSequencePoints="24" numBranchPoints="0" visitedBranchPoints="0" sequenceCoverage="100.0" branchCoverage="0.0" maxCyclomaticComplexity="0" minCyclomaticComplexity="0" maxCrapScore="0" minCrapScore="0" visitedClasses="1" numClasses="1" visitedMethods="4" numMethods="4" />
          <FullName>TechnicalEvaluation.Domain.CareerAggregate.Area</FullName>
          <Methods>
            <Method visited="true" cyclomaticComplexity="0" nPathComplexity="0" sequenceCoverage="100.0" branchCoverage="0" crapScore="0" isConstructor="false" isStatic="false" isGetter="true" isSetter="false">
              <Summary numSequencePoints="1" visitedSequencePoints="1" numBranchPoints="0" visitedBranchPoints="0" sequenceCoverage="100.0" branchCoverage="0" maxCyclomaticComplexity="0" minCyclomaticComplexity="0" maxCrapScore="0" minCrapScore="0" visitedClasses="0" numClasses="0" visitedMethods="1" numMethods="1" />
              <MetadataToken>100663321</MetadataToken>
              <Name>System.Collections.Generic.IReadOnlyCollection[Career] TechnicalEvaluation.Domain.CareerAggregate.Area::get_Careers()</Name>
              <FileRef uid="6" />
              <SequencePoints>
                <SequencePoint vc="2" uspid="22517" ordinal="0" offset="0" sl="16" sc="55" el="16" ec="55" bec="0" bev="0" fileid="6" />
              </SequencePoints>
              <BranchPoints />
            </Method>
            <Method visited="true" cyclomaticComplexity="0" nPathComplexity="0" sequenceCoverage="100.0" branchCoverage="0" crapScore="0" isConstructor="false" isStatic="false" isGetter="false" isSetter="false">
              <Summary numSequencePoints="9" visitedSequencePoints="9" numBranchPoints="0" visitedBranchPoints="0" sequenceCoverage="100.0" branchCoverage="0" maxCyclomaticComplexity="0" minCyclomaticComplexity="0" maxCrapScore="0" minCrapScore="0" visitedClasses="0" numClasses="0" visitedMethods="1" numMethods="1" />
              <MetadataToken>100663324</MetadataToken>
              <Name>System.Void TechnicalEvaluation.Domain.CareerAggregate.Area::AssignCareer(TechnicalEvaluation.Domain.CareerAggregate.Career)</Name>
              <FileRef uid="6" />
              <SequencePoints>
                <SequencePoint vc="5" uspid="22518" ordinal="0" offset="13" sl="42" sc="9" el="42" ec="9" bec="0" bev="0" fileid="6" />
                <SequencePoint vc="5" uspid="22519" ordinal="0" offset="14" sl="43" sc="13" el="43" ec="13" bec="0" bev="0" fileid="6" />
                <SequencePoint vc="1" uspid="22520" ordinal="0" offset="27" sl="44" sc="13" el="44" ec="13" bec="0" bev="0" fileid="6" />
                <SequencePoint vc="1" uspid="22521" ordinal="0" offset="28" sl="45" sc="17" el="45" ec="17" bec="0" bev="0" fileid="6" />
                <SequencePoint vc="4" uspid="22522" ordinal="0" offset="39" sl="47" sc="13" el="47" ec="13" bec="0" bev="0" fileid="6" />
                <SequencePoint vc="1" uspid="22523" ordinal="0" offset="66" sl="48" sc="13" el="48" ec="13" bec="0" bev="0" fileid="6" />
                <SequencePoint vc="1" uspid="22524" ordinal="0" offset="67" sl="49" sc="17" el="49" ec="17" bec="0" bev="0" fileid="6" />
                <SequencePoint vc="3" uspid="22525" ordinal="0" offset="78" sl="51" sc="13" el="51" ec="13" bec="0" bev="0" fileid="6" />
                <SequencePoint vc="3" uspid="22526" ordinal="0" offset="96" sl="52" sc="9" el="52" ec="9" bec="0" bev="0" fileid="6" />
              </SequencePoints>
              <BranchPoints />
            </Method>
            <Method visited="true" cyclomaticComplexity="0" nPathComplexity="0" sequenceCoverage="100.0" branchCoverage="0" crapScore="0" isConstructor="false" isStatic="false" isGetter="false" isSetter="false">
              <Summary numSequencePoints="10" visitedSequencePoints="10" numBranchPoints="0" visitedBranchPoints="0" sequenceCoverage="100.0" branchCoverage="0" maxCyclomaticComplexity="0" minCyclomaticComplexity="0" maxCrapScore="0" minCrapScore="0" visitedClasses="0" numClasses="0" visitedMethods="1" numMethods="1" />
              <MetadataToken>100663325</MetadataToken>
              <Name>System.Void TechnicalEvaluation.Domain.CareerAggregate.Area::UnassignCareer(TechnicalEvaluation.Domain.CareerAggregate.CareerName)</Name>
              <FileRef uid="6" />
              <SequencePoints>
                <SequencePoint vc="3" uspid="22527" ordinal="0" offset="13" sl="56" sc="9" el="56" ec="9" bec="0" bev="0" fileid="6" />
                <SequencePoint vc="3" uspid="22528" ordinal="0" offset="14" sl="57" sc="13" el="57" ec="13" bec="0" bev="0" fileid="6" />
                <SequencePoint vc="1" uspid="22529" ordinal="0" offset="27" sl="58" sc="13" el="58" ec="13" bec="0" bev="0" fileid="6" />
                <SequencePoint vc="1" uspid="22530" ordinal="0" offset="28" sl="59" sc="17" el="59" ec="17" bec="0" bev="0" fileid="6" />
                <SequencePoint vc="2" uspid="22531" ordinal="0" offset="39" sl="61" sc="13" el="61" ec="13" bec="0" bev="0" fileid="6" />
                <SequencePoint vc="2" uspid="22532" ordinal="0" offset="63" sl="62" sc="13" el="62" ec="13" bec="0" bev="0" fileid="6" />
                <SequencePoint vc="1" uspid="22533" ordinal="0" offset="71" sl="63" sc="13" el="63" ec="13" bec="0" bev="0" fileid="6" />
                <SequencePoint vc="1" uspid="22534" ordinal="0" offset="72" sl="64" sc="17" el="64" ec="17" bec="0" bev="0" fileid="6" />
                <SequencePoint vc="1" uspid="22535" ordinal="0" offset="83" sl="66" sc="13" el="66" ec="13" bec="0" bev="0" fileid="6" />
                <SequencePoint vc="1" uspid="22536" ordinal="0" offset="96" sl="67" sc="9" el="67" ec="9" bec="0" bev="0" fileid="6" />
              </SequencePoints>
              <BranchPoints />
            </Method>
            <Method visited="true" cyclomaticComplexity="0" nPathComplexity="0" sequenceCoverage="100.0" branchCoverage="0" crapScore="0" isConstructor="true" isStatic="false" isGetter="false" isSetter="false">
              <Summary numSequencePoints="4" visitedSequencePoints="4" numBranchPoints="0" visitedBranchPoints="0" sequenceCoverage="100.0" branchCoverage="0" maxCyclomaticComplexity="0" minCyclomaticComplexity="0" maxCrapScore="0" minCrapScore="0" visitedClasses="0" numClasses="0" visitedMethods="1" numMethods="1" />
              <MetadataToken>100663322</MetadataToken>
              <Name>TechnicalEvaluation.Domain.CareerAggregate.Area::Area(TechnicalEvaluation.Domain.CareerAggregate.AreaDescription)</Name>
              <FileRef uid="6" />
              <SequencePoints>
                <SequencePoint vc="10" uspid="22537" ordinal="0" offset="0" sl="21" sc="9" el="21" ec="9" bec="0" bev="0" fileid="6" />
                <SequencePoint vc="10" uspid="22538" ordinal="0" offset="11" sl="29" sc="15" el="29" ec="15" bec="0" bev="0" fileid="6" />
                <SequencePoint vc="10" uspid="22539" ordinal="0" offset="19" sl="30" sc="9" el="30" ec="9" bec="0" bev="0" fileid="6" />
                <SequencePoint vc="10" uspid="22540" ordinal="0" offset="20" sl="31" sc="9" el="31" ec="9" bec="0" bev="0" fileid="6" />
              </SequencePoints>
              <BranchPoints />
            </Method>
          </Methods>
        </Class>
        <Class>
          <Summary numSequencePoints="14" visitedSequencePoints="10" numBranchPoints="0" visitedBranchPoints="0" sequenceCoverage="71.43" branchCoverage="0.0" maxCyclomaticComplexity="0" minCyclomaticComplexity="0" maxCrapScore="0" minCrapScore="0" visitedClasses="1" numClasses="1" visitedMethods="3" numMethods="3" />
          <FullName>TechnicalEvaluation.Domain.CareerAggregate.AreaDescription</FullName>
          <Methods>
            <Method visited="true" cyclomaticComplexity="0" nPathComplexity="0" sequenceCoverage="100.0" branchCoverage="0" crapScore="0" isConstructor="false" isStatic="false" isGetter="true" isSetter="false">
              <Summary numSequencePoints="1" visitedSequencePoints="1" numBranchPoints="0" visitedBranchPoints="0" sequenceCoverage="100.0" branchCoverage="0" maxCyclomaticComplexity="0" minCyclomaticComplexity="0" maxCrapScore="0" minCrapScore="0" visitedClasses="0" numClasses="0" visitedMethods="1" numMethods="1" />
              <MetadataToken>100663326</MetadataToken>
              <Name>System.String TechnicalEvaluation.Domain.CareerAggregate.AreaDescription::get_Value()</Name>
              <FileRef uid="7" />
              <SequencePoints>
                <SequencePoint vc="4" uspid="22545" ordinal="0" offset="0" sl="16" sc="31" el="16" ec="31" bec="0" bev="0" fileid="7" />
              </SequencePoints>
              <BranchPoints />
            </Method>
            <Method visited="true" cyclomaticComplexity="0" nPathComplexity="0" sequenceCoverage="55.56" branchCoverage="0" crapScore="0" isConstructor="false" isStatic="true" isGetter="false" isSetter="false">
              <Summary numSequencePoints="9" visitedSequencePoints="5" numBranchPoints="0" visitedBranchPoints="0" sequenceCoverage="55.56" branchCoverage="0" maxCyclomaticComplexity="0" minCyclomaticComplexity="0" maxCrapScore="0" minCrapScore="0" visitedClasses="0" numClasses="0" visitedMethods="1" numMethods="1" />
              <MetadataToken>100663328</MetadataToken>
              <Name>static TechnicalEvaluation.Domain.CareerAggregate.AreaDescription TechnicalEvaluation.Domain.CareerAggregate.AreaDescription::Create(System.String)</Name>
              <FileRef uid="7" />
              <SequencePoints>
                <SequencePoint vc="10" uspid="22546" ordinal="0" offset="0" sl="36" sc="9" el="36" ec="9" bec="0" bev="0" fileid="7" />
                <SequencePoint vc="10" uspid="22547" ordinal="0" offset="1" sl="37" sc="13" el="37" ec="13" bec="0" bev="0" fileid="7" />
                <SequencePoint vc="0" uspid="22548" ordinal="0" offset="15" sl="38" sc="13" el="38" ec="13" bec="0" bev="0" fileid="7" />
                <SequencePoint vc="0" uspid="22549" ordinal="0" offset="16" sl="39" sc="17" el="39" ec="17" bec="0" bev="0" fileid="7" />
                <SequencePoint vc="10" uspid="22550" ordinal="0" offset="32" sl="42" sc="13" el="42" ec="13" bec="0" bev="0" fileid="7" />
                <SequencePoint vc="0" uspid="22551" ordinal="0" offset="42" sl="43" sc="13" el="43" ec="13" bec="0" bev="0" fileid="7" />
                <SequencePoint vc="0" uspid="22552" ordinal="0" offset="43" sl="44" sc="17" el="44" ec="17" bec="0" bev="0" fileid="7" />
                <SequencePoint vc="10" uspid="22553" ordinal="0" offset="59" sl="47" sc="13" el="47" ec="13" bec="0" bev="0" fileid="7" />
                <SequencePoint vc="10" uspid="22554" ordinal="0" offset="68" sl="48" sc="9" el="48" ec="9" bec="0" bev="0" fileid="7" />
              </SequencePoints>
              <BranchPoints />
            </Method>
            <Method visited="true" cyclomaticComplexity="0" nPathComplexity="0" sequenceCoverage="100.0" branchCoverage="0" crapScore="0" isConstructor="true" isStatic="false" isGetter="false" isSetter="false">
              <Summary numSequencePoints="4" visitedSequencePoints="4" numBranchPoints="0" visitedBranchPoints="0" sequenceCoverage="100.0" branchCoverage="0" maxCyclomaticComplexity="0" minCyclomaticComplexity="0" maxCrapScore="0" minCrapScore="0" visitedClasses="0" numClasses="0" visitedMethods="1" numMethods="1" />
              <MetadataToken>100663327</MetadataToken>
              <Name>TechnicalEvaluation.Domain.CareerAggregate.AreaDescription::AreaDescription(System.String)</Name>
              <FileRef uid="7" />
              <SequencePoints>
                <SequencePoint vc="10" uspid="22555" ordinal="0" offset="0" sl="22" sc="9" el="22" ec="9" bec="0" bev="0" fileid="7" />
                <SequencePoint vc="10" uspid="22556" ordinal="0" offset="7" sl="23" sc="9" el="23" ec="9" bec="0" bev="0" fileid="7" />
                <SequencePoint vc="10" uspid="22557" ordinal="0" offset="8" sl="24" sc="13" el="24" ec="13" bec="0" bev="0" fileid="7" />
                <SequencePoint vc="10" uspid="22558" ordinal="0" offset="15" sl="25" sc="9" el="25" ec="9" bec="0" bev="0" fileid="7" />
              </SequencePoints>
              <BranchPoints />
            </Method>
          </Methods>
        </Class>
        <Class>
          <Summary numSequencePoints="26" visitedSequencePoints="24" numBranchPoints="0" visitedBranchPoints="0" sequenceCoverage="92.31" branchCoverage="0.0" maxCyclomaticComplexity="0" minCyclomaticComplexity="0" maxCrapScore="0" minCrapScore="0" visitedClasses="1" numClasses="1" visitedMethods="9" numMethods="9" />
          <FullName>TechnicalEvaluation.Domain.CareerAggregate.Career</FullName>
          <Methods>
            <Method visited="true" cyclomaticComplexity="0" nPathComplexity="0" sequenceCoverage="100.0" branchCoverage="0" crapScore="0" isConstructor="false" isStatic="false" isGetter="true" isSetter="false">
              <Summary numSequencePoints="1" visitedSequencePoints="1" numBranchPoints="0" visitedBranchPoints="0" sequenceCoverage="100.0" branchCoverage="0" maxCyclomaticComplexity="0" minCyclomaticComplexity="0" maxCrapScore="0" minCrapScore="0" visitedClasses="0" numClasses="0" visitedMethods="1" numMethods="1" />
              <MetadataToken>100663330</MetadataToken>
              <Name>System.Collections.Generic.IReadOnlyCollection[Content] TechnicalEvaluation.Domain.CareerAggregate.Career::get_Contents()</Name>
              <FileRef uid="8" />
              <SequencePoints>
                <SequencePoint vc="12" uspid="22559" ordinal="0" offset="0" sl="16" sc="57" el="16" ec="57" bec="0" bev="0" fileid="8" />
              </SequencePoints>
              <BranchPoints />
            </Method>
            <Method visited="true" cyclomaticComplexity="0" nPathComplexity="0" sequenceCoverage="100.0" branchCoverage="0" crapScore="0" isConstructor="false" isStatic="false" isGetter="true" isSetter="false">
              <Summary numSequencePoints="1" visitedSequencePoints="1" numBranchPoints="0" visitedBranchPoints="0" sequenceCoverage="100.0" branchCoverage="0" maxCyclomaticComplexity="0" minCyclomaticComplexity="0" maxCrapScore="0" minCrapScore="0" visitedClasses="0" numClasses="0" visitedMethods="1" numMethods="1" />
              <MetadataToken>100663331</MetadataToken>
              <Name>System.Collections.Generic.IReadOnlyCollection[Area] TechnicalEvaluation.Domain.CareerAggregate.Career::get_Areas()</Name>
              <FileRef uid="8" />
              <SequencePoints>
                <SequencePoint vc="12" uspid="22560" ordinal="0" offset="0" sl="28" sc="51" el="28" ec="51" bec="0" bev="0" fileid="8" />
              </SequencePoints>
              <BranchPoints />
            </Method>
            <Method visited="true" cyclomaticComplexity="0" nPathComplexity="0" sequenceCoverage="100.0" branchCoverage="0" crapScore="0" isConstructor="false" isStatic="false" isGetter="true" isSetter="false">
              <Summary numSequencePoints="1" visitedSequencePoints="1" numBranchPoints="0" visitedBranchPoints="0" sequenceCoverage="100.0" branchCoverage="0" maxCyclomaticComplexity="0" minCyclomaticComplexity="0" maxCrapScore="0" minCrapScore="0" visitedClasses="0" numClasses="0" visitedMethods="1" numMethods="1" />
              <MetadataToken>100663332</MetadataToken>
              <Name>TechnicalEvaluation.Domain.CareerAggregate.Percentage TechnicalEvaluation.Domain.CareerAggregate.Career::get_WomenPercentage()</Name>
              <FileRef uid="8" />
              <SequencePoints>
                <SequencePoint vc="12" uspid="22561" ordinal="0" offset="0" sl="38" sc="45" el="38" ec="45" bec="0" bev="0" fileid="8" />
              </SequencePoints>
              <BranchPoints />
            </Method>
            <Method visited="true" cyclomaticComplexity="0" nPathComplexity="0" sequenceCoverage="100.0" branchCoverage="0" crapScore="0" isConstructor="false" isStatic="false" isGetter="false" isSetter="true">
              <Summary numSequencePoints="1" visitedSequencePoints="1" numBranchPoints="0" visitedBranchPoints="0" sequenceCoverage="100.0" branchCoverage="0" maxCyclomaticComplexity="0" minCyclomaticComplexity="0" maxCrapScore="0" minCrapScore="0" visitedClasses="0" numClasses="0" visitedMethods="1" numMethods="1" />
              <MetadataToken>100663333</MetadataToken>
              <Name>System.Void TechnicalEvaluation.Domain.CareerAggregate.Career::set_WomenPercentage(TechnicalEvaluation.Domain.CareerAggregate.Percentage)</Name>
              <FileRef uid="8" />
              <SequencePoints>
                <SequencePoint vc="46" uspid="22562" ordinal="0" offset="0" sl="38" sc="50" el="38" ec="50" bec="0" bev="0" fileid="8" />
              </SequencePoints>
              <BranchPoints />
            </Method>
            <Method visited="true" cyclomaticComplexity="0" nPathComplexity="0" sequenceCoverage="100.0" branchCoverage="0" crapScore="0" isConstructor="false" isStatic="false" isGetter="true" isSetter="false">
              <Summary numSequencePoints="1" visitedSequencePoints="1" numBranchPoints="0" visitedBranchPoints="0" sequenceCoverage="100.0" branchCoverage="0" maxCyclomaticComplexity="0" minCyclomaticComplexity="0" maxCrapScore="0" minCrapScore="0" visitedClasses="0" numClasses="0" visitedMethods="1" numMethods="1" />
              <MetadataToken>100663334</MetadataToken>
              <Name>TechnicalEvaluation.Domain.CareerAggregate.Scholarship TechnicalEvaluation.Domain.CareerAggregate.Career::get_ScholarshipBudget()</Name>
              <FileRef uid="8" />
              <SequencePoints>
                <SequencePoint vc="12" uspid="22563" ordinal="0" offset="0" sl="43" sc="48" el="43" ec="48" bec="0" bev="0" fileid="8" />
              </SequencePoints>
              <BranchPoints />
            </Method>
            <Method visited="true" cyclomaticComplexity="0" nPathComplexity="0" sequenceCoverage="100.0" branchCoverage="0" crapScore="0" isConstructor="false" isStatic="false" isGetter="false" isSetter="true">
              <Summary numSequencePoints="1" visitedSequencePoints="1" numBranchPoints="0" visitedBranchPoints="0" sequenceCoverage="100.0" branchCoverage="0" maxCyclomaticComplexity="0" minCyclomaticComplexity="0" maxCrapScore="0" minCrapScore="0" visitedClasses="0" numClasses="0" visitedMethods="1" numMethods="1" />
              <MetadataToken>100663335</MetadataToken>
              <Name>System.Void TechnicalEvaluation.Domain.CareerAggregate.Career::set_ScholarshipBudget(TechnicalEvaluation.Domain.CareerAggregate.Scholarship)</Name>
              <FileRef uid="8" />
              <SequencePoints>
                <SequencePoint vc="46" uspid="22564" ordinal="0" offset="0" sl="43" sc="53" el="43" ec="53" bec="0" bev="0" fileid="8" />
              </SequencePoints>
              <BranchPoints />
            </Method>
            <Method visited="true" cyclomaticComplexity="0" nPathComplexity="0" sequenceCoverage="100.0" branchCoverage="0" crapScore="0" isConstructor="false" isStatic="false" isGetter="false" isSetter="false">
              <Summary numSequencePoints="7" visitedSequencePoints="7" numBranchPoints="0" visitedBranchPoints="0" sequenceCoverage="100.0" branchCoverage="0" maxCyclomaticComplexity="0" minCyclomaticComplexity="0" maxCrapScore="0" minCrapScore="0" visitedClasses="0" numClasses="0" visitedMethods="1" numMethods="1" />
              <MetadataToken>100663338</MetadataToken>
              <Name>System.Void TechnicalEvaluation.Domain.CareerAggregate.Career::AddContent(TechnicalEvaluation.Domain.CareerAggregate.Content)</Name>
              <FileRef uid="8" />
              <SequencePoints>
                <SequencePoint vc="6" uspid="22565" ordinal="0" offset="13" sl="73" sc="9" el="73" ec="9" bec="0" bev="0" fileid="8" />
                <SequencePoint vc="6" uspid="22566" ordinal="0" offset="14" sl="74" sc="13" el="74" ec="13" bec="0" bev="0" fileid="8" />
                <SequencePoint vc="1" uspid="22567" ordinal="0" offset="41" sl="75" sc="13" el="75" ec="13" bec="0" bev="0" fileid="8" />
                <SequencePoint vc="1" uspid="22568" ordinal="0" offset="42" sl="76" sc="17" el="76" ec="17" bec="0" bev="0" fileid="8" />
                <SequencePoint vc="5" uspid="22569" ordinal="0" offset="53" sl="78" sc="13" el="78" ec="13" bec="0" bev="0" fileid="8" />
                <SequencePoint vc="5" uspid="22570" ordinal="0" offset="71" sl="79" sc="13" el="79" ec="13" bec="0" bev="0" fileid="8" />
                <SequencePoint vc="5" uspid="22571" ordinal="0" offset="84" sl="80" sc="9" el="80" ec="9" bec="0" bev="0" fileid="8" />
              </SequencePoints>
              <BranchPoints />
            </Method>
            <Method visited="true" cyclomaticComplexity="0" nPathComplexity="0" sequenceCoverage="66.67" branchCoverage="0" crapScore="0" isConstructor="false" isStatic="false" isGetter="false" isSetter="false">
              <Summary numSequencePoints="6" visitedSequencePoints="4" numBranchPoints="0" visitedBranchPoints="0" sequenceCoverage="66.67" branchCoverage="0" maxCyclomaticComplexity="0" minCyclomaticComplexity="0" maxCrapScore="0" minCrapScore="0" visitedClasses="0" numClasses="0" visitedMethods="1" numMethods="1" />
              <MetadataToken>100663340</MetadataToken>
              <Name>System.Void TechnicalEvaluation.Domain.CareerAggregate.Career::AddArea(TechnicalEvaluation.Domain.CareerAggregate.Area)</Name>
              <FileRef uid="8" />
              <SequencePoints>
                <SequencePoint vc="3" uspid="22580" ordinal="0" offset="13" sl="106" sc="9" el="106" ec="9" bec="0" bev="0" fileid="8" />
                <SequencePoint vc="3" uspid="22581" ordinal="0" offset="14" sl="107" sc="13" el="107" ec="13" bec="0" bev="0" fileid="8" />
                <SequencePoint vc="0" uspid="22582" ordinal="0" offset="41" sl="108" sc="13" el="108" ec="13" bec="0" bev="0" fileid="8" />
                <SequencePoint vc="0" uspid="22583" ordinal="0" offset="42" sl="109" sc="17" el="109" ec="17" bec="0" bev="0" fileid="8" />
                <SequencePoint vc="3" uspid="22584" ordinal="0" offset="53" sl="111" sc="13" el="111" ec="13" bec="0" bev="0" fileid="8" />
                <SequencePoint vc="3" uspid="22585" ordinal="0" offset="71" sl="112" sc="9" el="112" ec="9" bec="0" bev="0" fileid="8" />
              </SequencePoints>
              <BranchPoints />
            </Method>
            <Method visited="true" cyclomaticComplexity="0" nPathComplexity="0" sequenceCoverage="100.0" branchCoverage="0" crapScore="0" isConstructor="true" isStatic="false" isGetter="false" isSetter="false">
              <Summary numSequencePoints="7" visitedSequencePoints="7" numBranchPoints="0" visitedBranchPoints="0" sequenceCoverage="100.0" branchCoverage="0" maxCyclomaticComplexity="0" minCyclomaticComplexity="0" maxCrapScore="0" minCrapScore="0" visitedClasses="0" numClasses="0" visitedMethods="1" numMethods="1" />
              <MetadataToken>100663336</MetadataToken>
              <Name>TechnicalEvaluation.Domain.CareerAggregate.Career::Career(TechnicalEvaluation.Domain.CareerAggregate.CareerName, TechnicalEvaluation.Domain.CareerAggregate.Percentage, TechnicalEvaluation.Domain.CareerAggregate.Scholarship)</Name>
              <FileRef uid="8" />
              <SequencePoints>
                <SequencePoint vc="46" uspid="22594" ordinal="0" offset="0" sl="21" sc="9" el="21" ec="9" bec="0" bev="0" fileid="8" />
                <SequencePoint vc="46" uspid="22595" ordinal="0" offset="11" sl="33" sc="9" el="33" ec="9" bec="0" bev="0" fileid="8" />
                <SequencePoint vc="46" uspid="22596" ordinal="0" offset="22" sl="53" sc="15" el="53" ec="15" bec="0" bev="0" fileid="8" />
                <SequencePoint vc="46" uspid="22597" ordinal="0" offset="30" sl="54" sc="9" el="54" ec="9" bec="0" bev="0" fileid="8" />
                <SequencePoint vc="46" uspid="22598" ordinal="0" offset="31" sl="55" sc="13" el="55" ec="13" bec="0" bev="0" fileid="8" />
                <SequencePoint vc="46" uspid="22599" ordinal="0" offset="39" sl="56" sc="13" el="56" ec="13" bec="0" bev="0" fileid="8" />
                <SequencePoint vc="46" uspid="22600" ordinal="0" offset="47" sl="57" sc="9" el="57" ec="9" bec="0" bev="0" fileid="8" />
              </SequencePoints>
              <BranchPoints />
            </Method>
          </Methods>
        </Class>
        <Class>
          <Summary numSequencePoints="14" visitedSequencePoints="14" numBranchPoints="0" visitedBranchPoints="0" sequenceCoverage="100.0" branchCoverage="0.0" maxCyclomaticComplexity="0" minCyclomaticComplexity="0" maxCrapScore="0" minCrapScore="0" visitedClasses="1" numClasses="1" visitedMethods="3" numMethods="3" />
          <FullName>TechnicalEvaluation.Domain.CareerAggregate.CareerName</FullName>
          <Methods>
            <Method visited="true" cyclomaticComplexity="0" nPathComplexity="0" sequenceCoverage="100.0" branchCoverage="0" crapScore="0" isConstructor="false" isStatic="false" isGetter="true" isSetter="false">
              <Summary numSequencePoints="1" visitedSequencePoints="1" numBranchPoints="0" visitedBranchPoints="0" sequenceCoverage="100.0" branchCoverage="0" maxCyclomaticComplexity="0" minCyclomaticComplexity="0" maxCrapScore="0" minCrapScore="0" visitedClasses="0" numClasses="0" visitedMethods="1" numMethods="1" />
              <MetadataToken>100663342</MetadataToken>
              <Name>System.String TechnicalEvaluation.Domain.CareerAggregate.CareerName::get_Value()</Name>
              <FileRef uid="9" />
              <SequencePoints>
                <SequencePoint vc="51" uspid="22606" ordinal="0" offset="0" sl="16" sc="31" el="16" ec="31" bec="0" bev="0" fileid="9" />
              </SequencePoints>
              <BranchPoints />
            </Method>
            <Method visited="true" cyclomaticComplexity="0" nPathComplexity="0" sequenceCoverage="100.0" branchCoverage="0" crapScore="0" isConstructor="false" isStatic="true" isGetter="false" isSetter="false">
              <Summary numSequencePoints="9" visitedSequencePoints="9" numBranchPoints="0" visitedBranchPoints="0" sequenceCoverage="100.0" branchCoverage="0" maxCyclomaticComplexity="0" minCyclomaticComplexity="0" maxCrapScore="0" minCrapScore="0" visitedClasses="0" numClasses="0" visitedMethods="1" numMethods="1" />
              <MetadataToken>100663344</MetadataToken>
              <Name>static TechnicalEvaluation.Domain.CareerAggregate.CareerName TechnicalEvaluation.Domain.CareerAggregate.CareerName::Create(System.String)</Name>
              <FileRef uid="9" />
              <SequencePoints>
                <SequencePoint vc="68" uspid="22607" ordinal="0" offset="0" sl="36" sc="9" el="36" ec="9" bec="0" bev="0" fileid="9" />
                <SequencePoint vc="68" uspid="22608" ordinal="0" offset="1" sl="37" sc="13" el="37" ec="13" bec="0" bev="0" fileid="9" />
                <SequencePoint vc="3" uspid="22609" ordinal="0" offset="11" sl="38" sc="13" el="38" ec="13" bec="0" bev="0" fileid="9" />
                <SequencePoint vc="3" uspid="22610" ordinal="0" offset="12" sl="39" sc="17" el="39" ec="17" bec="0" bev="0" fileid="9" />
                <SequencePoint vc="65" uspid="22611" ordinal="0" offset="28" sl="42" sc="13" el="42" ec="13" bec="0" bev="0" fileid="9" />
                <SequencePoint vc="3" uspid="22612" ordinal="0" offset="42" sl="43" sc="13" el="43" ec="13" bec="0" bev="0" fileid="9" />
                <SequencePoint vc="3" uspid="22613" ordinal="0" offset="43" sl="44" sc="17" el="44" ec="17" bec="0" bev="0" fileid="9" />
                <SequencePoint vc="62" uspid="22614" ordinal="0" offset="59" sl="47" sc="13" el="47" ec="13" bec="0" bev="0" fileid="9" />
                <SequencePoint vc="62" uspid="22615" ordinal="0" offset="68" sl="48" sc="9" el="48" ec="9" bec="0" bev="0" fileid="9" />
              </SequencePoints>
              <BranchPoints />
            </Method>
            <Method visited="true" cyclomaticComplexity="0" nPathComplexity="0" sequenceCoverage="100.0" branchCoverage="0" crapScore="0" isConstructor="true" isStatic="false" isGetter="false" isSetter="false">
              <Summary numSequencePoints="4" visitedSequencePoints="4" numBranchPoints="0" visitedBranchPoints="0" sequenceCoverage="100.0" branchCoverage="0" maxCyclomaticComplexity="0" minCyclomaticComplexity="0" maxCrapScore="0" minCrapScore="0" visitedClasses="0" numClasses="0" visitedMethods="1" numMethods="1" />
              <MetadataToken>100663343</MetadataToken>
              <Name>TechnicalEvaluation.Domain.CareerAggregate.CareerName::CareerName(System.String)</Name>
              <FileRef uid="9" />
              <SequencePoints>
                <SequencePoint vc="62" uspid="22618" ordinal="0" offset="0" sl="22" sc="9" el="22" ec="9" bec="0" bev="0" fileid="9" />
                <SequencePoint vc="62" uspid="22619" ordinal="0" offset="7" sl="23" sc="9" el="23" ec="9" bec="0" bev="0" fileid="9" />
                <SequencePoint vc="62" uspid="22620" ordinal="0" offset="8" sl="24" sc="13" el="24" ec="13" bec="0" bev="0" fileid="9" />
                <SequencePoint vc="62" uspid="22621" ordinal="0" offset="15" sl="25" sc="9" el="25" ec="9" bec="0" bev="0" fileid="9" />
              </SequencePoints>
              <BranchPoints />
            </Method>
          </Methods>
        </Class>
        <Class>
          <Summary numSequencePoints="17" visitedSequencePoints="17" numBranchPoints="0" visitedBranchPoints="0" sequenceCoverage="100.0" branchCoverage="0.0" maxCyclomaticComplexity="0" minCyclomaticComplexity="0" maxCrapScore="0" minCrapScore="0" visitedClasses="1" numClasses="1" visitedMethods="7" numMethods="7" />
          <FullName>TechnicalEvaluation.Domain.CareerAggregate.Content</FullName>
          <Methods>
            <Method visited="true" cyclomaticComplexity="0" nPathComplexity="0" sequenceCoverage="100.0" branchCoverage="0" crapScore="0" isConstructor="false" isStatic="false" isGetter="true" isSetter="false">
              <Summary numSequencePoints="1" visitedSequencePoints="1" numBranchPoints="0" visitedBranchPoints="0" sequenceCoverage="100.0" branchCoverage="0" maxCyclomaticComplexity="0" minCyclomaticComplexity="0" maxCrapScore="0" minCrapScore="0" visitedClasses="0" numClasses="0" visitedMethods="1" numMethods="1" />
              <MetadataToken>100663348</MetadataToken>
              <Name>TechnicalEvaluation.Domain.CareerAggregate.Career TechnicalEvaluation.Domain.CareerAggregate.Content::get_Career()</Name>
              <FileRef uid="10" />
              <SequencePoints>
                <SequencePoint vc="10" uspid="22622" ordinal="0" offset="0" sl="14" sc="33" el="14" ec="33" bec="0" bev="0" fileid="10" />
              </SequencePoints>
              <BranchPoints />
            </Method>
            <Method visited="true" cyclomaticComplexity="0" nPathComplexity="0" sequenceCoverage="100.0" branchCoverage="0" crapScore="0" isConstructor="false" isStatic="false" isGetter="false" isSetter="true">
              <Summary numSequencePoints="1" visitedSequencePoints="1" numBranchPoints="0" visitedBranchPoints="0" sequenceCoverage="100.0" branchCoverage="0" maxCyclomaticComplexity="0" minCyclomaticComplexity="0" maxCrapScore="0" minCrapScore="0" visitedClasses="0" numClasses="0" visitedMethods="1" numMethods="1" />
              <MetadataToken>100663349</MetadataToken>
              <Name>System.Void TechnicalEvaluation.Domain.CareerAggregate.Content::set_Career(TechnicalEvaluation.Domain.CareerAggregate.Career)</Name>
              <FileRef uid="10" />
              <SequencePoints>
                <SequencePoint vc="9" uspid="22623" ordinal="0" offset="0" sl="14" sc="38" el="14" ec="38" bec="0" bev="0" fileid="10" />
              </SequencePoints>
              <BranchPoints />
            </Method>
            <Method visited="true" cyclomaticComplexity="0" nPathComplexity="0" sequenceCoverage="100.0" branchCoverage="0" crapScore="0" isConstructor="false" isStatic="false" isGetter="true" isSetter="false">
              <Summary numSequencePoints="1" visitedSequencePoints="1" numBranchPoints="0" visitedBranchPoints="0" sequenceCoverage="100.0" branchCoverage="0" maxCyclomaticComplexity="0" minCyclomaticComplexity="0" maxCrapScore="0" minCrapScore="0" visitedClasses="0" numClasses="0" visitedMethods="1" numMethods="1" />
              <MetadataToken>100663350</MetadataToken>
              <Name>TechnicalEvaluation.Domain.CareerAggregate.ContentTypeId TechnicalEvaluation.Domain.CareerAggregate.Content::get_ContentType()</Name>
              <FileRef uid="10" />
              <SequencePoints>
                <SequencePoint vc="2" uspid="22624" ordinal="0" offset="0" sl="19" sc="44" el="19" ec="44" bec="0" bev="0" fileid="10" />
              </SequencePoints>
              <BranchPoints />
            </Method>
            <Method visited="true" cyclomaticComplexity="0" nPathComplexity="0" sequenceCoverage="100.0" branchCoverage="0" crapScore="0" isConstructor="false" isStatic="false" isGetter="false" isSetter="true">
              <Summary numSequencePoints="1" visitedSequencePoints="1" numBranchPoints="0" visitedBranchPoints="0" sequenceCoverage="100.0" branchCoverage="0" maxCyclomaticComplexity="0" minCyclomaticComplexity="0" maxCrapScore="0" minCrapScore="0" visitedClasses="0" numClasses="0" visitedMethods="1" numMethods="1" />
              <MetadataToken>100663351</MetadataToken>
              <Name>System.Void TechnicalEvaluation.Domain.CareerAggregate.Content::set_ContentType(TechnicalEvaluation.Domain.CareerAggregate.ContentTypeId)</Name>
              <FileRef uid="10" />
              <SequencePoints>
                <SequencePoint vc="33" uspid="22625" ordinal="0" offset="0" sl="19" sc="49" el="19" ec="49" bec="0" bev="0" fileid="10" />
              </SequencePoints>
              <BranchPoints />
            </Method>
            <Method visited="true" cyclomaticComplexity="0" nPathComplexity="0" sequenceCoverage="100.0" branchCoverage="0" crapScore="0" isConstructor="false" isStatic="false" isGetter="false" isSetter="false">
              <Summary numSequencePoints="6" visitedSequencePoints="6" numBranchPoints="0" visitedBranchPoints="0" sequenceCoverage="100.0" branchCoverage="0" maxCyclomaticComplexity="0" minCyclomaticComplexity="0" maxCrapScore="0" minCrapScore="0" visitedClasses="0" numClasses="0" visitedMethods="1" numMethods="1" />
              <MetadataToken>100663354</MetadataToken>
              <Name>System.Void TechnicalEvaluation.Domain.CareerAggregate.Content::AssignCareer(TechnicalEvaluation.Domain.CareerAggregate.Career)</Name>
              <FileRef uid="10" />
              <SequencePoints>
                <SequencePoint vc="9" uspid="22626" ordinal="0" offset="0" sl="48" sc="9" el="48" ec="9" bec="0" bev="0" fileid="10" />
                <SequencePoint vc="9" uspid="22627" ordinal="0" offset="1" sl="49" sc="13" el="49" ec="13" bec="0" bev="0" fileid="10" />
                <SequencePoint vc="1" uspid="22628" ordinal="0" offset="17" sl="50" sc="13" el="50" ec="13" bec="0" bev="0" fileid="10" />
                <SequencePoint vc="1" uspid="22629" ordinal="0" offset="18" sl="51" sc="17" el="51" ec="17" bec="0" bev="0" fileid="10" />
                <SequencePoint vc="8" uspid="22630" ordinal="0" offset="29" sl="53" sc="13" el="53" ec="13" bec="0" bev="0" fileid="10" />
                <SequencePoint vc="8" uspid="22631" ordinal="0" offset="37" sl="54" sc="9" el="54" ec="9" bec="0" bev="0" fileid="10" />
              </SequencePoints>
              <BranchPoints />
            </Method>
            <Method visited="true" cyclomaticComplexity="0" nPathComplexity="0" sequenceCoverage="100.0" branchCoverage="0" crapScore="0" isConstructor="false" isStatic="false" isGetter="false" isSetter="false">
              <Summary numSequencePoints="3" visitedSequencePoints="3" numBranchPoints="0" visitedBranchPoints="0" sequenceCoverage="100.0" branchCoverage="0" maxCyclomaticComplexity="0" minCyclomaticComplexity="0" maxCrapScore="0" minCrapScore="0" visitedClasses="0" numClasses="0" visitedMethods="1" numMethods="1" />
              <MetadataToken>100663355</MetadataToken>
              <Name>System.Void TechnicalEvaluation.Domain.CareerAggregate.Content::UnassignCareer()</Name>
              <FileRef uid="10" />
              <SequencePoints>
                <SequencePoint vc="1" uspid="22632" ordinal="0" offset="0" sl="60" sc="9" el="60" ec="9" bec="0" bev="0" fileid="10" />
                <SequencePoint vc="1" uspid="22633" ordinal="0" offset="1" sl="61" sc="13" el="61" ec="13" bec="0" bev="0" fileid="10" />
                <SequencePoint vc="1" uspid="22634" ordinal="0" offset="9" sl="62" sc="9" el="62" ec="9" bec="0" bev="0" fileid="10" />
              </SequencePoints>
              <BranchPoints />
            </Method>
            <Method visited="true" cyclomaticComplexity="0" nPathComplexity="0" sequenceCoverage="100.0" branchCoverage="0" crapScore="0" isConstructor="true" isStatic="false" isGetter="false" isSetter="false">
              <Summary numSequencePoints="4" visitedSequencePoints="4" numBranchPoints="0" visitedBranchPoints="0" sequenceCoverage="100.0" branchCoverage="0" maxCyclomaticComplexity="0" minCyclomaticComplexity="0" maxCrapScore="0" minCrapScore="0" visitedClasses="0" numClasses="0" visitedMethods="1" numMethods="1" />
              <MetadataToken>100663352</MetadataToken>
              <Name>TechnicalEvaluation.Domain.CareerAggregate.Content::Content(TechnicalEvaluation.Domain.CareerAggregate.ContentDescription, TechnicalEvaluation.Domain.CareerAggregate.ContentTypeId)</Name>
              <FileRef uid="10" />
              <SequencePoints>
                <SequencePoint vc="33" uspid="22635" ordinal="0" offset="0" sl="27" sc="15" el="27" ec="15" bec="0" bev="0" fileid="10" />
                <SequencePoint vc="33" uspid="22636" ordinal="0" offset="8" sl="28" sc="9" el="28" ec="9" bec="0" bev="0" fileid="10" />
                <SequencePoint vc="33" uspid="22637" ordinal="0" offset="9" sl="29" sc="13" el="29" ec="13" bec="0" bev="0" fileid="10" />
                <SequencePoint vc="33" uspid="22638" ordinal="0" offset="17" sl="30" sc="9" el="30" ec="9" bec="0" bev="0" fileid="10" />
              </SequencePoints>
              <BranchPoints />
            </Method>
          </Methods>
        </Class>
        <Class>
          <Summary numSequencePoints="14" visitedSequencePoints="12" numBranchPoints="0" visitedBranchPoints="0" sequenceCoverage="85.71" branchCoverage="0.0" maxCyclomaticComplexity="0" minCyclomaticComplexity="0" maxCrapScore="0" minCrapScore="0" visitedClasses="1" numClasses="1" visitedMethods="3" numMethods="3" />
          <FullName>TechnicalEvaluation.Domain.CareerAggregate.ContentDescription</FullName>
          <Methods>
            <Method visited="true" cyclomaticComplexity="0" nPathComplexity="0" sequenceCoverage="100.0" branchCoverage="0" crapScore="0" isConstructor="false" isStatic="false" isGetter="true" isSetter="false">
              <Summary numSequencePoints="1" visitedSequencePoints="1" numBranchPoints="0" visitedBranchPoints="0" sequenceCoverage="100.0" branchCoverage="0" maxCyclomaticComplexity="0" minCyclomaticComplexity="0" maxCrapScore="0" minCrapScore="0" visitedClasses="0" numClasses="0" visitedMethods="1" numMethods="1" />
              <MetadataToken>100663356</MetadataToken>
              <Name>System.String TechnicalEvaluation.Domain.CareerAggregate.ContentDescription::get_Value()</Name>
              <FileRef uid="11" />
              <SequencePoints>
                <SequencePoint vc="15" uspid="22642" ordinal="0" offset="0" sl="16" sc="31" el="16" ec="31" bec="0" bev="0" fileid="11" />
              </SequencePoints>
              <BranchPoints />
            </Method>
            <Method visited="true" cyclomaticComplexity="0" nPathComplexity="0" sequenceCoverage="77.78" branchCoverage="0" crapScore="0" isConstructor="false" isStatic="true" isGetter="false" isSetter="false">
              <Summary numSequencePoints="9" visitedSequencePoints="7" numBranchPoints="0" visitedBranchPoints="0" sequenceCoverage="77.78" branchCoverage="0" maxCyclomaticComplexity="0" minCyclomaticComplexity="0" maxCrapScore="0" minCrapScore="0" visitedClasses="0" numClasses="0" visitedMethods="1" numMethods="1" />
              <MetadataToken>100663358</MetadataToken>
              <Name>static TechnicalEvaluation.Domain.CareerAggregate.ContentDescription TechnicalEvaluation.Domain.CareerAggregate.ContentDescription::Create(System.String)</Name>
              <FileRef uid="11" />
              <SequencePoints>
                <SequencePoint vc="37" uspid="22643" ordinal="0" offset="0" sl="36" sc="9" el="36" ec="9" bec="0" bev="0" fileid="11" />
                <SequencePoint vc="37" uspid="22644" ordinal="0" offset="1" sl="37" sc="13" el="37" ec="13" bec="0" bev="0" fileid="11" />
                <SequencePoint vc="0" uspid="22645" ordinal="0" offset="11" sl="38" sc="13" el="38" ec="13" bec="0" bev="0" fileid="11" />
                <SequencePoint vc="0" uspid="22646" ordinal="0" offset="12" sl="39" sc="17" el="39" ec="17" bec="0" bev="0" fileid="11" />
                <SequencePoint vc="37" uspid="22647" ordinal="0" offset="28" sl="42" sc="13" el="42" ec="13" bec="0" bev="0" fileid="11" />
                <SequencePoint vc="1" uspid="22648" ordinal="0" offset="45" sl="43" sc="13" el="43" ec="13" bec="0" bev="0" fileid="11" />
                <SequencePoint vc="1" uspid="22649" ordinal="0" offset="46" sl="44" sc="17" el="44" ec="17" bec="0" bev="0" fileid="11" />
                <SequencePoint vc="36" uspid="22650" ordinal="0" offset="62" sl="47" sc="13" el="47" ec="13" bec="0" bev="0" fileid="11" />
                <SequencePoint vc="36" uspid="22651" ordinal="0" offset="71" sl="48" sc="9" el="48" ec="9" bec="0" bev="0" fileid="11" />
              </SequencePoints>
              <BranchPoints />
            </Method>
            <Method visited="true" cyclomaticComplexity="0" nPathComplexity="0" sequenceCoverage="100.0" branchCoverage="0" crapScore="0" isConstructor="true" isStatic="false" isGetter="false" isSetter="false">
              <Summary numSequencePoints="4" visitedSequencePoints="4" numBranchPoints="0" visitedBranchPoints="0" sequenceCoverage="100.0" branchCoverage="0" maxCyclomaticComplexity="0" minCyclomaticComplexity="0" maxCrapScore="0" minCrapScore="0" visitedClasses="0" numClasses="0" visitedMethods="1" numMethods="1" />
              <MetadataToken>100663357</MetadataToken>
              <Name>TechnicalEvaluation.Domain.CareerAggregate.ContentDescription::ContentDescription(System.String)</Name>
              <FileRef uid="11" />
              <SequencePoints>
                <SequencePoint vc="36" uspid="22652" ordinal="0" offset="0" sl="22" sc="9" el="22" ec="9" bec="0" bev="0" fileid="11" />
                <SequencePoint vc="36" uspid="22653" ordinal="0" offset="7" sl="23" sc="9" el="23" ec="9" bec="0" bev="0" fileid="11" />
                <SequencePoint vc="36" uspid="22654" ordinal="0" offset="8" sl="24" sc="13" el="24" ec="13" bec="0" bev="0" fileid="11" />
                <SequencePoint vc="36" uspid="22655" ordinal="0" offset="15" sl="25" sc="9" el="25" ec="9" bec="0" bev="0" fileid="11" />
              </SequencePoints>
              <BranchPoints />
            </Method>
          </Methods>
        </Class>
        <Class>
          <Summary numSequencePoints="3" visitedSequencePoints="3" numBranchPoints="0" visitedBranchPoints="0" sequenceCoverage="100.0" branchCoverage="0.0" maxCyclomaticComplexity="0" minCyclomaticComplexity="0" maxCrapScore="0" minCrapScore="0" visitedClasses="1" numClasses="1" visitedMethods="1" numMethods="1" />
          <FullName>TechnicalEvaluation.Domain.CareerAggregate.ContentType</FullName>
          <Methods>
            <Method visited="true" cyclomaticComplexity="0" nPathComplexity="0" sequenceCoverage="100.0" branchCoverage="0" crapScore="0" isConstructor="true" isStatic="false" isGetter="false" isSetter="false">
              <Summary numSequencePoints="3" visitedSequencePoints="3" numBranchPoints="0" visitedBranchPoints="0" sequenceCoverage="100.0" branchCoverage="0" maxCyclomaticComplexity="0" minCyclomaticComplexity="0" maxCrapScore="0" minCrapScore="0" visitedClasses="0" numClasses="0" visitedMethods="1" numMethods="1" />
              <MetadataToken>100663360</MetadataToken>
              <Name>TechnicalEvaluation.Domain.CareerAggregate.ContentType::ContentType(TechnicalEvaluation.Domain.CareerAggregate.ContentTypeId)</Name>
              <FileRef uid="12" />
              <SequencePoints>
                <SequencePoint vc="5" uspid="22656" ordinal="0" offset="0" sl="16" sc="15" el="16" ec="15" bec="0" bev="0" fileid="12" />
                <SequencePoint vc="5" uspid="22657" ordinal="0" offset="8" sl="17" sc="9" el="17" ec="9" bec="0" bev="0" fileid="12" />
                <SequencePoint vc="5" uspid="22658" ordinal="0" offset="9" sl="18" sc="9" el="18" ec="9" bec="0" bev="0" fileid="12" />
              </SequencePoints>
              <BranchPoints />
            </Method>
          </Methods>
        </Class>
        <Class>
          <Summary numSequencePoints="14" visitedSequencePoints="14" numBranchPoints="0" visitedBranchPoints="0" sequenceCoverage="100.0" branchCoverage="0.0" maxCyclomaticComplexity="0" minCyclomaticComplexity="0" maxCrapScore="0" minCrapScore="0" visitedClasses="1" numClasses="1" visitedMethods="3" numMethods="3" />
          <FullName>TechnicalEvaluation.Domain.CareerAggregate.ContentTypeId</FullName>
          <Methods>
            <Method visited="true" cyclomaticComplexity="0" nPathComplexity="0" sequenceCoverage="100.0" branchCoverage="0" crapScore="0" isConstructor="false" isStatic="false" isGetter="true" isSetter="false">
              <Summary numSequencePoints="1" visitedSequencePoints="1" numBranchPoints="0" visitedBranchPoints="0" sequenceCoverage="100.0" branchCoverage="0" maxCyclomaticComplexity="0" minCyclomaticComplexity="0" maxCrapScore="0" minCrapScore="0" visitedClasses="0" numClasses="0" visitedMethods="1" numMethods="1" />
              <MetadataToken>100663362</MetadataToken>
              <Name>System.String TechnicalEvaluation.Domain.CareerAggregate.ContentTypeId::get_Value()</Name>
              <FileRef uid="13" />
              <SequencePoints>
                <SequencePoint vc="13" uspid="22662" ordinal="0" offset="0" sl="15" sc="31" el="15" ec="31" bec="0" bev="0" fileid="13" />
              </SequencePoints>
              <BranchPoints />
            </Method>
            <Method visited="true" cyclomaticComplexity="0" nPathComplexity="0" sequenceCoverage="100.0" branchCoverage="0" crapScore="0" isConstructor="false" isStatic="true" isGetter="false" isSetter="false">
              <Summary numSequencePoints="9" visitedSequencePoints="9" numBranchPoints="0" visitedBranchPoints="0" sequenceCoverage="100.0" branchCoverage="0" maxCyclomaticComplexity="0" minCyclomaticComplexity="0" maxCrapScore="0" minCrapScore="0" visitedClasses="0" numClasses="0" visitedMethods="1" numMethods="1" />
              <MetadataToken>100663364</MetadataToken>
              <Name>static TechnicalEvaluation.Domain.CareerAggregate.ContentTypeId TechnicalEvaluation.Domain.CareerAggregate.ContentTypeId::Create(System.String)</Name>
              <FileRef uid="13" />
              <SequencePoints>
                <SequencePoint vc="41" uspid="22663" ordinal="0" offset="0" sl="32" sc="9" el="32" ec="9" bec="0" bev="0" fileid="13" />
                <SequencePoint vc="41" uspid="22664" ordinal="0" offset="1" sl="33" sc="13" el="33" ec="13" bec="0" bev="0" fileid="13" />
                <SequencePoint vc="1" uspid="22665" ordinal="0" offset="11" sl="34" sc="13" el="34" ec="13" bec="0" bev="0" fileid="13" />
                <SequencePoint vc="1" uspid="22666" ordinal="0" offset="12" sl="35" sc="17" el="35" ec="17" bec="0" bev="0" fileid="13" />
                <SequencePoint vc="40" uspid="22667" ordinal="0" offset="28" sl="38" sc="13" el="38" ec="13" bec="0" bev="0" fileid="13" />
[...]
              <MetadataToken>100663429</MetadataToken>
              <Name>System.Void TechnicalEvaluation.Infrastructure.Repositories.CareerRepository/&lt;GetAllCareersAsync&gt;d__2::MoveNext()</Name>
              <FileRef uid="21" />
              <SequencePoints>
                <SequencePoint vc="3" uspid="23339" ordinal="0" offset="14" sl="32" sc="9" el="32" ec="9" bec="0" bev="0" fileid="21" />
                <SequencePoint vc="3" uspid="23340" ordinal="0" offset="15" sl="33" sc="13" el="33" ec="13" bec="0" bev="0" fileid="21" />
                <SequencePoint vc="3" uspid="23341" ordinal="0" offset="34" sl="35" sc="13" el="35" ec="13" bec="0" bev="0" fileid="21" />
                <SequencePoint vc="3" uspid="23342" ordinal="0" offset="35" sl="36" sc="17" el="36" ec="17" bec="0" bev="0" fileid="21" />
                <SequencePoint vc="1" uspid="23343" ordinal="0" offset="75" sl="36" sc="17" el="36" ec="17" bec="0" bev="0" fileid="21" />
                <SequencePoint vc="1" uspid="23344" ordinal="0" offset="105" sl="36" sc="17" el="36" ec="17" bec="0" bev="0" fileid="21" />
                <SequencePoint vc="3" uspid="23345" ordinal="0" offset="165" sl="37" sc="17" el="37" ec="17" bec="0" bev="0" fileid="21" />
                <SequencePoint vc="3" uspid="23346" ordinal="0" offset="166" sl="37" sc="43" el="37" ec="43" bec="0" bev="0" fileid="21" />
                <SequencePoint vc="4" uspid="23347" ordinal="0" offset="185" sl="37" sc="26" el="37" ec="26" bec="0" bev="0" fileid="21" />
                <SequencePoint vc="4" uspid="23348" ordinal="0" offset="202" sl="38" sc="17" el="38" ec="17" bec="0" bev="0" fileid="21" />
                <SequencePoint vc="4" uspid="23349" ordinal="0" offset="203" sl="39" sc="21" el="39" ec="21" bec="0" bev="0" fileid="21" />
                <SequencePoint vc="4" uspid="23350" ordinal="0" offset="226" sl="40" sc="17" el="40" ec="17" bec="0" bev="0" fileid="21" />
                <SequencePoint vc="7" uspid="23351" ordinal="0" offset="234" sl="37" sc="40" el="37" ec="40" bec="0" bev="0" fileid="21" />
                <SequencePoint vc="3" uspid="23352" ordinal="0" offset="281" sl="41" sc="13" el="41" ec="13" bec="0" bev="0" fileid="21" />
                <SequencePoint vc="0" uspid="23353" ordinal="0" offset="291" sl="42" sc="13" el="42" ec="13" bec="0" bev="0" fileid="21" />
                <SequencePoint vc="0" uspid="23354" ordinal="0" offset="301" sl="43" sc="13" el="43" ec="13" bec="0" bev="0" fileid="21" />
                <SequencePoint vc="0" uspid="23355" ordinal="0" offset="302" sl="44" sc="17" el="44" ec="17" bec="0" bev="0" fileid="21" />
                <SequencePoint vc="0" uspid="23356" ordinal="0" offset="319" sl="45" sc="13" el="45" ec="13" bec="0" bev="0" fileid="21" />
                <SequencePoint vc="3" uspid="23357" ordinal="0" offset="322" sl="46" sc="13" el="46" ec="13" bec="0" bev="0" fileid="21" />
                <SequencePoint vc="3" uspid="23358" ordinal="0" offset="364" sl="47" sc="9" el="47" ec="9" bec="0" bev="0" fileid="21" />
              </SequencePoints>
              <BranchPoints />
            </Method>
          </Methods>
        </Class>
        <Class>
          <Summary numSequencePoints="14" visitedSequencePoints="14" numBranchPoints="0" visitedBranchPoints="0" sequenceCoverage="100.0" branchCoverage="0.0" maxCyclomaticComplexity="0" minCyclomaticComplexity="0" maxCrapScore="0" minCrapScore="0" visitedClasses="1" numClasses="1" visitedMethods="1" numMethods="1" />
          <FullName>TechnicalEvaluation.Infrastructure.Repositories.CareerRepository/&lt;GetByIdAsync&gt;d__3</FullName>
          <Methods>
            <Method visited="true" cyclomaticComplexity="0" nPathComplexity="0" sequenceCoverage="100.0" branchCoverage="0" crapScore="0" isConstructor="false" isStatic="false" isGetter="false" isSetter="false">
              <Summary numSequencePoints="14" visitedSequencePoints="14" numBranchPoints="0" visitedBranchPoints="0" sequenceCoverage="100.0" branchCoverage="0" maxCyclomaticComplexity="0" minCyclomaticComplexity="0" maxCrapScore="0" minCrapScore="0" visitedClasses="0" numClasses="0" visitedMethods="1" numMethods="1" />
              <MetadataToken>100663432</MetadataToken>
              <Name>System.Void TechnicalEvaluation.Infrastructure.Repositories.CareerRepository/&lt;GetByIdAsync&gt;d__3::MoveNext()</Name>
              <FileRef uid="21" />
              <SequencePoints>
                <SequencePoint vc="4" uspid="23359" ordinal="0" offset="14" sl="55" sc="9" el="55" ec="9" bec="0" bev="0" fileid="21" />
                <SequencePoint vc="4" uspid="23360" ordinal="0" offset="15" sl="56" sc="13" el="56" ec="13" bec="0" bev="0" fileid="21" />
                <SequencePoint vc="4" uspid="23361" ordinal="0" offset="30" sl="58" sc="13" el="58" ec="13" bec="0" bev="0" fileid="21" />
                <SequencePoint vc="4" uspid="23362" ordinal="0" offset="31" sl="59" sc="17" el="59" ec="17" bec="0" bev="0" fileid="21" />
                <SequencePoint vc="1" uspid="23363" ordinal="0" offset="82" sl="59" sc="17" el="59" ec="17" bec="0" bev="0" fileid="21" />
                <SequencePoint vc="1" uspid="23364" ordinal="0" offset="112" sl="59" sc="17" el="59" ec="17" bec="0" bev="0" fileid="21" />
                <SequencePoint vc="3" uspid="23365" ordinal="0" offset="172" sl="60" sc="17" el="60" ec="17" bec="0" bev="0" fileid="21" />
                <SequencePoint vc="3" uspid="23366" ordinal="0" offset="201" sl="61" sc="13" el="61" ec="13" bec="0" bev="0" fileid="21" />
                <SequencePoint vc="1" uspid="23367" ordinal="0" offset="211" sl="62" sc="13" el="62" ec="13" bec="0" bev="0" fileid="21" />
                <SequencePoint vc="1" uspid="23368" ordinal="0" offset="221" sl="63" sc="13" el="63" ec="13" bec="0" bev="0" fileid="21" />
                <SequencePoint vc="1" uspid="23369" ordinal="0" offset="222" sl="64" sc="17" el="64" ec="17" bec="0" bev="0" fileid="21" />
                <SequencePoint vc="1" uspid="23370" ordinal="0" offset="239" sl="65" sc="13" el="65" ec="13" bec="0" bev="0" fileid="21" />
                <SequencePoint vc="4" uspid="23371" ordinal="0" offset="242" sl="66" sc="13" el="66" ec="13" bec="0" bev="0" fileid="21" />
                <SequencePoint vc="4" uspid="23372" ordinal="0" offset="284" sl="67" sc="9" el="67" ec="9" bec="0" bev="0" fileid="21" />
              </SequencePoints>
              <BranchPoints />
            </Method>
          </Methods>
        </Class>
        <Class>
          <Summary numSequencePoints="21" visitedSequencePoints="17" numBranchPoints="0" visitedBranchPoints="0" sequenceCoverage="80.95" branchCoverage="0.0" maxCyclomaticComplexity="0" minCyclomaticComplexity="0" maxCrapScore="0" minCrapScore="0" visitedClasses="1" numClasses="1" visitedMethods="1" numMethods="1" />
          <FullName>TechnicalEvaluation.Infrastructure.Repositories.CareerRepository/&lt;SearchCareersByName&gt;d__4</FullName>
          <Methods>
            <Method visited="true" cyclomaticComplexity="0" nPathComplexity="0" sequenceCoverage="80.95" branchCoverage="0" crapScore="0" isConstructor="false" isStatic="false" isGetter="false" isSetter="false">
              <Summary numSequencePoints="21" visitedSequencePoints="17" numBranchPoints="0" visitedBranchPoints="0" sequenceCoverage="80.95" branchCoverage="0" maxCyclomaticComplexity="0" minCyclomaticComplexity="0" maxCrapScore="0" minCrapScore="0" visitedClasses="0" numClasses="0" visitedMethods="1" numMethods="1" />
              <MetadataToken>100663435</MetadataToken>
              <Name>System.Void TechnicalEvaluation.Infrastructure.Repositories.CareerRepository/&lt;SearchCareersByName&gt;d__4::MoveNext()</Name>
              <FileRef uid="21" />
              <SequencePoints>
                <SequencePoint vc="4" uspid="23373" ordinal="0" offset="14" sl="75" sc="9" el="75" ec="9" bec="0" bev="0" fileid="21" />
                <SequencePoint vc="4" uspid="23374" ordinal="0" offset="15" sl="76" sc="13" el="76" ec="13" bec="0" bev="0" fileid="21" />
                <SequencePoint vc="4" uspid="23375" ordinal="0" offset="34" sl="78" sc="13" el="78" ec="13" bec="0" bev="0" fileid="21" />
                <SequencePoint vc="4" uspid="23376" ordinal="0" offset="35" sl="79" sc="17" el="79" ec="17" bec="0" bev="0" fileid="21" />
                <SequencePoint vc="1" uspid="23377" ordinal="0" offset="86" sl="79" sc="17" el="79" ec="17" bec="0" bev="0" fileid="21" />
                <SequencePoint vc="1" uspid="23378" ordinal="0" offset="116" sl="79" sc="17" el="79" ec="17" bec="0" bev="0" fileid="21" />
                <SequencePoint vc="4" uspid="23379" ordinal="0" offset="176" sl="80" sc="17" el="80" ec="17" bec="0" bev="0" fileid="21" />
                <SequencePoint vc="4" uspid="23380" ordinal="0" offset="200" sl="81" sc="17" el="81" ec="17" bec="0" bev="0" fileid="21" />
                <SequencePoint vc="4" uspid="23381" ordinal="0" offset="201" sl="81" sc="43" el="81" ec="43" bec="0" bev="0" fileid="21" />
                <SequencePoint vc="3" uspid="23382" ordinal="0" offset="233" sl="81" sc="26" el="81" ec="26" bec="0" bev="0" fileid="21" />
                <SequencePoint vc="3" uspid="23383" ordinal="0" offset="250" sl="82" sc="17" el="82" ec="17" bec="0" bev="0" fileid="21" />
                <SequencePoint vc="3" uspid="23384" ordinal="0" offset="251" sl="83" sc="21" el="83" ec="21" bec="0" bev="0" fileid="21" />
                <SequencePoint vc="3" uspid="23385" ordinal="0" offset="274" sl="84" sc="17" el="84" ec="17" bec="0" bev="0" fileid="21" />
                <SequencePoint vc="7" uspid="23386" ordinal="0" offset="282" sl="81" sc="40" el="81" ec="40" bec="0" bev="0" fileid="21" />
                <SequencePoint vc="4" uspid="23387" ordinal="0" offset="329" sl="85" sc="13" el="85" ec="13" bec="0" bev="0" fileid="21" />
                <SequencePoint vc="0" uspid="23388" ordinal="0" offset="346" sl="86" sc="13" el="86" ec="13" bec="0" bev="0" fileid="21" />
                <SequencePoint vc="0" uspid="23389" ordinal="0" offset="356" sl="87" sc="13" el="87" ec="13" bec="0" bev="0" fileid="21" />
                <SequencePoint vc="0" uspid="23390" ordinal="0" offset="357" sl="88" sc="17" el="88" ec="17" bec="0" bev="0" fileid="21" />
                <SequencePoint vc="0" uspid="23391" ordinal="0" offset="374" sl="89" sc="13" el="89" ec="13" bec="0" bev="0" fileid="21" />
                <SequencePoint vc="4" uspid="23392" ordinal="0" offset="377" sl="90" sc="13" el="90" ec="13" bec="0" bev="0" fileid="21" />
                <SequencePoint vc="4" uspid="23393" ordinal="0" offset="419" sl="91" sc="9" el="91" ec="9" bec="0" bev="0" fileid="21" />
              </SequencePoints>
              <BranchPoints />
            </Method>
          </Methods>
        </Class>
      </Classes>
    </Module>
    <Module>
      <Summary numSequencePoints="22" visitedSequencePoints="0" numBranchPoints="0" visitedBranchPoints="0" sequenceCoverage="0.0" branchCoverage="0.0" maxCyclomaticComplexity="0" minCyclomaticComplexity="0" maxCrapScore="0" minCrapScore="0" visitedClasses="0" numClasses="1" visitedMethods="0" numMethods="2" />
      <ModuleTime>0001-01-01T00:00:00</ModuleTime>
      <ModuleName>Presentation.Unity</ModuleName>
      <Files>
        <File uid="22" fullPath="C:/Users/daper/source/repos/ci0126_et01_c15906-daniel_c11993-jean_paul/Frontend/Assets/Scripts/src/Presentation.Unity/Installers/LayerInstallers.cs" />
        <File uid="23" fullPath="C:/Users/daper/source/repos/ci0126_et01_c15906-daniel_c11993-jean_paul/Frontend/Assets/Scripts/src/Presentation.Unity/Installers/PreLayerInstaller.cs" />
        <File uid="24" fullPath="C:/Users/daper/source/repos/ci0126_et01_c15906-daniel_c11993-jean_paul/Frontend/Assets/Scripts/src/Presentation.Unity/Interaction/Button/BackButton.cs" />
        <File uid="25" fullPath="C:/Users/daper/source/repos/ci0126_et01_c15906-daniel_c11993-jean_paul/Frontend/Assets/Scripts/src/Presentation.Unity/Interaction/Button/DetailsButton.cs" />
        <File uid="26" fullPath="C:/Users/daper/source/repos/ci0126_et01_c15906-daniel_c11993-jean_paul/Frontend/Assets/Scripts/src/Presentation.Unity/Interaction/Button/MainMenuButton.cs" />
        <File uid="27" fullPath="C:/Users/daper/source/repos/ci0126_et01_c15906-daniel_c11993-jean_paul/Frontend/Assets/Scripts/src/Presentation.Unity/Interaction/Button/SearchButton.cs" />
        <File uid="28" fullPath="C:/Users/daper/source/repos/ci0126_et01_c15906-daniel_c11993-jean_paul/Frontend/Assets/Scripts/src/Presentation.Unity/Managers/CareerManager.cs" />
        <File uid="29" fullPath="C:/Users/daper/source/repos/ci0126_et01_c15906-daniel_c11993-jean_paul/Frontend/Assets/Scripts/src/Presentation.Unity/UI/List/ListRowGenerator.cs" />
        <File uid="30" fullPath="C:/Users/daper/source/repos/ci0126_et01_c15906-daniel_c11993-jean_paul/Frontend/Assets/Scripts/src/Presentation.Unity/UI/List/ListRowLockZPos.cs" />
        <File uid="31" fullPath="C:/Users/daper/source/repos/ci0126_et01_c15906-daniel_c11993-jean_paul/Frontend/Assets/Scripts/src/Presentation.Unity/UI/List/ContentRow.cs" />
        <File uid="32" fullPath="C:/Users/daper/source/repos/ci0126_et01_c15906-daniel_c11993-jean_paul/Frontend/Assets/Scripts/src/Presentation.Unity/UI/List/ContentRowGenerator.cs" />
        <File uid="33" fullPath="C:/Users/daper/source/repos/ci0126_et01_c15906-daniel_c11993-jean_paul/Frontend/Assets/Scripts/src/Presentation.Unity/UI/List/ListRow.cs" />
        <File uid="34" fullPath="C:/Users/daper/source/repos/ci0126_et01_c15906-daniel_c11993-jean_paul/Frontend/Assets/Scripts/src/Presentation.Unity/Components/DontDestroyScript.cs" />
        <File uid="35" fullPath="C:/Users/daper/source/repos/ci0126_et01_c15906-daniel_c11993-jean_paul/Frontend/Assets/Scripts/src/Presentation.Unity/Components/Singleton.cs" />
        <File uid="36" fullPath="C:/Users/daper/source/repos/ci0126_et01_c15906-daniel_c11993-jean_paul/Frontend/Assets/Scripts/src/Presentation.Unity/Managers/UIManager.cs" />
        <File uid="37" fullPath="C:/Users/daper/source/repos/ci0126_et01_c15906-daniel_c11993-jean_paul/Frontend/Assets/Scripts/src/Presentation.Unity/Presenters/UICareerSearchPresenter.cs" />
        <File uid="38" fullPath="C:/Users/daper/source/repos/ci0126_et01_c15906-daniel_c11993-jean_paul/Frontend/Assets/Scripts/src/Presentation.Unity/Presenters/UISpecificCareerPresenter.cs" />
      </Files>
      <Classes>
        <Class>
          <Summary numSequencePoints="22" visitedSequencePoints="0" numBranchPoints="0" visitedBranchPoints="0" sequenceCoverage="0.0" branchCoverage="0.0" maxCyclomaticComplexity="0" minCyclomaticComplexity="0" maxCrapScore="0" minCrapScore="0" visitedClasses="0" numClasses="1" visitedMethods="0" numMethods="2" />
          <FullName>TechnicalEvaluation.Presentation.Unity.Singleton[T]</FullName>
          <Methods>
            <Method visited="false" cyclomaticComplexity="0" nPathComplexity="0" sequenceCoverage="0.0" branchCoverage="0" crapScore="0" isConstructor="false" isStatic="true" isGetter="true" isSetter="false">
              <Summary numSequencePoints="12" visitedSequencePoints="0" numBranchPoints="0" visitedBranchPoints="0" sequenceCoverage="0.0" branchCoverage="0" maxCyclomaticComplexity="0" minCyclomaticComplexity="0" maxCrapScore="0" minCrapScore="0" visitedClasses="0" numClasses="0" visitedMethods="0" numMethods="1" />
              <MetadataToken>100663337</MetadataToken>
              <Name>static T TechnicalEvaluation.Presentation.Unity.Singleton[T]::get_Instance()</Name>
              <FileRef uid="35" />
              <SequencePoints>
                <SequencePoint vc="0" uspid="23538" ordinal="0" offset="0" sl="12" sc="0" el="12" ec="0" bec="0" bev="0" fileid="35" />
                <SequencePoint vc="0" uspid="23539" ordinal="0" offset="1" sl="13" sc="0" el="13" ec="0" bec="0" bev="0" fileid="35" />
                <SequencePoint vc="0" uspid="23540" ordinal="0" offset="21" sl="14" sc="0" el="14" ec="0" bec="0" bev="0" fileid="35" />
                <SequencePoint vc="0" uspid="23541" ordinal="0" offset="22" sl="15" sc="0" el="15" ec="0" bec="0" bev="0" fileid="35" />
                <SequencePoint vc="0" uspid="23542" ordinal="0" offset="32" sl="17" sc="0" el="17" ec="0" bec="0" bev="0" fileid="35" />
                <SequencePoint vc="0" uspid="23543" ordinal="0" offset="52" sl="18" sc="0" el="18" ec="0" bec="0" bev="0" fileid="35" />
                <SequencePoint vc="0" uspid="23544" ordinal="0" offset="53" sl="19" sc="0" el="19" ec="0" bec="0" bev="0" fileid="35" />
                <SequencePoint vc="0" uspid="23545" ordinal="0" offset="74" sl="20" sc="0" el="20" ec="0" bec="0" bev="0" fileid="35" />
                <SequencePoint vc="0" uspid="23546" ordinal="0" offset="85" sl="21" sc="0" el="21" ec="0" bec="0" bev="0" fileid="35" />
                <SequencePoint vc="0" uspid="23547" ordinal="0" offset="86" sl="22" sc="0" el="22" ec="0" bec="0" bev="0" fileid="35" />
                <SequencePoint vc="0" uspid="23548" ordinal="0" offset="87" sl="24" sc="0" el="24" ec="0" bec="0" bev="0" fileid="35" />
                <SequencePoint vc="0" uspid="23549" ordinal="0" offset="95" sl="25" sc="0" el="25" ec="0" bec="0" bev="0" fileid="35" />
              </SequencePoints>
              <BranchPoints />
            </Method>
            <Method visited="false" cyclomaticComplexity="0" nPathComplexity="0" sequenceCoverage="0.0" branchCoverage="0" crapScore="0" isConstructor="false" isStatic="false" isGetter="false" isSetter="false">
              <Summary numSequencePoints="10" visitedSequencePoints="0" numBranchPoints="0" visitedBranchPoints="0" sequenceCoverage="0.0" branchCoverage="0" maxCyclomaticComplexity="0" minCyclomaticComplexity="0" maxCrapScore="0" minCrapScore="0" visitedClasses="0" numClasses="0" visitedMethods="0" numMethods="1" />
              <MetadataToken>100663338</MetadataToken>
              <Name>System.Void TechnicalEvaluation.Presentation.Unity.Singleton[T]::Awake()</Name>
              <FileRef uid="35" />
              <SequencePoints>
                <SequencePoint vc="0" uspid="23550" ordinal="0" offset="0" sl="29" sc="0" el="29" ec="0" bec="0" bev="0" fileid="35" />
                <SequencePoint vc="0" uspid="23551" ordinal="0" offset="1" sl="30" sc="0" el="30" ec="0" bec="0" bev="0" fileid="35" />
                <SequencePoint vc="0" uspid="23552" ordinal="0" offset="21" sl="31" sc="0" el="31" ec="0" bec="0" bev="0" fileid="35" />
                <SequencePoint vc="0" uspid="23553" ordinal="0" offset="22" sl="32" sc="0" el="32" ec="0" bec="0" bev="0" fileid="35" />
                <SequencePoint vc="0" uspid="23554" ordinal="0" offset="38" sl="33" sc="0" el="33" ec="0" bec="0" bev="0" fileid="35" />
                <SequencePoint vc="0" uspid="23555" ordinal="0" offset="50" sl="34" sc="0" el="34" ec="0" bec="0" bev="0" fileid="35" />
                <SequencePoint vc="0" uspid="23556" ordinal="0" offset="53" sl="36" sc="0" el="36" ec="0" bec="0" bev="0" fileid="35" />
                <SequencePoint vc="0" uspid="23557" ordinal="0" offset="54" sl="37" sc="0" el="37" ec="0" bec="0" bev="0" fileid="35" />
                <SequencePoint vc="0" uspid="23558" ordinal="0" offset="66" sl="38" sc="0" el="38" ec="0" bec="0" bev="0" fileid="35" />
                <SequencePoint vc="0" uspid="23559" ordinal="0" offset="67" sl="39" sc="0" el="39" ec="0" bec="0" bev="0" fileid="35" />
              </SequencePoints>
              <BranchPoints />
            </Method>
          </Methods>
        </Class>
      </Classes>
    </Module>
  </Modules>
</CoverageSession>